#
# There is insufficient memory for the Java Runtime Environment to continue.
# Native memory allocation (mmap) failed to map 360710144 bytes for Failed to commit area from 0x0000001041000000 to 0x0000001056800000 of length 360710144.
# Possible reasons:
#   The system is out of physical RAM or swap space
#   The process is running with CompressedOops enabled, and the Java Heap may be blocking the growth of the native heap
# Possible solutions:
#   Reduce memory load on the system
#   Increase physical memory or swap space
#   Check if swap backing store is full
#   Decrease Java heap size (-Xmx/-Xms)
#   Decrease number of Java threads
#   Decrease Java thread stack sizes (-Xss)
#   Set larger code cache with -XX:ReservedCodeCacheSize=
# This output file may be truncated or incomplete.
#
#  Out of Memory Error (t:/workspace/open/src/hotspot/os/windows/os_windows.cpp:3271), pid=20104, tid=24860
#
# JRE version: Java(TM) SE Runtime Environment (11.0.6+8) (build 11.0.6+8-LTS)
# Java VM: Java HotSpot(TM) 64-Bit Server VM (11.0.6+8-LTS, mixed mode, tiered, compressed oops, g1 gc, windows-amd64)
# No core dump will be written. Minidumps are not enabled by default on client versions of Windows
#

---------------  S U M M A R Y ------------

Command Line: -Xmx20480m -XX:TieredStopAtLevel=1 -Xverify:none -Dspring.output.ansi.enabled=always -Dcom.sun.management.jmxremote -Dspring.jmx.enabled=true -Dspring.liveBeansView.mbeanDomain -Dspring.application.admin.enabled=true -Dmanagement.endpoints.jmx.exposure.include=* -javaagent:C:\Program Files\JetBrains\IntelliJ IDEA 2023.1.2\lib\idea_rt.jar=49754:C:\Program Files\JetBrains\IntelliJ IDEA 2023.1.2\bin -Dfile.encoding=UTF-8 org.example.HpdEpcApplication

Host: AMD Ryzen 5 3600X 6-Core Processor             , 12 cores, 31G,  Windows 10 , 64 bit Build 19041 (10.0.19041.4842)
Time: Thu Oct 10 22:45:24 2024 中国标准时间 elapsed time: 37 seconds (0d 0h 0m 37s)

---------------  T H R E A D  ---------------

Current thread (0x000001d1fd5b7000):  VMThread "VM Thread" [stack: 0x00000005c0500000,0x00000005c0600000] [id=24860]

Stack: [0x00000005c0500000,0x00000005c0600000]
[error occurred during error reporting (printing stack bounds), id 0xc0000005, EXCEPTION_ACCESS_VIOLATION (0xc0000005) at pc=0x000001d1baa30bad]

Native frames: (J=compiled Java code, j=interpreted, Vv=VM code, C=native code)
V  [jvm.dll+0x63679a]
V  [jvm.dll+0x7755bf]
V  [jvm.dll+0x776c65]
V  [jvm.dll+0x777235]
V  [jvm.dll+0x7771eb]
V  [jvm.dll+0x635e96]
V  [jvm.dll+0x636268]
C  [ntdll.dll+0xa292f]
C  [ntdll.dll+0x52554]
C  [ntdll.dll+0xa143e]
C  0x000001d1baa30bad

VM_Operation (0x00000005c40fa960): G1CollectForAllocation, mode: safepoint, requested by thread 0x000001d181bc2800


---------------  P R O C E S S  ---------------

Threads class SMR info:
_java_thread_list=0x000001d181b11430, length=58, elements={
0x000001d1fd5b9800, 0x000001d1fd5be000, 0x000001d1fd657000, 0x000001d1fd65a000,
0x000001d1fd65d000, 0x000001d1fd65e000, 0x000001d1fd5aa800, 0x000001d1fdd22000,
0x000001d1fdd38800, 0x000001d1fde9b800, 0x000001d1fef66800, 0x000001d1fef99000,
0x000001d1ff5ee000, 0x000001d1ff5ef800, 0x000001d1ff5f1800, 0x000001d1ff60b000,
0x000001d1ff82c000, 0x000001d1ff8eb000, 0x000001d1ff8ed000, 0x000001d1ff8e8000,
0x000001d1ff8ed800, 0x000001d1ff8e9800, 0x000001d1ff8ee800, 0x000001d1ff8ec000,
0x000001d1ff8e8800, 0x000001d1ff2c9000, 0x000001d1ff2c9800, 0x000001d1ff2cb800,
0x000001d1ff2c6800, 0x000001d1ff2ca800, 0x000001d1ff2cc000, 0x000001d1ff2cd000,
0x000001d1ff2c7000, 0x000001d1ff2c8000, 0x000001d1ff2d0000, 0x000001d1ff2d1000,
0x000001d1ff2cd800, 0x000001d1ff2ce800, 0x000001d1ff2d2000, 0x000001d1ff2d2800,
0x000001d1ff2cf800, 0x000001d1ff2d3800, 0x000001d1ff2d4800, 0x000001d1ff2d5000,
0x000001d181bc2800, 0x000001d181bc2000, 0x000001d181bc3800, 0x000001d181bc4800,
0x000001d181bc5000, 0x000001d181bc1000, 0x000001d181bc6000, 0x000001d181bc0800,
0x000001d181bc7800, 0x000001d181bcb000, 0x000001d181bc9800, 0x000001d181bc8800,
0x000001d181bca000, 0x000001d181bcb800
}

Java Threads: ( => current thread )
  0x000001d1fd5b9800 JavaThread "Reference Handler" daemon [_thread_blocked, id=26244, stack(0x00000005c0600000,0x00000005c0700000)]
  0x000001d1fd5be000 JavaThread "Finalizer" daemon [_thread_blocked, id=21292, stack(0x00000005c0700000,0x00000005c0800000)]
  0x000001d1fd657000 JavaThread "Signal Dispatcher" daemon [_thread_blocked, id=3764, stack(0x00000005c0800000,0x00000005c0900000)]
  0x000001d1fd65a000 JavaThread "Attach Listener" daemon [_thread_blocked, id=12292, stack(0x00000005c0900000,0x00000005c0a00000)]
  0x000001d1fd65d000 JavaThread "C1 CompilerThread0" daemon [_thread_blocked, id=12052, stack(0x00000005c0a00000,0x00000005c0b00000)]
  0x000001d1fd65e000 JavaThread "Sweeper thread" daemon [_thread_blocked, id=25944, stack(0x00000005c0b00000,0x00000005c0c00000)]
  0x000001d1fd5aa800 JavaThread "Common-Cleaner" daemon [_thread_blocked, id=26104, stack(0x00000005c0c00000,0x00000005c0d00000)]
  0x000001d1fdd22000 JavaThread "Monitor Ctrl-Break" daemon [_thread_in_native, id=22688, stack(0x00000005c0d00000,0x00000005c0e00000)]
  0x000001d1fdd38800 JavaThread "Service Thread" daemon [_thread_blocked, id=4156, stack(0x00000005c0e00000,0x00000005c0f00000)]
  0x000001d1fde9b800 JavaThread "RMI TCP Accept-0" daemon [_thread_in_native, id=19040, stack(0x00000005c0f00000,0x00000005c1000000)]
  0x000001d1fef66800 JavaThread "RMI TCP Connection(idle)" daemon [_thread_blocked, id=2472, stack(0x00000005c1d00000,0x00000005c1e00000)]
  0x000001d1fef99000 JavaThread "RMI Scheduler(0)" daemon [_thread_blocked, id=19064, stack(0x00000005c1e00000,0x00000005c1f00000)]
  0x000001d1ff5ee000 JavaThread "Catalina-utility-1" [_thread_blocked, id=20532, stack(0x00000005c1a00000,0x00000005c1b00000)]
  0x000001d1ff5ef800 JavaThread "Catalina-utility-2" [_thread_blocked, id=17516, stack(0x00000005c1f00000,0x00000005c2000000)]
  0x000001d1ff5f1800 JavaThread "container-0" [_thread_blocked, id=20424, stack(0x00000005c2000000,0x00000005c2100000)]
  0x000001d1ff60b000 JavaThread "mysql-cj-abandoned-connection-cleanup" daemon [_thread_blocked, id=17788, stack(0x00000005c2100000,0x00000005c2200000)]
  0x000001d1ff82c000 JavaThread "mysql housekeeper" daemon [_thread_blocked, id=13756, stack(0x00000005c2300000,0x00000005c2400000)]
  0x000001d1ff8eb000 JavaThread "pool-2-thread-1" [_thread_in_native, id=20696, stack(0x00000005c2500000,0x00000005c2600000)]
  0x000001d1ff8ed000 JavaThread "I/O dispatcher 1" [_thread_in_native, id=25056, stack(0x00000005c2600000,0x00000005c2700000)]
  0x000001d1ff8e8000 JavaThread "I/O dispatcher 2" [_thread_in_native, id=20164, stack(0x00000005c2700000,0x00000005c2800000)]
  0x000001d1ff8ed800 JavaThread "I/O dispatcher 3" [_thread_in_native, id=2312, stack(0x00000005c2800000,0x00000005c2900000)]
  0x000001d1ff8e9800 JavaThread "I/O dispatcher 4" [_thread_in_native, id=3728, stack(0x00000005c2900000,0x00000005c2a00000)]
  0x000001d1ff8ee800 JavaThread "I/O dispatcher 5" [_thread_in_native, id=11908, stack(0x00000005c2a00000,0x00000005c2b00000)]
  0x000001d1ff8ec000 JavaThread "I/O dispatcher 6" [_thread_in_native, id=26368, stack(0x00000005c2b00000,0x00000005c2c00000)]
  0x000001d1ff8e8800 JavaThread "I/O dispatcher 7" [_thread_in_native, id=6408, stack(0x00000005c2c00000,0x00000005c2d00000)]
  0x000001d1ff2c9000 JavaThread "I/O dispatcher 8" [_thread_in_native, id=1980, stack(0x00000005c2d00000,0x00000005c2e00000)]
  0x000001d1ff2c9800 JavaThread "I/O dispatcher 9" [_thread_in_native, id=10148, stack(0x00000005c2e00000,0x00000005c2f00000)]
  0x000001d1ff2cb800 JavaThread "I/O dispatcher 10" [_thread_in_native, id=14812, stack(0x00000005c2f00000,0x00000005c3000000)]
  0x000001d1ff2c6800 JavaThread "I/O dispatcher 11" [_thread_in_native, id=26516, stack(0x00000005c3000000,0x00000005c3100000)]
  0x000001d1ff2ca800 JavaThread "I/O dispatcher 12" [_thread_in_native, id=13608, stack(0x00000005c3100000,0x00000005c3200000)]
  0x000001d1ff2cc000 JavaThread "pool-3-thread-1" [_thread_in_native, id=19776, stack(0x00000005c3200000,0x00000005c3300000)]
  0x000001d1ff2cd000 JavaThread "I/O dispatcher 13" [_thread_in_native, id=13400, stack(0x00000005c3300000,0x00000005c3400000)]
  0x000001d1ff2c7000 JavaThread "I/O dispatcher 14" [_thread_in_native, id=9828, stack(0x00000005c3400000,0x00000005c3500000)]
  0x000001d1ff2c8000 JavaThread "I/O dispatcher 15" [_thread_in_native, id=22636, stack(0x00000005c3500000,0x00000005c3600000)]
  0x000001d1ff2d0000 JavaThread "I/O dispatcher 16" [_thread_in_native, id=16316, stack(0x00000005c3600000,0x00000005c3700000)]
  0x000001d1ff2d1000 JavaThread "I/O dispatcher 17" [_thread_in_native, id=20464, stack(0x00000005c3700000,0x00000005c3800000)]
  0x000001d1ff2cd800 JavaThread "I/O dispatcher 18" [_thread_in_native, id=22008, stack(0x00000005c3800000,0x00000005c3900000)]
  0x000001d1ff2ce800 JavaThread "I/O dispatcher 19" [_thread_in_native, id=13816, stack(0x00000005c3900000,0x00000005c3a00000)]
  0x000001d1ff2d2000 JavaThread "I/O dispatcher 20" [_thread_in_native, id=3104, stack(0x00000005c3a00000,0x00000005c3b00000)]
  0x000001d1ff2d2800 JavaThread "I/O dispatcher 21" [_thread_in_native, id=26076, stack(0x00000005c3b00000,0x00000005c3c00000)]
  0x000001d1ff2cf800 JavaThread "I/O dispatcher 22" [_thread_in_native, id=2580, stack(0x00000005c3c00000,0x00000005c3d00000)]
  0x000001d1ff2d3800 JavaThread "I/O dispatcher 23" [_thread_in_native, id=25460, stack(0x00000005c3d00000,0x00000005c3e00000)]
  0x000001d1ff2d4800 JavaThread "I/O dispatcher 24" [_thread_in_native, id=22056, stack(0x00000005c3e00000,0x00000005c3f00000)]
  0x000001d1ff2d5000 JavaThread "http-nio-8088-exec-1" daemon [_thread_blocked, id=1200, stack(0x00000005c3f00000,0x00000005c4000000)]
  0x000001d181bc2800 JavaThread "http-nio-8088-exec-2" daemon [_thread_blocked, id=9580, stack(0x00000005c4000000,0x00000005c4100000)]
  0x000001d181bc2000 JavaThread "http-nio-8088-exec-3" daemon [_thread_blocked, id=12524, stack(0x00000005c4100000,0x00000005c4200000)]
  0x000001d181bc3800 JavaThread "http-nio-8088-exec-4" daemon [_thread_blocked, id=10272, stack(0x00000005c4200000,0x00000005c4300000)]
  0x000001d181bc4800 JavaThread "http-nio-8088-exec-5" daemon [_thread_blocked, id=6456, stack(0x00000005c4300000,0x00000005c4400000)]
  0x000001d181bc5000 JavaThread "http-nio-8088-exec-6" daemon [_thread_blocked, id=21028, stack(0x00000005c4400000,0x00000005c4500000)]
  0x000001d181bc1000 JavaThread "http-nio-8088-exec-7" daemon [_thread_blocked, id=18152, stack(0x00000005c4500000,0x00000005c4600000)]
  0x000001d181bc6000 JavaThread "http-nio-8088-exec-8" daemon [_thread_blocked, id=14324, stack(0x00000005c4600000,0x00000005c4700000)]
  0x000001d181bc0800 JavaThread "http-nio-8088-exec-9" daemon [_thread_blocked, id=12840, stack(0x00000005c4700000,0x00000005c4800000)]
  0x000001d181bc7800 JavaThread "http-nio-8088-exec-10" daemon [_thread_blocked, id=18088, stack(0x00000005c4800000,0x00000005c4900000)]
  0x000001d181bcb000 JavaThread "http-nio-8088-Poller" daemon [_thread_in_native, id=17752, stack(0x00000005c4900000,0x00000005c4a00000)]
  0x000001d181bc9800 JavaThread "http-nio-8088-Acceptor" daemon [_thread_in_native, id=4872, stack(0x00000005c4a00000,0x00000005c4b00000)]
  0x000001d181bc8800 JavaThread "DestroyJavaVM" [_thread_blocked, id=3276, stack(0x00000005bff00000,0x00000005c0000000)]
  0x000001d181bca000 JavaThread "RMI TCP Connection(idle)" daemon [_thread_blocked, id=26456, stack(0x00000005c4b00000,0x00000005c4c00000)]
  0x000001d181bcb800 JavaThread "RMI TCP Connection(idle)" daemon [_thread_blocked, id=19516, stack(0x00000005c4c00000,0x00000005c4d00000)]

Other Threads:
=>0x000001d1fd5b7000 VMThread "VM Thread" [stack: 0x00000005c0500000,0x00000005c0600000] [id=24860]
  0x000001d1fde9f800 WatcherThread [stack: 0x00000005c1000000,0x00000005c1100000] [id=13408]
  0x000001d1b0f05800 GCTaskThread "GC Thread#0" [stack: 0x00000005c0000000,0x00000005c0100000] [id=17796]
  0x000001d1fea78000 GCTaskThread "GC Thread#1" [stack: 0x00000005c1100000,0x00000005c1200000] [id=1076]
  0x000001d1fea79000 GCTaskThread "GC Thread#2" [stack: 0x00000005c1200000,0x00000005c1300000] [id=15664]
  0x000001d1fea79800 GCTaskThread "GC Thread#3" [stack: 0x00000005c1300000,0x00000005c1400000] [id=9624]
  0x000001d1fea7a800 GCTaskThread "GC Thread#4" [stack: 0x00000005c1400000,0x00000005c1500000] [id=26280]
  0x000001d1fea7b000 GCTaskThread "GC Thread#5" [stack: 0x00000005c1500000,0x00000005c1600000] [id=18612]
  0x000001d1fea84000 GCTaskThread "GC Thread#6" [stack: 0x00000005c1600000,0x00000005c1700000] [id=10604]
  0x000001d1fea8d000 GCTaskThread "GC Thread#7" [stack: 0x00000005c1700000,0x00000005c1800000] [id=20848]
  0x000001d1fea8d800 GCTaskThread "GC Thread#8" [stack: 0x00000005c1800000,0x00000005c1900000] [id=17984]
  0x000001d1fea92800 GCTaskThread "GC Thread#9" [stack: 0x00000005c1900000,0x00000005c1a00000] [id=12732]
  0x000001d1b0f4b800 ConcurrentGCThread "G1 Main Marker" [stack: 0x00000005c0100000,0x00000005c0200000] [id=26060]
  0x000001d1b0f4d800 ConcurrentGCThread "G1 Conc#0" [stack: 0x00000005c0200000,0x00000005c0300000] [id=16764]
  0x000001d1fedff000 ConcurrentGCThread "G1 Conc#1" [stack: 0x00000005c1b00000,0x00000005c1c00000] [id=21984]
  0x000001d1feda9800 ConcurrentGCThread "G1 Conc#2" [stack: 0x00000005c1c00000,0x00000005c1d00000] [id=23204]
  0x000001d1ca81b800 ConcurrentGCThread "G1 Refine#0" [stack: 0x00000005c0300000,0x00000005c0400000] [id=20724]
  0x000001d1fde97800 ConcurrentGCThread "G1 Refine#1" [stack: 0x00000005c4e00000,0x00000005c4f00000] [id=2052]
  0x000001d1fde99800 ConcurrentGCThread "G1 Refine#2" [stack: 0x00000005c4f00000,0x00000005c5000000] [id=22100]
  0x000001d1fde9a000 ConcurrentGCThread "G1 Refine#3" [stack: 0x00000005c5000000,0x00000005c5100000] [id=26372]
  0x000001d1feed5000 ConcurrentGCThread "G1 Refine#4" [stack: 0x00000005c5100000,0x00000005c5200000] [id=11488]
  0x000001d1feed6000 ConcurrentGCThread "G1 Refine#5" [stack: 0x00000005c5200000,0x00000005c5300000] [id=13336]
  0x000001d1ca820800 ConcurrentGCThread "G1 Young RemSet Sampling" [stack: 0x00000005c0400000,0x00000005c0500000] [id=6352]

Threads with active compile tasks:

VM state:at safepoint (normal execution)

VM Mutex/Monitor currently owned by a thread:  ([mutex/lock_event])
[0x000001d1b0eeb6e0] Threads_lock - owner thread: 0x000001d1fd5b7000
[0x000001d1b0eeab10] Heap_lock - owner thread: 0x000001d181bc2800

Heap address: 0x0000001000400000, size: 20480 MB, Compressed Oops mode: Non-zero disjoint base: 0x0000001000000000, Oop shift amount: 3
Narrow klass base: 0x0000001500400000, Narrow klass shift: 0
Compressed class space size: 1073741824 Address: 0x0000001500400000

Heap:
 garbage-first heap   total 1413120K, used 237513K [0x0000001000400000, 0x0000001500400000)
  region size 4096K, 13 young (53248K), 13 survivors (53248K)
 Metaspace       used 58548K, capacity 60484K, committed 60552K, reserved 1101824K
  class space    used 7140K, capacity 7938K, committed 7968K, reserved 1048576K
Heap Regions: E=young(eden), S=young(survivor), O=old, HS=humongous(starts), HC=humongous(continues), CS=collection set, F=free, A=archive, TAMS=top-at-mark-start (previous, next)
|   0|0x0000001000400000, 0x0000001000800000, 0x0000001000800000|100%| O|  |TAMS 0x0000001000800000, 0x0000001000400000| Untracked 
|   1|0x0000001000800000, 0x0000001000c00000, 0x0000001000c00000|100%| O|  |TAMS 0x0000001000c00000, 0x0000001000800000| Untracked 
|   2|0x0000001000c00000, 0x0000001001000000, 0x0000001001000000|100%| O|  |TAMS 0x0000001001000000, 0x0000001000c00000| Untracked 
|   3|0x0000001001000000, 0x0000001001400000, 0x0000001001400000|100%| O|  |TAMS 0x0000001001400000, 0x0000001001000000| Untracked 
|   4|0x0000001001400000, 0x0000001001800000, 0x0000001001800000|100%| O|  |TAMS 0x0000001001800000, 0x0000001001400000| Untracked 
|   5|0x0000001001800000, 0x0000001001c00000, 0x0000001001c00000|100%| O|  |TAMS 0x0000001001800000, 0x0000001001800000| Untracked 
|   6|0x0000001001c00000, 0x0000001002000000, 0x0000001002000000|100%| O|  |TAMS 0x0000001002000000, 0x0000001001c00000| Untracked 
|   7|0x0000001002000000, 0x0000001002400000, 0x0000001002400000|100%| O|  |TAMS 0x0000001002400000, 0x0000001002000000| Untracked 
|   8|0x0000001002400000, 0x0000001002800000, 0x0000001002800000|100%| O|  |TAMS 0x0000001002800000, 0x0000001002400000| Untracked 
|   9|0x0000001002800000, 0x0000001002c00000, 0x0000001002c00000|100%| O|  |TAMS 0x0000001002c00000, 0x0000001002800000| Untracked 
|  10|0x0000001002c00000, 0x0000001003000000, 0x0000001003000000|100%| O|  |TAMS 0x0000001003000000, 0x0000001002c00000| Untracked 
|  11|0x0000001003000000, 0x0000001003400000, 0x0000001003400000|100%| O|  |TAMS 0x0000001003000000, 0x0000001003000000| Untracked 
|  12|0x0000001003400000, 0x0000001003800000, 0x0000001003800000|100%| O|  |TAMS 0x0000001003400000, 0x0000001003400000| Untracked 
|  13|0x0000001003800000, 0x0000001003c00000, 0x0000001003c00000|100%| O|  |TAMS 0x0000001003800000, 0x0000001003800000| Untracked 
|  14|0x0000001003c00000, 0x0000001004000000, 0x0000001004000000|100%| O|  |TAMS 0x0000001003c00000, 0x0000001003c00000| Untracked 
|  15|0x0000001004000000, 0x0000001004400000, 0x0000001004400000|100%| O|  |TAMS 0x0000001004000000, 0x0000001004000000| Untracked 
|  16|0x0000001004400000, 0x0000001004800000, 0x0000001004800000|100%| O|  |TAMS 0x0000001004400000, 0x0000001004400000| Untracked 
|  17|0x0000001004800000, 0x0000001004c00000, 0x0000001004c00000|100%| O|  |TAMS 0x0000001004800000, 0x0000001004800000| Untracked 
|  18|0x0000001004c00000, 0x0000001005000000, 0x0000001005000000|100%| O|  |TAMS 0x0000001004c00000, 0x0000001004c00000| Untracked 
|  19|0x0000001005000000, 0x0000001005000000, 0x0000001005400000|  0%| F|  |TAMS 0x0000001005000000, 0x0000001005000000| Untracked 
|  20|0x0000001005400000, 0x0000001005400000, 0x0000001005800000|  0%| F|  |TAMS 0x0000001005400000, 0x0000001005400000| Untracked 
|  21|0x0000001005800000, 0x0000001005c00000, 0x0000001005c00000|100%| O|  |TAMS 0x0000001005800000, 0x0000001005800000| Untracked 
|  22|0x0000001005c00000, 0x0000001006000000, 0x0000001006000000|100%|HS|  |TAMS 0x0000001005c00000, 0x0000001005c00000| Complete 
|  23|0x0000001006000000, 0x0000001006400000, 0x0000001006400000|100%|HC|  |TAMS 0x0000001006000000, 0x0000001006000000| Complete 
|  24|0x0000001006400000, 0x0000001006800000, 0x0000001006800000|100%| O|  |TAMS 0x0000001006400000, 0x0000001006400000| Untracked 
|  25|0x0000001006800000, 0x0000001006c00000, 0x0000001006c00000|100%|HS|  |TAMS 0x0000001006c00000, 0x0000001006800000| Complete 
|  26|0x0000001006c00000, 0x0000001007000000, 0x0000001007000000|100%|HC|  |TAMS 0x0000001007000000, 0x0000001006c00000| Complete 
|  27|0x0000001007000000, 0x0000001007400000, 0x0000001007400000|100%|HC|  |TAMS 0x0000001007400000, 0x0000001007000000| Complete 
|  28|0x0000001007400000, 0x0000001007800000, 0x0000001007800000|100%| O|  |TAMS 0x0000001007400000, 0x0000001007400000| Untracked 
|  29|0x0000001007800000, 0x0000001007c00000, 0x0000001007c00000|100%| O|  |TAMS 0x0000001007800000, 0x0000001007800000| Untracked 
|  30|0x0000001007c00000, 0x0000001008000000, 0x0000001008000000|100%| O|  |TAMS 0x0000001007c00000, 0x0000001007c00000| Untracked 
|  31|0x0000001008000000, 0x0000001008400000, 0x0000001008400000|100%| O|  |TAMS 0x0000001008000000, 0x0000001008000000| Untracked 
|  32|0x0000001008400000, 0x0000001008800000, 0x0000001008800000|100%| O|  |TAMS 0x0000001008400000, 0x0000001008400000| Untracked 
|  33|0x0000001008800000, 0x0000001008c00000, 0x0000001008c00000|100%| O|  |TAMS 0x0000001008800000, 0x0000001008800000| Untracked 
|  34|0x0000001008c00000, 0x0000001009000000, 0x0000001009000000|100%| O|  |TAMS 0x0000001008c00000, 0x0000001008c00000| Untracked 
|  35|0x0000001009000000, 0x0000001009000000, 0x0000001009400000|  0%| F|  |TAMS 0x0000001009000000, 0x0000001009000000| Untracked 
|  36|0x0000001009400000, 0x0000001009400000, 0x0000001009800000|  0%| F|  |TAMS 0x0000001009400000, 0x0000001009400000| Untracked 
|  37|0x0000001009800000, 0x0000001009b88400, 0x0000001009c00000| 88%| O|  |TAMS 0x0000001009800000, 0x0000001009800000| Untracked 
|  38|0x0000001009c00000, 0x0000001009c00000, 0x000000100a000000|  0%| F|  |TAMS 0x0000001009c00000, 0x0000001009c00000| Untracked 
|  39|0x000000100a000000, 0x000000100a400000, 0x000000100a400000|100%| O|  |TAMS 0x000000100a400000, 0x000000100a000000| Untracked 
|  40|0x000000100a400000, 0x000000100a800000, 0x000000100a800000|100%| O|  |TAMS 0x000000100a800000, 0x000000100a400000| Untracked 
|  41|0x000000100a800000, 0x000000100a800000, 0x000000100ac00000|  0%| F|  |TAMS 0x000000100a800000, 0x000000100a800000| Untracked 
|  42|0x000000100ac00000, 0x000000100ac00000, 0x000000100b000000|  0%| F|  |TAMS 0x000000100ac00000, 0x000000100ac00000| Untracked 
|  43|0x000000100b000000, 0x000000100b000000, 0x000000100b400000|  0%| F|  |TAMS 0x000000100b000000, 0x000000100b000000| Untracked 
|  44|0x000000100b400000, 0x000000100b800000, 0x000000100b800000|100%| O|  |TAMS 0x000000100b800000, 0x000000100b400000| Untracked 
|  45|0x000000100b800000, 0x000000100bc00000, 0x000000100bc00000|100%| O|  |TAMS 0x000000100bc00000, 0x000000100b800000| Untracked 
|  46|0x000000100bc00000, 0x000000100bc00000, 0x000000100c000000|  0%| F|  |TAMS 0x000000100bc00000, 0x000000100bc00000| Untracked 
|  47|0x000000100c000000, 0x000000100c000000, 0x000000100c400000|  0%| F|  |TAMS 0x000000100c000000, 0x000000100c000000| Untracked 
|  48|0x000000100c400000, 0x000000100c400000, 0x000000100c800000|  0%| F|  |TAMS 0x000000100c400000, 0x000000100c400000| Untracked 
|  49|0x000000100c800000, 0x000000100c800000, 0x000000100cc00000|  0%| F|  |TAMS 0x000000100c800000, 0x000000100c800000| Untracked 
|  50|0x000000100cc00000, 0x000000100cc00000, 0x000000100d000000|  0%| F|  |TAMS 0x000000100cc00000, 0x000000100cc00000| Untracked 
|  51|0x000000100d000000, 0x000000100d000000, 0x000000100d400000|  0%| F|  |TAMS 0x000000100d000000, 0x000000100d000000| Untracked 
|  52|0x000000100d400000, 0x000000100d800000, 0x000000100d800000|100%| O|  |TAMS 0x000000100d800000, 0x000000100d400000| Untracked 
|  53|0x000000100d800000, 0x000000100d800000, 0x000000100dc00000|  0%| F|  |TAMS 0x000000100d800000, 0x000000100d800000| Untracked 
|  54|0x000000100dc00000, 0x000000100e000000, 0x000000100e000000|100%| O|  |TAMS 0x000000100e000000, 0x000000100dc00000| Untracked 
|  55|0x000000100e000000, 0x000000100e400000, 0x000000100e400000|100%| O|  |TAMS 0x000000100e400000, 0x000000100e000000| Untracked 
|  56|0x000000100e400000, 0x000000100e400000, 0x000000100e800000|  0%| F|  |TAMS 0x000000100e400000, 0x000000100e400000| Untracked 
|  57|0x000000100e800000, 0x000000100e800000, 0x000000100ec00000|  0%| F|  |TAMS 0x000000100e800000, 0x000000100e800000| Untracked 
|  58|0x000000100ec00000, 0x000000100ec00000, 0x000000100f000000|  0%| F|  |TAMS 0x000000100ec00000, 0x000000100ec00000| Untracked 
|  59|0x000000100f000000, 0x000000100f000000, 0x000000100f400000|  0%| F|  |TAMS 0x000000100f000000, 0x000000100f000000| Untracked 
|  60|0x000000100f400000, 0x000000100f400000, 0x000000100f800000|  0%| F|  |TAMS 0x000000100f400000, 0x000000100f400000| Untracked 
|  61|0x000000100f800000, 0x000000100f800000, 0x000000100fc00000|  0%| F|  |TAMS 0x000000100f800000, 0x000000100f800000| Untracked 
|  62|0x000000100fc00000, 0x000000100fc00000, 0x0000001010000000|  0%| F|  |TAMS 0x000000100fc00000, 0x000000100fc00000| Untracked 
|  63|0x0000001010000000, 0x0000001010000000, 0x0000001010400000|  0%| F|  |TAMS 0x0000001010000000, 0x0000001010000000| Untracked 
|  64|0x0000001010400000, 0x0000001010400000, 0x0000001010800000|  0%| F|  |TAMS 0x0000001010400000, 0x0000001010400000| Untracked 
|  65|0x0000001010800000, 0x0000001010c00000, 0x0000001010c00000|100%|HS|  |TAMS 0x0000001010c00000, 0x0000001010800000| Complete 
|  66|0x0000001010c00000, 0x0000001011000000, 0x0000001011000000|100%|HC|  |TAMS 0x0000001011000000, 0x0000001010c00000| Complete 
|  67|0x0000001011000000, 0x0000001011400000, 0x0000001011400000|100%|HC|  |TAMS 0x0000001011400000, 0x0000001011000000| Complete 
|  68|0x0000001011400000, 0x0000001011800000, 0x0000001011800000|100%| O|  |TAMS 0x0000001011800000, 0x0000001011400000| Untracked 
|  69|0x0000001011800000, 0x0000001011c00000, 0x0000001011c00000|100%| O|  |TAMS 0x0000001011bbfe00, 0x0000001011800000| Untracked 
|  70|0x0000001011c00000, 0x0000001011c00000, 0x0000001012000000|  0%| F|  |TAMS 0x0000001011c00000, 0x0000001011c00000| Untracked 
|  71|0x0000001012000000, 0x0000001012000000, 0x0000001012400000|  0%| F|  |TAMS 0x0000001012000000, 0x0000001012000000| Untracked 
|  72|0x0000001012400000, 0x0000001012400000, 0x0000001012800000|  0%| F|  |TAMS 0x0000001012400000, 0x0000001012400000| Untracked 
|  73|0x0000001012800000, 0x0000001012800000, 0x0000001012c00000|  0%| F|  |TAMS 0x0000001012800000, 0x0000001012800000| Untracked 
|  74|0x0000001012c00000, 0x0000001012c00000, 0x0000001013000000|  0%| F|  |TAMS 0x0000001012c00000, 0x0000001012c00000| Untracked 
|  75|0x0000001013000000, 0x0000001013000000, 0x0000001013400000|  0%| F|  |TAMS 0x0000001013000000, 0x0000001013000000| Untracked 
|  76|0x0000001013400000, 0x0000001013400000, 0x0000001013800000|  0%| F|  |TAMS 0x0000001013400000, 0x0000001013400000| Untracked 
|  77|0x0000001013800000, 0x0000001013800000, 0x0000001013c00000|  0%| F|  |TAMS 0x0000001013800000, 0x0000001013800000| Untracked 
|  78|0x0000001013c00000, 0x0000001013c00000, 0x0000001014000000|  0%| F|  |TAMS 0x0000001013c00000, 0x0000001013c00000| Untracked 
|  79|0x0000001014000000, 0x0000001014000000, 0x0000001014400000|  0%| F|  |TAMS 0x0000001014000000, 0x0000001014000000| Untracked 
|  80|0x0000001014400000, 0x0000001014400000, 0x0000001014800000|  0%| F|  |TAMS 0x0000001014400000, 0x0000001014400000| Untracked 
|  81|0x0000001014800000, 0x0000001014800000, 0x0000001014c00000|  0%| F|  |TAMS 0x0000001014800000, 0x0000001014800000| Untracked 
|  82|0x0000001014c00000, 0x0000001014c00000, 0x0000001015000000|  0%| F|  |TAMS 0x0000001014c00000, 0x0000001014c00000| Untracked 
|  83|0x0000001015000000, 0x0000001015000000, 0x0000001015400000|  0%| F|  |TAMS 0x0000001015000000, 0x0000001015000000| Untracked 
|  84|0x0000001015400000, 0x0000001015400000, 0x0000001015800000|  0%| F|  |TAMS 0x0000001015400000, 0x0000001015400000| Untracked 
|  85|0x0000001015800000, 0x0000001015800000, 0x0000001015c00000|  0%| F|  |TAMS 0x0000001015800000, 0x0000001015800000| Untracked 
|  86|0x0000001015c00000, 0x0000001015c00000, 0x0000001016000000|  0%| F|  |TAMS 0x0000001015c00000, 0x0000001015c00000| Untracked 
|  87|0x0000001016000000, 0x0000001016000000, 0x0000001016400000|  0%| F|  |TAMS 0x0000001016000000, 0x0000001016000000| Untracked 
|  88|0x0000001016400000, 0x0000001016400000, 0x0000001016800000|  0%| F|  |TAMS 0x0000001016400000, 0x0000001016400000| Untracked 
|  89|0x0000001016800000, 0x0000001016800000, 0x0000001016c00000|  0%| F|  |TAMS 0x0000001016800000, 0x0000001016800000| Untracked 
|  90|0x0000001016c00000, 0x0000001016c00000, 0x0000001017000000|  0%| F|  |TAMS 0x0000001016c00000, 0x0000001016c00000| Untracked 
|  91|0x0000001017000000, 0x000000101706a338, 0x0000001017400000| 10%| S|CS|TAMS 0x0000001017000000, 0x0000001017000000| Complete 
|  92|0x0000001017400000, 0x0000001017800000, 0x0000001017800000|100%| S|CS|TAMS 0x0000001017400000, 0x0000001017400000| Complete 
|  93|0x0000001017800000, 0x0000001017c00000, 0x0000001017c00000|100%| S|CS|TAMS 0x0000001017800000, 0x0000001017800000| Complete 
|  94|0x0000001017c00000, 0x0000001018000000, 0x0000001018000000|100%| S|CS|TAMS 0x0000001017c00000, 0x0000001017c00000| Complete 
|  95|0x0000001018000000, 0x0000001018400000, 0x0000001018400000|100%| S|CS|TAMS 0x0000001018000000, 0x0000001018000000| Complete 
|  96|0x0000001018400000, 0x0000001018800000, 0x0000001018800000|100%| S|CS|TAMS 0x0000001018400000, 0x0000001018400000| Complete 
|  97|0x0000001018800000, 0x0000001018c00000, 0x0000001018c00000|100%| S|CS|TAMS 0x0000001018800000, 0x0000001018800000| Complete 
|  98|0x0000001018c00000, 0x0000001019000000, 0x0000001019000000|100%| S|CS|TAMS 0x0000001018c00000, 0x0000001018c00000| Complete 
|  99|0x0000001019000000, 0x0000001019400000, 0x0000001019400000|100%| S|CS|TAMS 0x0000001019000000, 0x0000001019000000| Complete 
| 100|0x0000001019400000, 0x0000001019800000, 0x0000001019800000|100%| S|CS|TAMS 0x0000001019400000, 0x0000001019400000| Complete 
| 101|0x0000001019800000, 0x0000001019c00000, 0x0000001019c00000|100%| S|CS|TAMS 0x0000001019800000, 0x0000001019800000| Complete 
| 102|0x0000001019c00000, 0x000000101a000000, 0x000000101a000000|100%| S|CS|TAMS 0x0000001019c00000, 0x0000001019c00000| Complete 
| 103|0x000000101a000000, 0x000000101a400000, 0x000000101a400000|100%| S|CS|TAMS 0x000000101a000000, 0x000000101a000000| Complete 
| 104|0x000000101a400000, 0x000000101a400000, 0x000000101a800000|  0%| F|  |TAMS 0x000000101a400000, 0x000000101a400000| Untracked 
| 105|0x000000101a800000, 0x000000101a800000, 0x000000101ac00000|  0%| F|  |TAMS 0x000000101a800000, 0x000000101a800000| Untracked 
| 106|0x000000101ac00000, 0x000000101ac00000, 0x000000101b000000|  0%| F|  |TAMS 0x000000101ac00000, 0x000000101ac00000| Untracked 
| 107|0x000000101b000000, 0x000000101b000000, 0x000000101b400000|  0%| F|  |TAMS 0x000000101b000000, 0x000000101b000000| Untracked 
| 108|0x000000101b400000, 0x000000101b400000, 0x000000101b800000|  0%| F|  |TAMS 0x000000101b400000, 0x000000101b400000| Untracked 
| 109|0x000000101b800000, 0x000000101b800000, 0x000000101bc00000|  0%| F|  |TAMS 0x000000101b800000, 0x000000101b800000| Untracked 
| 110|0x000000101bc00000, 0x000000101bc00000, 0x000000101c000000|  0%| F|  |TAMS 0x000000101bc00000, 0x000000101bc00000| Untracked 
| 111|0x000000101c000000, 0x000000101c000000, 0x000000101c400000|  0%| F|  |TAMS 0x000000101c000000, 0x000000101c000000| Untracked 
| 112|0x000000101c400000, 0x000000101c400000, 0x000000101c800000|  0%| F|  |TAMS 0x000000101c400000, 0x000000101c400000| Untracked 
| 113|0x000000101c800000, 0x000000101c800000, 0x000000101cc00000|  0%| F|  |TAMS 0x000000101c800000, 0x000000101c800000| Untracked 
| 114|0x000000101cc00000, 0x000000101cc00000, 0x000000101d000000|  0%| F|  |TAMS 0x000000101cc00000, 0x000000101cc00000| Untracked 
| 115|0x000000101d000000, 0x000000101d000000, 0x000000101d400000|  0%| F|  |TAMS 0x000000101d000000, 0x000000101d000000| Untracked 
| 116|0x000000101d400000, 0x000000101d400000, 0x000000101d800000|  0%| F|  |TAMS 0x000000101d400000, 0x000000101d400000| Untracked 
| 117|0x000000101d800000, 0x000000101d800000, 0x000000101dc00000|  0%| F|  |TAMS 0x000000101d800000, 0x000000101d800000| Untracked 
| 118|0x000000101dc00000, 0x000000101dc00000, 0x000000101e000000|  0%| F|  |TAMS 0x000000101dc00000, 0x000000101dc00000| Untracked 
| 119|0x000000101e000000, 0x000000101e000000, 0x000000101e400000|  0%| F|  |TAMS 0x000000101e000000, 0x000000101e000000| Untracked 
| 120|0x000000101e400000, 0x000000101e400000, 0x000000101e800000|  0%| F|  |TAMS 0x000000101e400000, 0x000000101e400000| Untracked 
| 121|0x000000101e800000, 0x000000101e800000, 0x000000101ec00000|  0%| F|  |TAMS 0x000000101e800000, 0x000000101e800000| Untracked 
| 122|0x000000101ec00000, 0x000000101ec00000, 0x000000101f000000|  0%| F|  |TAMS 0x000000101ec00000, 0x000000101ec00000| Untracked 
| 123|0x000000101f000000, 0x000000101f000000, 0x000000101f400000|  0%| F|  |TAMS 0x000000101f000000, 0x000000101f000000| Untracked 
| 124|0x000000101f400000, 0x000000101f400000, 0x000000101f800000|  0%| F|  |TAMS 0x000000101f400000, 0x000000101f400000| Untracked 
| 125|0x000000101f800000, 0x000000101f800000, 0x000000101fc00000|  0%| F|  |TAMS 0x000000101f800000, 0x000000101f800000| Untracked 
| 126|0x000000101fc00000, 0x000000101fc00000, 0x0000001020000000|  0%| F|  |TAMS 0x000000101fc00000, 0x000000101fc00000| Untracked 
| 127|0x0000001020000000, 0x0000001020000000, 0x0000001020400000|  0%| F|  |TAMS 0x0000001020000000, 0x0000001020000000| Untracked 
| 128|0x0000001020400000, 0x0000001020400000, 0x0000001020800000|  0%| F|  |TAMS 0x0000001020400000, 0x0000001020400000| Untracked 
| 129|0x0000001020800000, 0x0000001020800000, 0x0000001020c00000|  0%| F|  |TAMS 0x0000001020800000, 0x0000001020800000| Untracked 
| 130|0x0000001020c00000, 0x0000001020c00000, 0x0000001021000000|  0%| F|  |TAMS 0x0000001020c00000, 0x0000001020c00000| Untracked 
| 131|0x0000001021000000, 0x0000001021000000, 0x0000001021400000|  0%| F|  |TAMS 0x0000001021000000, 0x0000001021000000| Untracked 
| 132|0x0000001021400000, 0x0000001021400000, 0x0000001021800000|  0%| F|  |TAMS 0x0000001021400000, 0x0000001021400000| Untracked 
| 133|0x0000001021800000, 0x0000001021800000, 0x0000001021c00000|  0%| F|  |TAMS 0x0000001021800000, 0x0000001021800000| Untracked 
| 134|0x0000001021c00000, 0x0000001021c00000, 0x0000001022000000|  0%| F|  |TAMS 0x0000001021c00000, 0x0000001021c00000| Untracked 
| 135|0x0000001022000000, 0x0000001022000000, 0x0000001022400000|  0%| F|  |TAMS 0x0000001022000000, 0x0000001022000000| Untracked 
| 136|0x0000001022400000, 0x0000001022400000, 0x0000001022800000|  0%| F|  |TAMS 0x0000001022400000, 0x0000001022400000| Untracked 
| 137|0x0000001022800000, 0x0000001022800000, 0x0000001022c00000|  0%| F|  |TAMS 0x0000001022800000, 0x0000001022800000| Untracked 
| 138|0x0000001022c00000, 0x0000001022c00000, 0x0000001023000000|  0%| F|  |TAMS 0x0000001022c00000, 0x0000001022c00000| Untracked 
| 139|0x0000001023000000, 0x0000001023000000, 0x0000001023400000|  0%| F|  |TAMS 0x0000001023000000, 0x0000001023000000| Untracked 
| 140|0x0000001023400000, 0x0000001023400000, 0x0000001023800000|  0%| F|  |TAMS 0x0000001023400000, 0x0000001023400000| Untracked 
| 141|0x0000001023800000, 0x0000001023800000, 0x0000001023c00000|  0%| F|  |TAMS 0x0000001023800000, 0x0000001023800000| Untracked 
| 142|0x0000001023c00000, 0x0000001023c00000, 0x0000001024000000|  0%| F|  |TAMS 0x0000001023c00000, 0x0000001023c00000| Untracked 
| 143|0x0000001024000000, 0x0000001024000000, 0x0000001024400000|  0%| F|  |TAMS 0x0000001024000000, 0x0000001024000000| Untracked 
| 144|0x0000001024400000, 0x0000001024400000, 0x0000001024800000|  0%| F|  |TAMS 0x0000001024400000, 0x0000001024400000| Untracked 
| 145|0x0000001024800000, 0x0000001024800000, 0x0000001024c00000|  0%| F|  |TAMS 0x0000001024800000, 0x0000001024800000| Untracked 
| 146|0x0000001024c00000, 0x0000001024c00000, 0x0000001025000000|  0%| F|  |TAMS 0x0000001024c00000, 0x0000001024c00000| Untracked 
| 147|0x0000001025000000, 0x0000001025000000, 0x0000001025400000|  0%| F|  |TAMS 0x0000001025000000, 0x0000001025000000| Untracked 
| 148|0x0000001025400000, 0x0000001025400000, 0x0000001025800000|  0%| F|  |TAMS 0x0000001025400000, 0x0000001025400000| Untracked 
| 149|0x0000001025800000, 0x0000001025800000, 0x0000001025c00000|  0%| F|  |TAMS 0x0000001025800000, 0x0000001025800000| Untracked 
| 150|0x0000001025c00000, 0x0000001025c00000, 0x0000001026000000|  0%| F|  |TAMS 0x0000001025c00000, 0x0000001025c00000| Untracked 
| 151|0x0000001026000000, 0x0000001026000000, 0x0000001026400000|  0%| F|  |TAMS 0x0000001026000000, 0x0000001026000000| Untracked 
| 152|0x0000001026400000, 0x0000001026400000, 0x0000001026800000|  0%| F|  |TAMS 0x0000001026400000, 0x0000001026400000| Untracked 
| 153|0x0000001026800000, 0x0000001026800000, 0x0000001026c00000|  0%| F|  |TAMS 0x0000001026800000, 0x0000001026800000| Untracked 
| 154|0x0000001026c00000, 0x0000001026c00000, 0x0000001027000000|  0%| F|  |TAMS 0x0000001026c00000, 0x0000001026c00000| Untracked 
| 155|0x0000001027000000, 0x0000001027000000, 0x0000001027400000|  0%| F|  |TAMS 0x0000001027000000, 0x0000001027000000| Untracked 
| 156|0x0000001027400000, 0x0000001027400000, 0x0000001027800000|  0%| F|  |TAMS 0x0000001027400000, 0x0000001027400000| Untracked 
| 157|0x0000001027800000, 0x0000001027800000, 0x0000001027c00000|  0%| F|  |TAMS 0x0000001027800000, 0x0000001027800000| Untracked 
| 158|0x0000001027c00000, 0x0000001027c00000, 0x0000001028000000|  0%| F|  |TAMS 0x0000001027c00000, 0x0000001027c00000| Untracked 
| 159|0x0000001028000000, 0x0000001028000000, 0x0000001028400000|  0%| F|  |TAMS 0x0000001028000000, 0x0000001028000000| Untracked 
| 160|0x0000001028400000, 0x0000001028400000, 0x0000001028800000|  0%| F|  |TAMS 0x0000001028400000, 0x0000001028400000| Untracked 
| 161|0x0000001028800000, 0x0000001028800000, 0x0000001028c00000|  0%| F|  |TAMS 0x0000001028800000, 0x0000001028800000| Untracked 
| 162|0x0000001028c00000, 0x0000001028c00000, 0x0000001029000000|  0%| F|  |TAMS 0x0000001028c00000, 0x0000001028c00000| Untracked 
| 163|0x0000001029000000, 0x0000001029000000, 0x0000001029400000|  0%| F|  |TAMS 0x0000001029000000, 0x0000001029000000| Untracked 
| 164|0x0000001029400000, 0x0000001029400000, 0x0000001029800000|  0%| F|  |TAMS 0x0000001029400000, 0x0000001029400000| Untracked 
| 165|0x0000001029800000, 0x0000001029800000, 0x0000001029c00000|  0%| F|  |TAMS 0x0000001029800000, 0x0000001029800000| Untracked 
| 166|0x0000001029c00000, 0x0000001029c00000, 0x000000102a000000|  0%| F|  |TAMS 0x0000001029c00000, 0x0000001029c00000| Untracked 
| 167|0x000000102a000000, 0x000000102a000000, 0x000000102a400000|  0%| F|  |TAMS 0x000000102a000000, 0x000000102a000000| Untracked 
| 168|0x000000102a400000, 0x000000102a400000, 0x000000102a800000|  0%| F|  |TAMS 0x000000102a400000, 0x000000102a400000| Untracked 
| 169|0x000000102a800000, 0x000000102a800000, 0x000000102ac00000|  0%| F|  |TAMS 0x000000102a800000, 0x000000102a800000| Untracked 
| 170|0x000000102ac00000, 0x000000102ac00000, 0x000000102b000000|  0%| F|  |TAMS 0x000000102ac00000, 0x000000102ac00000| Untracked 
| 171|0x000000102b000000, 0x000000102b000000, 0x000000102b400000|  0%| F|  |TAMS 0x000000102b000000, 0x000000102b000000| Untracked 
| 172|0x000000102b400000, 0x000000102b400000, 0x000000102b800000|  0%| F|  |TAMS 0x000000102b400000, 0x000000102b400000| Untracked 
| 173|0x000000102b800000, 0x000000102b800000, 0x000000102bc00000|  0%| F|  |TAMS 0x000000102b800000, 0x000000102b800000| Untracked 
| 174|0x000000102bc00000, 0x000000102bc00000, 0x000000102c000000|  0%| F|  |TAMS 0x000000102bc00000, 0x000000102bc00000| Untracked 
| 175|0x000000102c000000, 0x000000102c000000, 0x000000102c400000|  0%| F|  |TAMS 0x000000102c000000, 0x000000102c000000| Untracked 
| 176|0x000000102c400000, 0x000000102c400000, 0x000000102c800000|  0%| F|  |TAMS 0x000000102c400000, 0x000000102c400000| Untracked 
| 177|0x000000102c800000, 0x000000102c800000, 0x000000102cc00000|  0%| F|  |TAMS 0x000000102c800000, 0x000000102c800000| Untracked 
| 178|0x000000102cc00000, 0x000000102cc00000, 0x000000102d000000|  0%| F|  |TAMS 0x000000102cc00000, 0x000000102cc00000| Untracked 
| 179|0x000000102d000000, 0x000000102d000000, 0x000000102d400000|  0%| F|  |TAMS 0x000000102d000000, 0x000000102d000000| Untracked 
| 180|0x000000102d400000, 0x000000102d400000, 0x000000102d800000|  0%| F|  |TAMS 0x000000102d400000, 0x000000102d400000| Untracked 
| 181|0x000000102d800000, 0x000000102d800000, 0x000000102dc00000|  0%| F|  |TAMS 0x000000102d800000, 0x000000102d800000| Untracked 
| 182|0x000000102dc00000, 0x000000102dc00000, 0x000000102e000000|  0%| F|  |TAMS 0x000000102dc00000, 0x000000102dc00000| Untracked 
| 183|0x000000102e000000, 0x000000102e000000, 0x000000102e400000|  0%| F|  |TAMS 0x000000102e000000, 0x000000102e000000| Untracked 
| 184|0x000000102e400000, 0x000000102e400000, 0x000000102e800000|  0%| F|  |TAMS 0x000000102e400000, 0x000000102e400000| Untracked 
| 185|0x000000102e800000, 0x000000102e800000, 0x000000102ec00000|  0%| F|  |TAMS 0x000000102e800000, 0x000000102e800000| Untracked 
| 186|0x000000102ec00000, 0x000000102ec00000, 0x000000102f000000|  0%| F|  |TAMS 0x000000102ec00000, 0x000000102ec00000| Untracked 
| 187|0x000000102f000000, 0x000000102f000000, 0x000000102f400000|  0%| F|  |TAMS 0x000000102f000000, 0x000000102f000000| Untracked 
| 188|0x000000102f400000, 0x000000102f400000, 0x000000102f800000|  0%| F|  |TAMS 0x000000102f400000, 0x000000102f400000| Untracked 
| 189|0x000000102f800000, 0x000000102f800000, 0x000000102fc00000|  0%| F|  |TAMS 0x000000102f800000, 0x000000102f800000| Untracked 
| 190|0x000000102fc00000, 0x000000102fc00000, 0x0000001030000000|  0%| F|  |TAMS 0x000000102fc00000, 0x000000102fc00000| Untracked 
| 191|0x0000001030000000, 0x0000001030000000, 0x0000001030400000|  0%| F|  |TAMS 0x0000001030000000, 0x0000001030000000| Untracked 
| 192|0x0000001030400000, 0x0000001030400000, 0x0000001030800000|  0%| F|  |TAMS 0x0000001030400000, 0x0000001030400000| Untracked 
| 193|0x0000001030800000, 0x0000001030800000, 0x0000001030c00000|  0%| F|  |TAMS 0x0000001030800000, 0x0000001030800000| Untracked 
| 194|0x0000001030c00000, 0x0000001030c00000, 0x0000001031000000|  0%| F|  |TAMS 0x0000001030c00000, 0x0000001030c00000| Untracked 
| 195|0x0000001031000000, 0x0000001031000000, 0x0000001031400000|  0%| F|  |TAMS 0x0000001031000000, 0x0000001031000000| Untracked 
| 196|0x0000001031400000, 0x0000001031400000, 0x0000001031800000|  0%| F|  |TAMS 0x0000001031400000, 0x0000001031400000| Untracked 
| 197|0x0000001031800000, 0x0000001031800000, 0x0000001031c00000|  0%| F|  |TAMS 0x0000001031800000, 0x0000001031800000| Untracked 
| 198|0x0000001031c00000, 0x0000001031c00000, 0x0000001032000000|  0%| F|  |TAMS 0x0000001031c00000, 0x0000001031c00000| Untracked 
| 199|0x0000001032000000, 0x0000001032000000, 0x0000001032400000|  0%| F|  |TAMS 0x0000001032000000, 0x0000001032000000| Untracked 
| 200|0x0000001032400000, 0x0000001032400000, 0x0000001032800000|  0%| F|  |TAMS 0x0000001032400000, 0x0000001032400000| Untracked 
| 201|0x0000001032800000, 0x0000001032800000, 0x0000001032c00000|  0%| F|  |TAMS 0x0000001032800000, 0x0000001032800000| Untracked 
| 202|0x0000001032c00000, 0x0000001032c00000, 0x0000001033000000|  0%| F|  |TAMS 0x0000001032c00000, 0x0000001032c00000| Untracked 
| 203|0x0000001033000000, 0x0000001033000000, 0x0000001033400000|  0%| F|  |TAMS 0x0000001033000000, 0x0000001033000000| Untracked 
| 204|0x0000001033400000, 0x0000001033400000, 0x0000001033800000|  0%| F|  |TAMS 0x0000001033400000, 0x0000001033400000| Untracked 
| 205|0x0000001033800000, 0x0000001033800000, 0x0000001033c00000|  0%| F|  |TAMS 0x0000001033800000, 0x0000001033800000| Untracked 
| 206|0x0000001033c00000, 0x0000001033c00000, 0x0000001034000000|  0%| F|  |TAMS 0x0000001033c00000, 0x0000001033c00000| Untracked 
| 207|0x0000001034000000, 0x0000001034000000, 0x0000001034400000|  0%| F|  |TAMS 0x0000001034000000, 0x0000001034000000| Untracked 
| 208|0x0000001034400000, 0x0000001034400000, 0x0000001034800000|  0%| F|  |TAMS 0x0000001034400000, 0x0000001034400000| Untracked 
| 209|0x0000001034800000, 0x0000001034800000, 0x0000001034c00000|  0%| F|  |TAMS 0x0000001034800000, 0x0000001034800000| Untracked 
| 210|0x0000001034c00000, 0x0000001034c00000, 0x0000001035000000|  0%| F|  |TAMS 0x0000001034c00000, 0x0000001034c00000| Untracked 
| 211|0x0000001035000000, 0x0000001035000000, 0x0000001035400000|  0%| F|  |TAMS 0x0000001035000000, 0x0000001035000000| Untracked 
| 212|0x0000001035400000, 0x0000001035400000, 0x0000001035800000|  0%| F|  |TAMS 0x0000001035400000, 0x0000001035400000| Untracked 
| 213|0x0000001035800000, 0x0000001035800000, 0x0000001035c00000|  0%| F|  |TAMS 0x0000001035800000, 0x0000001035800000| Untracked 
| 214|0x0000001035c00000, 0x0000001035c00000, 0x0000001036000000|  0%| F|  |TAMS 0x0000001035c00000, 0x0000001035c00000| Untracked 
| 215|0x0000001036000000, 0x0000001036000000, 0x0000001036400000|  0%| F|  |TAMS 0x0000001036000000, 0x0000001036000000| Untracked 
| 216|0x0000001036400000, 0x0000001036400000, 0x0000001036800000|  0%| F|  |TAMS 0x0000001036400000, 0x0000001036400000| Untracked 
| 217|0x0000001036800000, 0x0000001036800000, 0x0000001036c00000|  0%| F|  |TAMS 0x0000001036800000, 0x0000001036800000| Untracked 
| 218|0x0000001036c00000, 0x0000001036c00000, 0x0000001037000000|  0%| F|  |TAMS 0x0000001036c00000, 0x0000001036c00000| Untracked 
| 219|0x0000001037000000, 0x0000001037000000, 0x0000001037400000|  0%| F|  |TAMS 0x0000001037000000, 0x0000001037000000| Untracked 
| 220|0x0000001037400000, 0x0000001037400000, 0x0000001037800000|  0%| F|  |TAMS 0x0000001037400000, 0x0000001037400000| Untracked 
| 221|0x0000001037800000, 0x0000001037800000, 0x0000001037c00000|  0%| F|  |TAMS 0x0000001037800000, 0x0000001037800000| Untracked 
| 222|0x0000001037c00000, 0x0000001037c00000, 0x0000001038000000|  0%| F|  |TAMS 0x0000001037c00000, 0x0000001037c00000| Untracked 
| 223|0x0000001038000000, 0x0000001038000000, 0x0000001038400000|  0%| F|  |TAMS 0x0000001038000000, 0x0000001038000000| Untracked 
| 224|0x0000001038400000, 0x0000001038400000, 0x0000001038800000|  0%| F|  |TAMS 0x0000001038400000, 0x0000001038400000| Untracked 
| 225|0x0000001038800000, 0x0000001038800000, 0x0000001038c00000|  0%| F|  |TAMS 0x0000001038800000, 0x0000001038800000| Untracked 
| 226|0x0000001038c00000, 0x0000001038c00000, 0x0000001039000000|  0%| F|  |TAMS 0x0000001038c00000, 0x0000001038c00000| Untracked 
| 227|0x0000001039000000, 0x0000001039000000, 0x0000001039400000|  0%| F|  |TAMS 0x0000001039000000, 0x0000001039000000| Untracked 
| 228|0x0000001039400000, 0x0000001039400000, 0x0000001039800000|  0%| F|  |TAMS 0x0000001039400000, 0x0000001039400000| Untracked 
| 229|0x0000001039800000, 0x0000001039800000, 0x0000001039c00000|  0%| F|  |TAMS 0x0000001039800000, 0x0000001039800000| Untracked 
| 230|0x0000001039c00000, 0x0000001039c00000, 0x000000103a000000|  0%| F|  |TAMS 0x0000001039c00000, 0x0000001039c00000| Untracked 
| 231|0x000000103a000000, 0x000000103a000000, 0x000000103a400000|  0%| F|  |TAMS 0x000000103a000000, 0x000000103a000000| Untracked 
| 232|0x000000103a400000, 0x000000103a400000, 0x000000103a800000|  0%| F|  |TAMS 0x000000103a400000, 0x000000103a400000| Untracked 
| 233|0x000000103a800000, 0x000000103a800000, 0x000000103ac00000|  0%| F|  |TAMS 0x000000103a800000, 0x000000103a800000| Untracked 
| 234|0x000000103ac00000, 0x000000103ac00000, 0x000000103b000000|  0%| F|  |TAMS 0x000000103ac00000, 0x000000103ac00000| Untracked 
| 235|0x000000103b000000, 0x000000103b000000, 0x000000103b400000|  0%| F|  |TAMS 0x000000103b000000, 0x000000103b000000| Untracked 
| 236|0x000000103b400000, 0x000000103b400000, 0x000000103b800000|  0%| F|  |TAMS 0x000000103b400000, 0x000000103b400000| Untracked 
| 237|0x000000103b800000, 0x000000103b800000, 0x000000103bc00000|  0%| F|  |TAMS 0x000000103b800000, 0x000000103b800000| Untracked 
| 238|0x000000103bc00000, 0x000000103bc00000, 0x000000103c000000|  0%| F|  |TAMS 0x000000103bc00000, 0x000000103bc00000| Untracked 
| 239|0x000000103c000000, 0x000000103c000000, 0x000000103c400000|  0%| F|  |TAMS 0x000000103c000000, 0x000000103c000000| Untracked 
| 240|0x000000103c400000, 0x000000103c400000, 0x000000103c800000|  0%| F|  |TAMS 0x000000103c400000, 0x000000103c400000| Untracked 
| 241|0x000000103c800000, 0x000000103c800000, 0x000000103cc00000|  0%| F|  |TAMS 0x000000103c800000, 0x000000103c800000| Untracked 
| 242|0x000000103cc00000, 0x000000103cc00000, 0x000000103d000000|  0%| F|  |TAMS 0x000000103cc00000, 0x000000103cc00000| Untracked 
| 243|0x000000103d000000, 0x000000103d000000, 0x000000103d400000|  0%| F|  |TAMS 0x000000103d000000, 0x000000103d000000| Untracked 
| 244|0x000000103d400000, 0x000000103d400000, 0x000000103d800000|  0%| F|  |TAMS 0x000000103d400000, 0x000000103d400000| Untracked 
| 245|0x000000103d800000, 0x000000103d800000, 0x000000103dc00000|  0%| F|  |TAMS 0x000000103d800000, 0x000000103d800000| Untracked 
| 246|0x000000103dc00000, 0x000000103dc00000, 0x000000103e000000|  0%| F|  |TAMS 0x000000103dc00000, 0x000000103dc00000| Untracked 
| 247|0x000000103e000000, 0x000000103e000000, 0x000000103e400000|  0%| F|  |TAMS 0x000000103e000000, 0x000000103e000000| Untracked 
| 248|0x000000103e400000, 0x000000103e400000, 0x000000103e800000|  0%| F|  |TAMS 0x000000103e400000, 0x000000103e400000| Untracked 
| 249|0x000000103e800000, 0x000000103e800000, 0x000000103ec00000|  0%| F|  |TAMS 0x000000103e800000, 0x000000103e800000| Untracked 
| 250|0x000000103ec00000, 0x000000103ec00000, 0x000000103f000000|  0%| F|  |TAMS 0x000000103ec00000, 0x000000103ec00000| Untracked 
| 251|0x000000103f000000, 0x000000103f000000, 0x000000103f400000|  0%| F|  |TAMS 0x000000103f000000, 0x000000103f000000| Untracked 
| 252|0x000000103f400000, 0x000000103f400000, 0x000000103f800000|  0%| F|  |TAMS 0x000000103f400000, 0x000000103f400000| Untracked 
| 253|0x000000103f800000, 0x000000103f800000, 0x000000103fc00000|  0%| F|  |TAMS 0x000000103f800000, 0x000000103f800000| Untracked 
| 254|0x000000103fc00000, 0x000000103fc00000, 0x0000001040000000|  0%| F|  |TAMS 0x000000103fc00000, 0x000000103fc00000| Untracked 
| 255|0x0000001040000000, 0x0000001040000000, 0x0000001040400000|  0%| F|  |TAMS 0x0000001040000000, 0x0000001040000000| Untracked 
| 256|0x0000001040400000, 0x0000001040400000, 0x0000001040800000|  0%| F|  |TAMS 0x0000001040400000, 0x0000001040400000| Untracked 
| 257|0x0000001040800000, 0x0000001040800000, 0x0000001040c00000|  0%| F|  |TAMS 0x0000001040800000, 0x0000001040800000| Untracked 
| 258|0x0000001040c00000, 0x0000001040c00000, 0x0000001041000000|  0%| F|  |TAMS 0x0000001040c00000, 0x0000001040c00000| Untracked 

Card table byte_map: [0x000001d1cd0d0000,0x000001d1cf8d0000] _byte_map_base: 0x000001d1c50ce000

Marking Bits (Prev, Next): (CMBitMap*) 0x000001d1b0f36cc8, (CMBitMap*) 0x000001d1b0f36d00
 Prev Bits: [0x000001d1d20d0000, 0x000001d1e60d0000)
 Next Bits: [0x000001d1e60d0000, 0x000001d1fa0d0000)

Polling page: 0x000001d1b0fb0000

Metaspace:

Usage:
  Non-class:     51.31 MB capacity,    50.20 MB ( 98%) used,   904.59 KB (  2%) free+waste,   233.50 KB ( <1%) overhead. 
      Class:      7.75 MB capacity,     6.97 MB ( 90%) used,   680.38 KB (  9%) free+waste,   116.81 KB (  1%) overhead. 
       Both:     59.07 MB capacity,    57.18 MB ( 97%) used,     1.55 MB (  3%) free+waste,   350.31 KB ( <1%) overhead. 

Virtual space:
  Non-class space:       52.00 MB reserved,      51.35 MB ( 99%) committed 
      Class space:        1.00 GB reserved,       7.78 MB ( <1%) committed 
             Both:        1.05 GB reserved,      59.13 MB (  5%) committed 

Chunk freelists:
   Non-Class:  0 bytes
       Class:  0 bytes
        Both:  0 bytes

CodeHeap 'non-profiled nmethods': size=238336Kb used=13808Kb max_used=13808Kb free=224527Kb
 bounds [0x000001d1bb170000, 0x000001d1bbef0000, 0x000001d1c9a30000]
CodeHeap 'non-nmethods': size=7424Kb used=1250Kb max_used=1250Kb free=6173Kb
 bounds [0x000001d1baa30000, 0x000001d1baca0000, 0x000001d1bb170000]
 total_blobs=8124 nmethods=7480 adapters=533
 compilation: enabled
              stopped_count=0, restarted_count=0
 full_count=0

Compilation events (10 events):
Event: 36.776 Thread 0x000001d1fd65d000 7496       1       com.sun.org.apache.xerces.internal.impl.XMLEntityManager::getRecognizedProperties (10 bytes)
Event: 36.776 Thread 0x000001d1fd65d000 nmethod 7496 0x000001d1bbeead90 code [0x000001d1bbeeaf40, 0x000001d1bbeeb0f0]
Event: 36.776 Thread 0x000001d1fd65d000 7497       1       com.sun.org.apache.xerces.internal.impl.XMLErrorReporter::<init> (21 bytes)
Event: 36.776 Thread 0x000001d1fd65d000 nmethod 7497 0x000001d1bbeeb190 code [0x000001d1bbeeb340, 0x000001d1bbeeb598]
Event: 36.776 Thread 0x000001d1fd65d000 7498       1       com.sun.org.apache.xerces.internal.impl.XMLErrorReporter::getRecognizedFeatures (10 bytes)
Event: 36.776 Thread 0x000001d1fd65d000 nmethod 7498 0x000001d1bbeeb610 code [0x000001d1bbeeb7c0, 0x000001d1bbeeb970]
Event: 36.776 Thread 0x000001d1fd65d000 7499       1       com.sun.org.apache.xerces.internal.impl.XMLErrorReporter::getRecognizedProperties (10 bytes)
Event: 36.776 Thread 0x000001d1fd65d000 nmethod 7499 0x000001d1bbeeba10 code [0x000001d1bbeebbc0, 0x000001d1bbeebd70]
Event: 36.928 Thread 0x000001d1fd65d000 7500       1       java.util.concurrent.locks.AbstractQueuedSynchronizer$Node::predecessor (19 bytes)
Event: 36.928 Thread 0x000001d1fd65d000 nmethod 7500 0x000001d1bbeebe10 code [0x000001d1bbeebfc0, 0x000001d1bbeec1d0]

GC Heap History (10 events):
Event: 34.090 GC heap after
{Heap after GC invocations=35 (full 0):
 garbage-first heap   total 770048K, used 175595K [0x0000001000400000, 0x0000001500400000)
  region size 4096K, 10 young (40960K), 10 survivors (40960K)
 Metaspace       used 58548K, capacity 60484K, committed 60552K, reserved 1101824K
  class space    used 7140K, capacity 7938K, committed 7968K, reserved 1048576K
}
Event: 34.526 GC heap before
{Heap before GC invocations=35 (full 0):
 garbage-first heap   total 770048K, used 585195K [0x0000001000400000, 0x0000001500400000)
  region size 4096K, 106 young (434176K), 10 survivors (40960K)
 Metaspace       used 58548K, capacity 60484K, committed 60552K, reserved 1101824K
  class space    used 7140K, capacity 7938K, committed 7968K, reserved 1048576K
}
Event: 34.540 GC heap after
{Heap after GC invocations=36 (full 0):
 garbage-first heap   total 1060864K, used 190260K [0x0000001000400000, 0x0000001500400000)
  region size 4096K, 4 young (16384K), 4 survivors (16384K)
 Metaspace       used 58548K, capacity 60484K, committed 60552K, reserved 1101824K
  class space    used 7140K, capacity 7938K, committed 7968K, reserved 1048576K
}
Event: 35.087 GC heap before
{Heap before GC invocations=36 (full 0):
 garbage-first heap   total 1060864K, used 735028K [0x0000001000400000, 0x0000001500400000)
  region size 4096K, 119 young (487424K), 4 survivors (16384K)
 Metaspace       used 58548K, capacity 60484K, committed 60552K, reserved 1101824K
  class space    used 7140K, capacity 7938K, committed 7968K, reserved 1048576K
}
Event: 35.094 GC heap after
{Heap after GC invocations=37 (full 0):
 garbage-first heap   total 1060864K, used 245769K [0x0000001000400000, 0x0000001500400000)
  region size 4096K, 5 young (20480K), 5 survivors (20480K)
 Metaspace       used 58548K, capacity 60484K, committed 60552K, reserved 1101824K
  class space    used 7140K, capacity 7938K, committed 7968K, reserved 1048576K
}
Event: 35.832 GC heap before
{Heap before GC invocations=37 (full 0):
 garbage-first heap   total 1060864K, used 856073K [0x0000001000400000, 0x0000001500400000)
  region size 4096K, 154 young (630784K), 5 survivors (20480K)
 Metaspace       used 58548K, capacity 60484K, committed 60552K, reserved 1101824K
  class space    used 7140K, capacity 7938K, committed 7968K, reserved 1048576K
}
Event: 35.851 GC heap after
{Heap after GC invocations=38 (full 0):
 garbage-first heap   total 1060864K, used 245550K [0x0000001000400000, 0x0000001500400000)
  region size 4096K, 16 young (65536K), 16 survivors (65536K)
 Metaspace       used 58548K, capacity 60484K, committed 60552K, reserved 1101824K
  class space    used 7140K, capacity 7938K, committed 7968K, reserved 1048576K
}
Event: 36.380 GC heap before
{Heap before GC invocations=38 (full 0):
 garbage-first heap   total 1060864K, used 831278K [0x0000001000400000, 0x0000001500400000)
  region size 4096K, 155 young (634880K), 16 survivors (65536K)
 Metaspace       used 58548K, capacity 60484K, committed 60552K, reserved 1101824K
  class space    used 7140K, capacity 7938K, committed 7968K, reserved 1048576K
}
Event: 36.385 GC heap after
{Heap after GC invocations=39 (full 0):
 garbage-first heap   total 1060864K, used 204321K [0x0000001000400000, 0x0000001500400000)
  region size 4096K, 4 young (16384K), 4 survivors (16384K)
 Metaspace       used 58548K, capacity 60484K, committed 60552K, reserved 1101824K
  class space    used 7140K, capacity 7938K, committed 7968K, reserved 1048576K
}
Event: 37.021 GC heap before
{Heap before GC invocations=39 (full 0):
 garbage-first heap   total 1060864K, used 892449K [0x0000001000400000, 0x0000001500400000)
  region size 4096K, 155 young (634880K), 4 survivors (16384K)
 Metaspace       used 58548K, capacity 60484K, committed 60552K, reserved 1101824K
  class space    used 7140K, capacity 7938K, committed 7968K, reserved 1048576K
}

Deoptimization events (0 events):
No events

Classes redefined (0 events):
No events

Internal exceptions (10 events):
Event: 3.907 Thread 0x000001d1b0eee000 Exception <a 'java/lang/ClassNotFoundException'{0x000000101817bdd8}: org/springframework/web/multipart/MultipartResolverCustomizer> (0x000000101817bdd8) thrown at [t:/workspace/open/src/hotspot/share/classfile/systemDictionary.cpp, line 231]
Event: 3.918 Thread 0x000001d1b0eee000 Exception <a 'java/lang/NoSuchMethodError'{0x00000010182bfed8}: java.lang.invoke.DirectMethodHandle$Holder.invokeSpecial(Ljava/lang/Object;Ljava/lang/Object;ILjava/lang/Object;ILjava/lang/Object;)Ljava/lang/Object;> (0x00000010182bfed8) thrown at [t:/work
Event: 3.918 Thread 0x000001d1b0eee000 Exception <a 'java/lang/NoSuchMethodError'{0x00000010182c73b8}: java.lang.invoke.DirectMethodHandle$Holder.invokeStatic(Ljava/lang/Object;Ljava/lang/Object;ILjava/lang/Object;I)Ljava/lang/Object;> (0x00000010182c73b8) thrown at [t:/workspace/open/src/hots
Event: 3.918 Thread 0x000001d1b0eee000 Exception <a 'java/lang/NoSuchMethodError'{0x00000010182cab90}: java.lang.invoke.DirectMethodHandle$Holder.invokeSpecial(Ljava/lang/Object;Ljava/lang/Object;Ljava/lang/Object;ILjava/lang/Object;I)Ljava/lang/Object;> (0x00000010182cab90) thrown at [t:/work
Event: 21.054 Thread 0x000001d1ff2d5000 Exception <a 'java/lang/NoSuchMethodError'{0x0000001015ed5c08}: java.lang.invoke.DirectMethodHandle$Holder.invokeSpecial(Ljava/lang/Object;Ljava/lang/Object;Ljava/lang/Object;Ljava/lang/Object;Ljava/lang/Object;Ljava/lang/Object;Ljava/lang/Object;)V> (0x0
Event: 23.777 Thread 0x000001d1ff2d5000 Exception <a 'java/lang/ClassNotFoundException'{0x0000001015848650}: com/sun/org/apache/xerces/internal/impl/msg/spi/SAXMessagesProvider> (0x0000001015848650) thrown at [t:/workspace/open/src/hotspot/share/classfile/systemDictionary.cpp, line 231]
Event: 23.883 Thread 0x000001d1ff2d5000 Exception <a 'java/lang/ClassNotFoundException'{0x00000010152bc768}: java/lang/ObjectCustomizer> (0x00000010152bc768) thrown at [t:/workspace/open/src/hotspot/share/classfile/systemDictionary.cpp, line 231]
Event: 23.883 Thread 0x000001d1ff2d5000 Exception <a 'java/lang/ClassNotFoundException'{0x00000010152db5a0}: com/domain/ModelSectionPartsTemp1Customizer> (0x00000010152db5a0) thrown at [t:/workspace/open/src/hotspot/share/classfile/systemDictionary.cpp, line 231]
Event: 23.884 Thread 0x000001d1ff2d5000 Exception <a 'java/lang/ClassNotFoundException'{0x00000010153286b0}: java/lang/ObjectCustomizer> (0x00000010153286b0) thrown at [t:/workspace/open/src/hotspot/share/classfile/systemDictionary.cpp, line 231]
Event: 23.884 Thread 0x000001d1ff2d5000 Exception <a 'java/lang/ClassNotFoundException'{0x0000001015346c80}: org/example/model/SectionPartDtoCustomizer> (0x0000001015346c80) thrown at [t:/workspace/open/src/hotspot/share/classfile/systemDictionary.cpp, line 231]

Events (10 events):
Event: 34.090 Executing VM operation: G1CollectForAllocation done
Event: 34.526 Executing VM operation: G1CollectForAllocation
Event: 34.540 Executing VM operation: G1CollectForAllocation done
Event: 35.087 Executing VM operation: G1CollectForAllocation
Event: 35.094 Executing VM operation: G1CollectForAllocation done
Event: 35.832 Executing VM operation: G1CollectForAllocation
Event: 35.851 Executing VM operation: G1CollectForAllocation done
Event: 36.380 Executing VM operation: G1CollectForAllocation
Event: 36.385 Executing VM operation: G1CollectForAllocation done
Event: 37.021 Executing VM operation: G1CollectForAllocation


Dynamic libraries:
0x00007ff6b4e60000 - 0x00007ff6b4ea7000 	C:\Program Files\Java\jdk-11.0.6\bin\java.exe
0x00007fff61910000 - 0x00007fff61b08000 	C:\WINDOWS\SYSTEM32\ntdll.dll
0x00007fff5fa80000 - 0x00007fff5fb41000 	C:\WINDOWS\System32\KERNEL32.DLL
0x00007fff5f5a0000 - 0x00007fff5f89d000 	C:\WINDOWS\System32\KERNELBASE.dll
0x00007fff60d00000 - 0x00007fff60db0000 	C:\WINDOWS\System32\ADVAPI32.dll
0x00007fff60870000 - 0x00007fff6090e000 	C:\WINDOWS\System32\msvcrt.dll
0x00007fff61010000 - 0x00007fff610b0000 	C:\WINDOWS\System32\sechost.dll
0x00007fff5fb80000 - 0x00007fff5fca3000 	C:\WINDOWS\System32\RPCRT4.dll
0x00007fff5f570000 - 0x00007fff5f597000 	C:\WINDOWS\System32\bcrypt.dll
0x00007fff60b60000 - 0x00007fff60cfd000 	C:\WINDOWS\System32\USER32.dll
0x00007fff5f910000 - 0x00007fff5f932000 	C:\WINDOWS\System32\win32u.dll
0x00007fff5fb50000 - 0x00007fff5fb7b000 	C:\WINDOWS\System32\GDI32.dll
0x00007fff5f010000 - 0x00007fff5f127000 	C:\WINDOWS\System32\gdi32full.dll
0x00007fff5f390000 - 0x00007fff5f42d000 	C:\WINDOWS\System32\msvcp_win.dll
0x00007fff5f130000 - 0x00007fff5f230000 	C:\WINDOWS\System32\ucrtbase.dll
0x00007fff54dc0000 - 0x00007fff5505a000 	C:\WINDOWS\WinSxS\amd64_microsoft.windows.common-controls_6595b64144ccf1df_6.0.19041.4355_none_60b8b9eb71f62e16\COMCTL32.dll
0x00007fff57f10000 - 0x00007fff57f1a000 	C:\WINDOWS\SYSTEM32\VERSION.dll
0x00007fff610b0000 - 0x00007fff610df000 	C:\WINDOWS\System32\IMM32.DLL
0x00007fff5b6e0000 - 0x00007fff5b6f6000 	C:\Program Files\Java\jdk-11.0.6\bin\vcruntime140.dll
0x00007fff3b100000 - 0x00007fff3b1aa000 	C:\Program Files\Java\jdk-11.0.6\bin\msvcp140.dll
0x00007fff079f0000 - 0x00007fff08519000 	C:\Program Files\Java\jdk-11.0.6\bin\server\jvm.dll
0x00007fff60790000 - 0x00007fff60798000 	C:\WINDOWS\System32\PSAPI.DLL
0x00007fff4bbc0000 - 0x00007fff4bbc9000 	C:\WINDOWS\SYSTEM32\WSOCK32.dll
0x00007fff55060000 - 0x00007fff55087000 	C:\WINDOWS\SYSTEM32\WINMM.dll
0x00007fff5fcb0000 - 0x00007fff5fd1b000 	C:\WINDOWS\System32\WS2_32.dll
0x00007fff5d830000 - 0x00007fff5d842000 	C:\WINDOWS\SYSTEM32\kernel.appcore.dll
0x00007fff5ac00000 - 0x00007fff5ac11000 	C:\Program Files\Java\jdk-11.0.6\bin\verify.dll
0x00007fff5cba0000 - 0x00007fff5cd84000 	C:\WINDOWS\SYSTEM32\DBGHELP.DLL
0x00007fff51fe0000 - 0x00007fff52014000 	C:\WINDOWS\SYSTEM32\dbgcore.DLL
0x00007fff5f430000 - 0x00007fff5f4b2000 	C:\WINDOWS\System32\bcryptPrimitives.dll
0x00007fff58010000 - 0x00007fff58039000 	C:\Program Files\Java\jdk-11.0.6\bin\java.dll
0x00007fff48370000 - 0x00007fff4839f000 	C:\Program Files\Java\jdk-11.0.6\bin\instrument.dll
0x00007fff599b0000 - 0x00007fff599c6000 	C:\Program Files\Java\jdk-11.0.6\bin\zip.dll
0x00007fff5abb0000 - 0x00007fff5abba000 	C:\Program Files\Java\jdk-11.0.6\bin\jimage.dll
0x00007fff61160000 - 0x00007fff618cf000 	C:\WINDOWS\System32\SHELL32.dll
0x00007fff5d010000 - 0x00007fff5d7b3000 	C:\WINDOWS\SYSTEM32\windows.storage.dll
0x00007fff5fd20000 - 0x00007fff60073000 	C:\WINDOWS\System32\combase.dll
0x00007fff5e920000 - 0x00007fff5e94e000 	C:\WINDOWS\SYSTEM32\Wldp.dll
0x00007fff607a0000 - 0x00007fff6086d000 	C:\WINDOWS\System32\OLEAUT32.dll
0x00007fff60f60000 - 0x00007fff6100d000 	C:\WINDOWS\System32\SHCORE.dll
0x00007fff60650000 - 0x00007fff606a5000 	C:\WINDOWS\System32\shlwapi.dll
0x00007fff5eef0000 - 0x00007fff5ef14000 	C:\WINDOWS\SYSTEM32\profapi.dll
0x00007fff4c750000 - 0x00007fff4c769000 	C:\Program Files\Java\jdk-11.0.6\bin\net.dll
0x00007fff58580000 - 0x00007fff5868d000 	C:\WINDOWS\SYSTEM32\WINHTTP.dll
0x00007fff5e680000 - 0x00007fff5e6ea000 	C:\WINDOWS\system32\mswsock.dll
0x00007fff4aa60000 - 0x00007fff4aa73000 	C:\Program Files\Java\jdk-11.0.6\bin\nio.dll
0x00007fff483d0000 - 0x00007fff483ea000 	C:\Program Files\JetBrains\IntelliJ IDEA 2023.1.2\bin\breakgen64.dll
0x00007fff5e3a0000 - 0x00007fff5e46a000 	C:\WINDOWS\SYSTEM32\DNSAPI.dll
0x00007fff5e360000 - 0x00007fff5e39b000 	C:\WINDOWS\SYSTEM32\IPHLPAPI.DLL
0x00007fff60550000 - 0x00007fff60558000 	C:\WINDOWS\System32\NSI.dll
0x00007fff57f20000 - 0x00007fff57f2a000 	C:\Windows\System32\rasadhlp.dll
0x00007fff57950000 - 0x00007fff579d0000 	C:\WINDOWS\System32\fwpuclnt.dll
0x00007fff59930000 - 0x00007fff59939000 	C:\Program Files\Java\jdk-11.0.6\bin\management.dll
0x00007fff58d60000 - 0x00007fff58d6c000 	C:\Program Files\Java\jdk-11.0.6\bin\management_ext.dll
0x00007fff5e880000 - 0x00007fff5e898000 	C:\WINDOWS\SYSTEM32\CRYPTSP.dll
0x00007fff5dfa0000 - 0x00007fff5dfd4000 	C:\WINDOWS\system32\rsaenh.dll
0x00007fff5eeb0000 - 0x00007fff5eede000 	C:\WINDOWS\SYSTEM32\USERENV.dll
0x00007fff5e870000 - 0x00007fff5e87c000 	C:\WINDOWS\SYSTEM32\CRYPTBASE.dll
0x00007fff5a370000 - 0x00007fff5a387000 	C:\WINDOWS\SYSTEM32\dhcpcsvc6.DLL
0x00007fff5a260000 - 0x00007fff5a27d000 	C:\WINDOWS\SYSTEM32\dhcpcsvc.DLL
0x00007fff4a2f0000 - 0x00007fff4a307000 	C:\WINDOWS\system32\napinsp.dll
0x00007fff499d0000 - 0x00007fff499eb000 	C:\WINDOWS\system32\pnrpnsp.dll
0x00007fff499b0000 - 0x00007fff499c5000 	C:\WINDOWS\system32\wshbth.dll
0x00007fff5af30000 - 0x00007fff5af4d000 	C:\WINDOWS\system32\NLAapi.dll
0x00007fff49960000 - 0x00007fff49972000 	C:\WINDOWS\System32\winrnr.dll
0x00007fff53a10000 - 0x00007fff53a1d000 	C:\Program Files\Java\jdk-11.0.6\bin\sunmscapi.dll
0x00007fff5f230000 - 0x00007fff5f38c000 	C:\WINDOWS\System32\CRYPT32.dll
0x00007fff5e990000 - 0x00007fff5e9b9000 	C:\WINDOWS\SYSTEM32\ncrypt.dll
0x00007fff5e950000 - 0x00007fff5e98b000 	C:\WINDOWS\SYSTEM32\NTASN1.dll
0x00007fff3b600000 - 0x00007fff3b627000 	C:\Program Files\Java\jdk-11.0.6\bin\sunec.dll

dbghelp: loaded successfully - version: 4.0.5 - missing functions: none
symbol engine: initialized successfully - sym options: 0x614 - pdb path: .;C:\Program Files\Java\jdk-11.0.6\bin;C:\WINDOWS\SYSTEM32;C:\WINDOWS\WinSxS\amd64_microsoft.windows.common-controls_6595b64144ccf1df_6.0.19041.4355_none_60b8b9eb71f62e16;C:\Program Files\Java\jdk-11.0.6\bin\server;C:\Program Files\JetBrains\IntelliJ IDEA 2023.1.2\bin

VM Arguments:
jvm_args: -Xmx20480m -XX:TieredStopAtLevel=1 -Xverify:none -Dspring.output.ansi.enabled=always -Dcom.sun.management.jmxremote -Dspring.jmx.enabled=true -Dspring.liveBeansView.mbeanDomain -Dspring.application.admin.enabled=true -Dmanagement.endpoints.jmx.exposure.include=* -javaagent:C:\Program Files\JetBrains\IntelliJ IDEA 2023.1.2\lib\idea_rt.jar=49754:C:\Program Files\JetBrains\IntelliJ IDEA 2023.1.2\bin -Dfile.encoding=UTF-8 
java_command: org.example.HpdEpcApplication
java_class_path (initial): C:\Users\admin\IdeaProjects\新建文件夹\HpdEpc - 副本4\target\classes;D:\apache-maven-3.9.2-bin\apache-maven-3.9.2\repository\com\fasterxml\jackson\core\jackson-databind\2.16.0\jackson-databind-2.16.0.jar;D:\apache-maven-3.9.2-bin\apache-maven-3.9.2\repository\com\fasterxml\jackson\core\jackson-annotations\2.16.0\jackson-annotations-2.16.0.jar;D:\apache-maven-3.9.2-bin\apache-maven-3.9.2\repository\com\fasterxml\jackson\core\jackson-core\2.16.0\jackson-core-2.16.0.jar;D:\apache-maven-3.9.2-bin\apache-maven-3.9.2\repository\com\google\code\gson\gson\2.10.1\gson-2.10.1.jar;D:\apache-maven-3.9.2-bin\apache-maven-3.9.2\repository\commons-io\commons-io\2.15.1\commons-io-2.15.1.jar;D:\apache-maven-3.9.2-bin\apache-maven-3.9.2\repository\org\mybatis\spring\boot\mybatis-spring-boot-starter\2.3.0\mybatis-spring-boot-starter-2.3.0.jar;D:\apache-maven-3.9.2-bin\apache-maven-3.9.2\repository\org\springframework\boot\spring-boot-starter\2.7.6\spring-boot-starter-2.7.6.jar;D:\apache-maven-3.9.2-bin\apache-maven-3.9.2\repository\org\springframework\boot\spring-boot\2.7.6\spring-boot-2.7.6.jar;D:\apache-maven-3.9.2-bin\apache-maven-3.9.2\repository\org\springframework\boot\spring-boot-autoconfigure\2.7.6\spring-boot-autoconfigure-2.7.6.jar;D:\apache-maven-3.9.2-bin\apache-maven-3.9.2\repository\org\springframework\boot\spring-boot-starter-logging\2.7.6\spring-boot-starter-logging-2.7.6.jar;D:\apache-maven-3.9.2-bin\apache-maven-3.9.2\repository\ch\qos\logback\logback-classic\1.2.11\logback-classic-1.2.11.jar;D:\apache-maven-3.9.2-bin\apache-maven-3.9.2\repository\ch\qos\logback\logback-core\1.2.11\logback-core-1.2.11.jar;D:\apache-maven-3.9.2-bin\apache-maven-3.9.2\repository\org\apache\logging\log4j\log4j-to-slf4j\2.17.2\log4j-to-slf4j-2.17.2.jar;D:\apache-maven-3.9.2-bin\apache-maven-3.9.2\repository\org\slf4j\jul-to-slf4j\1.7.36\jul-to-slf4j-1.7.36.jar;D:\apache-maven-3.9.2-bin\apache-maven-3.9.2\repository\jakarta\annotation\jakarta.annotation-api\1.
Launcher Type: SUN_STANDARD

[Global flags]
     bool BytecodeVerificationLocal                = false                                     {product} {command line}
     bool BytecodeVerificationRemote               = false                                     {product} {command line}
     intx CICompilerCount                          = 4                                         {product} {ergonomic}
     uint ConcGCThreads                            = 3                                         {product} {ergonomic}
     uint G1ConcRefinementThreads                  = 10                                        {product} {ergonomic}
   size_t G1HeapRegionSize                         = 4194304                                   {product} {ergonomic}
    uintx GCDrainStackTargetSize                   = 64                                        {product} {ergonomic}
   size_t InitialHeapSize                          = 536870912                                 {product} {ergonomic}
     bool ManagementServer                         = true                                      {product} {command line}
   size_t MarkStackSize                            = 4194304                                   {product} {ergonomic}
   size_t MaxHeapSize                              = 21474836480                               {product} {command line}
   size_t MaxNewSize                               = 12884901888                               {product} {ergonomic}
   size_t MinHeapDeltaBytes                        = 4194304                                   {product} {ergonomic}
    uintx NonNMethodCodeHeapSize                   = 7549744                                {pd product} {ergonomic}
    uintx NonProfiledCodeHeapSize                  = 244108496                              {pd product} {ergonomic}
    uintx ProfiledCodeHeapSize                     = 0                                      {pd product} {ergonomic}
    uintx ReservedCodeCacheSize                    = 251658240                              {pd product} {ergonomic}
     bool SegmentedCodeCache                       = true                                      {product} {ergonomic}
     intx TieredStopAtLevel                        = 1                                         {product} {command line}
     bool UseCompressedClassPointers               = true                                 {lp64_product} {ergonomic}
     bool UseCompressedOops                        = true                                 {lp64_product} {ergonomic}
     bool UseG1GC                                  = true                                      {product} {ergonomic}
     bool UseLargePagesIndividualAllocation        = false                                  {pd product} {ergonomic}

Logging:
Log output configuration:
 #0: stdout all=warning uptime,level,tags
 #1: stderr all=off uptime,level,tags

Environment Variables:
JAVA_HOME=C:\Program Files\Java\jdk1.8.0_202
PATH=D:\nodejs\node_modules\yarn\bin;D:\vmware\bin\;C:\WINDOWS\system32;C:\WINDOWS;C:\WINDOWS\System32\Wbem;C:\WINDOWS\System32\WindowsPowerShell\v1.0\;C:\WINDOWS\System32\OpenSSH\;C:\Program Files (x86)\Microsoft SQL Server\160\Tools\Binn\;C:\Program Files\Microsoft SQL Server\160\Tools\Binn\;C:\Program Files\Microsoft SQL Server\Client SDK\ODBC\170\Tools\Binn\;C:\Program Files\Microsoft SQL Server\160\DTS\Binn\;C:\Program Files (x86)\Microsoft SQL Server\160\DTS\Binn\;D:\apache-maven-3.9.2-bin\apache-maven-3.9.2\bin;C:\Program Files\Java\jdk1.8.0_202\bin;D:\Git\cmd;C:\Program Files\Microsoft SQL Server\130\Tools\Binn\;C:\Program Files\dotnet\;D:\spark\spark-3.4.1-bin-hadoop3\bin;C:\Program Files\Java\jdk1.8.0_202\jre\bin;D:\hive\apache-hive-3.1.2-bin\bin;C:\Users\admin\AppData\Local\Programs\Python\Python311\bin;D:\nvm\nvm;D:\nodejs;C:\Users\admin\AppData\Local\Programs\Python\Python311\Scripts\;C:\Users\admin\AppData\Local\Programs\Python\Python311\;C:\Users\admin\AppData\Local\Microsoft\WindowsApps;C:\Program Files\Azure Data Studio\bin;C:\Users\admin\.dotnet\tools;C:\Users\admin\AppData\Local\Coursier\data\bin;C:\Users\admin\AppData\Roaming\npm;D:\vscode\Microsoft VS Code\bin;D:\nvm\nvm;D:\nodejs;C:\Users\admin\AppData\Local\Yarn\bin;D:\pycharm\PyCharm 2024.2.3\bin;
USERNAME=admin
OS=Windows_NT
PROCESSOR_IDENTIFIER=AMD64 Family 23 Model 113 Stepping 0, AuthenticAMD



---------------  S Y S T E M  ---------------

OS: Windows 10 , 64 bit Build 19041 (10.0.19041.4842)

CPU:total 12 (initial active 12) (12 cores per cpu, 2 threads per core) family 23 model 113 stepping 0, cmov, cx8, fxsr, mmx, sse, sse2, sse3, ssse3, sse4.1, sse4.2, popcnt, avx, avx2, aes, clmul, mmxext, 3dnowpref, lzcnt, sse4a, ht, tsc, tscinvbit, tscinv, bmi1, bmi2, adx, sha, fma

Memory: 4k page, system-wide physical 32716M (16159M free)
TotalPageFile size 52372M (AvailPageFile size 338M)
current process WorkingSet (physical memory assigned to process): 1195M, peak: 1195M
current process commit charge ("private bytes"): 1258M, peak: 1602M

vm_info: Java HotSpot(TM) 64-Bit Server VM (11.0.6+8-LTS) for windows-amd64 JRE (11.0.6+8-LTS), built on Dec 11 2019 09:17:57 by "mach5one" with MS VC++ 15.5 (VS2017)

END.
