#
# There is insufficient memory for the Java Runtime Environment to continue.
# Native memory allocation (mmap) failed to map 1874853888 bytes for Failed to commit area from 0x000000036fc00000 to 0x00000003df800000 of length 1874853888.
# Possible reasons:
#   The system is out of physical RAM or swap space
#   The process is running with CompressedOops enabled, and the Java Heap may be blocking the growth of the native heap
# Possible solutions:
#   Reduce memory load on the system
#   Increase physical memory or swap space
#   Check if swap backing store is full
#   Decrease Java heap size (-Xmx/-Xms)
#   Decrease number of Java threads
#   Decrease Java thread stack sizes (-Xss)
#   Set larger code cache with -XX:ReservedCodeCacheSize=
#   JVM is running with Zero Based Compressed Oops mode in which the Java heap is
#     placed in the first 32GB address space. The Java Heap base address is the
#     maximum limit for the native heap growth. Please use -XX:HeapBaseMinAddress
#     to set the Java Heap base and to place the Java Heap above 32GB virtual address.
# This output file may be truncated or incomplete.
#
#  Out of Memory Error (t:/workspace/open/src/hotspot/os/windows/os_windows.cpp:3271), pid=996, tid=2604
#
# JRE version: Java(TM) SE Runtime Environment (11.0.6+8) (build 11.0.6+8-LTS)
# Java VM: Java HotSpot(TM) 64-Bit Server VM (11.0.6+8-LTS, mixed mode, tiered, compressed oops, g1 gc, windows-amd64)
# No core dump will be written. Minidumps are not enabled by default on client versions of Windows
#

---------------  S U M M A R Y ------------

Command Line: -Xmx20480m -XX:TieredStopAtLevel=1 -Xverify:none -Dspring.output.ansi.enabled=always -Dcom.sun.management.jmxremote -Dspring.jmx.enabled=true -Dspring.liveBeansView.mbeanDomain -Dspring.application.admin.enabled=true -Dmanagement.endpoints.jmx.exposure.include=* -javaagent:C:\Program Files\JetBrains\IntelliJ IDEA 2023.1.2\lib\idea_rt.jar=56072:C:\Program Files\JetBrains\IntelliJ IDEA 2023.1.2\bin -Dfile.encoding=UTF-8 org.example.HpdEpcApplication

Host: AMD Ryzen 5 3600X 6-Core Processor             , 12 cores, 31G,  Windows 10 , 64 bit Build 19041 (10.0.19041.4957)
Time: Tue Oct 29 10:15:02 2024 中国标准时间 elapsed time: 250 seconds (0d 0h 4m 10s)

---------------  T H R E A D  ---------------

Current thread (0x0000026c7bc2c000):  VMThread "VM Thread" [stack: 0x000000cf0d800000,0x000000cf0d900000] [id=2604]

Stack: [0x000000cf0d800000,0x000000cf0d900000]
[error occurred during error reporting (printing stack bounds), id 0xc0000005, EXCEPTION_ACCESS_VIOLATION (0xc0000005) at pc=0x0000026c617d0bad]

Native frames: (J=compiled Java code, j=interpreted, Vv=VM code, C=native code)
V  [jvm.dll+0x63679a]
V  [jvm.dll+0x7755bf]
V  [jvm.dll+0x776c65]
V  [jvm.dll+0x777235]
V  [jvm.dll+0x7771eb]
V  [jvm.dll+0x635e96]
V  [jvm.dll+0x636268]
C  [ntdll.dll+0xa28bf]
C  [ntdll.dll+0x52554]
C  [ntdll.dll+0xa13ce]
C  0x0000026c617d0bad

VM_Operation (0x000000cf113fc1c0): G1CollectForAllocation, mode: safepoint, requested by thread 0x0000026c281d3800


---------------  P R O C E S S  ---------------

Threads class SMR info:
_java_thread_list=0x0000026c7dd5a2e0, length=55, elements={
0x0000026c7bc50800, 0x0000026c7bc5a800, 0x0000026c7bcca000, 0x0000026c7bccb000,
0x0000026c7bccc000, 0x0000026c7bccf000, 0x0000026c70ef8800, 0x0000026c7c321000,
0x0000026c7c333800, 0x0000026c7c47d800, 0x0000026c7d100000, 0x0000026c7dc44000,
0x0000026c7dc3b800, 0x0000026c7dc3e000, 0x0000026c7dc82800, 0x0000026c7de87800,
0x0000026c28025800, 0x0000026c28023800, 0x0000026c28025000, 0x0000026c28027800,
0x0000026c28029000, 0x0000026c28026800, 0x0000026c28028000, 0x0000026c28024000,
0x0000026c2802a000, 0x0000026c281c5800, 0x0000026c281c7000, 0x0000026c281c9800,
0x0000026c281c9000, 0x0000026c281c6800, 0x0000026c281c8000, 0x0000026c281ca800,
0x0000026c281c4800, 0x0000026c281ce800, 0x0000026c281cf800, 0x0000026c281d1000,
0x0000026c281cc000, 0x0000026c281d0000, 0x0000026c281cb000, 0x0000026c281d1800,
0x0000026c281d2800, 0x0000026c281cd000, 0x0000026c281d3800, 0x0000026c281cd800,
0x0000026c284e4800, 0x0000026c284e3000, 0x0000026c284e3800, 0x0000026c284e5800,
0x0000026c284e6000, 0x0000026c284e2000, 0x0000026c284e7000, 0x0000026c284e1800,
0x0000026c284e8800, 0x0000026c284ea800, 0x0000026c284eb000
}

Java Threads: ( => current thread )
  0x0000026c7bc50800 JavaThread "Reference Handler" daemon [_thread_blocked, id=30600, stack(0x000000cf0d900000,0x000000cf0da00000)]
  0x0000026c7bc5a800 JavaThread "Finalizer" daemon [_thread_blocked, id=17992, stack(0x000000cf0da00000,0x000000cf0db00000)]
  0x0000026c7bcca000 JavaThread "Signal Dispatcher" daemon [_thread_blocked, id=30916, stack(0x000000cf0db00000,0x000000cf0dc00000)]
  0x0000026c7bccb000 JavaThread "Attach Listener" daemon [_thread_blocked, id=26292, stack(0x000000cf0dc00000,0x000000cf0dd00000)]
  0x0000026c7bccc000 JavaThread "C1 CompilerThread0" daemon [_thread_blocked, id=15264, stack(0x000000cf0dd00000,0x000000cf0de00000)]
  0x0000026c7bccf000 JavaThread "Sweeper thread" daemon [_thread_blocked, id=30588, stack(0x000000cf0de00000,0x000000cf0df00000)]
  0x0000026c70ef8800 JavaThread "Common-Cleaner" daemon [_thread_blocked, id=3472, stack(0x000000cf0df00000,0x000000cf0e000000)]
  0x0000026c7c321000 JavaThread "Monitor Ctrl-Break" daemon [_thread_in_native, id=29628, stack(0x000000cf0e000000,0x000000cf0e100000)]
  0x0000026c7c333800 JavaThread "Service Thread" daemon [_thread_blocked, id=13916, stack(0x000000cf0e100000,0x000000cf0e200000)]
  0x0000026c7c47d800 JavaThread "RMI TCP Accept-0" daemon [_thread_in_native, id=30144, stack(0x000000cf0e200000,0x000000cf0e300000)]
  0x0000026c7d100000 JavaThread "RMI Scheduler(0)" daemon [_thread_blocked, id=25088, stack(0x000000cf0ef00000,0x000000cf0f000000)]
  0x0000026c7dc44000 JavaThread "Catalina-utility-1" [_thread_blocked, id=31660, stack(0x000000cf0f000000,0x000000cf0f100000)]
  0x0000026c7dc3b800 JavaThread "Catalina-utility-2" [_thread_blocked, id=5884, stack(0x000000cf0f300000,0x000000cf0f400000)]
  0x0000026c7dc3e000 JavaThread "container-0" [_thread_blocked, id=29936, stack(0x000000cf0f400000,0x000000cf0f500000)]
  0x0000026c7dc82800 JavaThread "mysql-cj-abandoned-connection-cleanup" daemon [_thread_blocked, id=27512, stack(0x000000cf0f500000,0x000000cf0f600000)]
  0x0000026c7de87800 JavaThread "mysql housekeeper" daemon [_thread_blocked, id=21804, stack(0x000000cf0f700000,0x000000cf0f800000)]
  0x0000026c28025800 JavaThread "pool-2-thread-1" [_thread_in_native, id=24800, stack(0x000000cf0f900000,0x000000cf0fa00000)]
  0x0000026c28023800 JavaThread "I/O dispatcher 1" [_thread_in_native, id=15332, stack(0x000000cf0fa00000,0x000000cf0fb00000)]
  0x0000026c28025000 JavaThread "I/O dispatcher 2" [_thread_in_native, id=11960, stack(0x000000cf0fb00000,0x000000cf0fc00000)]
  0x0000026c28027800 JavaThread "I/O dispatcher 3" [_thread_in_native, id=3556, stack(0x000000cf0fc00000,0x000000cf0fd00000)]
  0x0000026c28029000 JavaThread "I/O dispatcher 4" [_thread_in_native, id=5524, stack(0x000000cf0fd00000,0x000000cf0fe00000)]
  0x0000026c28026800 JavaThread "I/O dispatcher 5" [_thread_in_native, id=22300, stack(0x000000cf0fe00000,0x000000cf0ff00000)]
  0x0000026c28028000 JavaThread "I/O dispatcher 6" [_thread_in_native, id=24732, stack(0x000000cf0ff00000,0x000000cf10000000)]
  0x0000026c28024000 JavaThread "I/O dispatcher 7" [_thread_in_native, id=2168, stack(0x000000cf10000000,0x000000cf10100000)]
  0x0000026c2802a000 JavaThread "I/O dispatcher 8" [_thread_in_native, id=30712, stack(0x000000cf10100000,0x000000cf10200000)]
  0x0000026c281c5800 JavaThread "I/O dispatcher 9" [_thread_in_native, id=16960, stack(0x000000cf10200000,0x000000cf10300000)]
  0x0000026c281c7000 JavaThread "I/O dispatcher 10" [_thread_in_native, id=21848, stack(0x000000cf10300000,0x000000cf10400000)]
  0x0000026c281c9800 JavaThread "I/O dispatcher 11" [_thread_in_native, id=1964, stack(0x000000cf10400000,0x000000cf10500000)]
  0x0000026c281c9000 JavaThread "I/O dispatcher 12" [_thread_in_native, id=25884, stack(0x000000cf10500000,0x000000cf10600000)]
  0x0000026c281c6800 JavaThread "pool-3-thread-1" [_thread_in_native, id=30652, stack(0x000000cf10600000,0x000000cf10700000)]
  0x0000026c281c8000 JavaThread "I/O dispatcher 13" [_thread_in_native, id=5384, stack(0x000000cf10700000,0x000000cf10800000)]
  0x0000026c281ca800 JavaThread "I/O dispatcher 14" [_thread_in_native, id=30016, stack(0x000000cf10800000,0x000000cf10900000)]
  0x0000026c281c4800 JavaThread "I/O dispatcher 15" [_thread_in_native, id=28352, stack(0x000000cf10900000,0x000000cf10a00000)]
  0x0000026c281ce800 JavaThread "I/O dispatcher 16" [_thread_in_native, id=3296, stack(0x000000cf10a00000,0x000000cf10b00000)]
  0x0000026c281cf800 JavaThread "I/O dispatcher 17" [_thread_in_native, id=11172, stack(0x000000cf10b00000,0x000000cf10c00000)]
  0x0000026c281d1000 JavaThread "I/O dispatcher 18" [_thread_in_native, id=15776, stack(0x000000cf10c00000,0x000000cf10d00000)]
  0x0000026c281cc000 JavaThread "I/O dispatcher 19" [_thread_in_native, id=29652, stack(0x000000cf10d00000,0x000000cf10e00000)]
  0x0000026c281d0000 JavaThread "I/O dispatcher 20" [_thread_in_native, id=13756, stack(0x000000cf10e00000,0x000000cf10f00000)]
  0x0000026c281cb000 JavaThread "I/O dispatcher 21" [_thread_in_native, id=25216, stack(0x000000cf10f00000,0x000000cf11000000)]
  0x0000026c281d1800 JavaThread "I/O dispatcher 22" [_thread_in_native, id=18900, stack(0x000000cf11000000,0x000000cf11100000)]
  0x0000026c281d2800 JavaThread "I/O dispatcher 23" [_thread_in_native, id=16524, stack(0x000000cf11100000,0x000000cf11200000)]
  0x0000026c281cd000 JavaThread "I/O dispatcher 24" [_thread_in_native, id=27504, stack(0x000000cf11200000,0x000000cf11300000)]
  0x0000026c281d3800 JavaThread "http-nio-8088-exec-1" daemon [_thread_blocked, id=22688, stack(0x000000cf11300000,0x000000cf11400000)]
  0x0000026c281cd800 JavaThread "http-nio-8088-exec-2" daemon [_thread_blocked, id=26060, stack(0x000000cf11400000,0x000000cf11500000)]
  0x0000026c284e4800 JavaThread "http-nio-8088-exec-3" daemon [_thread_blocked, id=15976, stack(0x000000cf11500000,0x000000cf11600000)]
  0x0000026c284e3000 JavaThread "http-nio-8088-exec-4" daemon [_thread_blocked, id=25472, stack(0x000000cf11600000,0x000000cf11700000)]
  0x0000026c284e3800 JavaThread "http-nio-8088-exec-5" daemon [_thread_blocked, id=28216, stack(0x000000cf11700000,0x000000cf11800000)]
  0x0000026c284e5800 JavaThread "http-nio-8088-exec-6" daemon [_thread_blocked, id=9612, stack(0x000000cf11800000,0x000000cf11900000)]
  0x0000026c284e6000 JavaThread "http-nio-8088-exec-7" daemon [_thread_blocked, id=12076, stack(0x000000cf11900000,0x000000cf11a00000)]
  0x0000026c284e2000 JavaThread "http-nio-8088-exec-8" daemon [_thread_blocked, id=10492, stack(0x000000cf11a00000,0x000000cf11b00000)]
  0x0000026c284e7000 JavaThread "http-nio-8088-exec-9" daemon [_thread_blocked, id=16336, stack(0x000000cf11b00000,0x000000cf11c00000)]
  0x0000026c284e1800 JavaThread "http-nio-8088-exec-10" daemon [_thread_blocked, id=23364, stack(0x000000cf11c00000,0x000000cf11d00000)]
  0x0000026c284e8800 JavaThread "http-nio-8088-Poller" daemon [_thread_in_native, id=21220, stack(0x000000cf11d00000,0x000000cf11e00000)]
  0x0000026c284ea800 JavaThread "http-nio-8088-Acceptor" daemon [_thread_in_native, id=4848, stack(0x000000cf11e00000,0x000000cf11f00000)]
  0x0000026c284eb000 JavaThread "DestroyJavaVM" [_thread_blocked, id=27244, stack(0x000000cf0d200000,0x000000cf0d300000)]

Other Threads:
=>0x0000026c7bc2c000 VMThread "VM Thread" [stack: 0x000000cf0d800000,0x000000cf0d900000] [id=2604]
  0x0000026c7c497800 WatcherThread [stack: 0x000000cf0e300000,0x000000cf0e400000] [id=10260]
  0x0000026c59477000 GCTaskThread "GC Thread#0" [stack: 0x000000cf0d300000,0x000000cf0d400000] [id=23420]
  0x0000026c7c73b000 GCTaskThread "GC Thread#1" [stack: 0x000000cf0e500000,0x000000cf0e600000] [id=22796]
  0x0000026c7cfbb000 GCTaskThread "GC Thread#2" [stack: 0x000000cf0e600000,0x000000cf0e700000] [id=18308]
  0x0000026c7c73e000 GCTaskThread "GC Thread#3" [stack: 0x000000cf0e700000,0x000000cf0e800000] [id=11896]
  0x0000026c7d0a9800 GCTaskThread "GC Thread#4" [stack: 0x000000cf0e800000,0x000000cf0e900000] [id=24072]
  0x0000026c7d0aa000 GCTaskThread "GC Thread#5" [stack: 0x000000cf0e900000,0x000000cf0ea00000] [id=12428]
  0x0000026c7d0af000 GCTaskThread "GC Thread#6" [stack: 0x000000cf0ea00000,0x000000cf0eb00000] [id=29988]
  0x0000026c7d0af800 GCTaskThread "GC Thread#7" [stack: 0x000000cf0eb00000,0x000000cf0ec00000] [id=27356]
  0x0000026c7d0b0000 GCTaskThread "GC Thread#8" [stack: 0x000000cf0ec00000,0x000000cf0ed00000] [id=31704]
  0x0000026c7d0b5000 GCTaskThread "GC Thread#9" [stack: 0x000000cf0ed00000,0x000000cf0ee00000] [id=30464]
  0x0000026c594bd000 ConcurrentGCThread "G1 Main Marker" [stack: 0x000000cf0d400000,0x000000cf0d500000] [id=11940]
  0x0000026c594be800 ConcurrentGCThread "G1 Conc#0" [stack: 0x000000cf0d500000,0x000000cf0d600000] [id=26236]
  0x0000026c7d33d000 ConcurrentGCThread "G1 Conc#1" [stack: 0x000000cf0f100000,0x000000cf0f200000] [id=20716]
  0x0000026c7d33d800 ConcurrentGCThread "G1 Conc#2" [stack: 0x000000cf0f200000,0x000000cf0f300000] [id=26160]
  0x0000026c70e7e000 ConcurrentGCThread "G1 Refine#0" [stack: 0x000000cf0d600000,0x000000cf0d700000] [id=31172]
  0x0000026c7d0f2000 ConcurrentGCThread "G1 Refine#1" [stack: 0x000000cf0ee00000,0x000000cf0ef00000] [id=30796]
  0x0000026c28669000 ConcurrentGCThread "G1 Refine#2" [stack: 0x000000cf0cf00000,0x000000cf0d000000] [id=26772]
  0x0000026c2866a000 ConcurrentGCThread "G1 Refine#3" [stack: 0x000000cf0d000000,0x000000cf0d100000] [id=29000]
  0x0000026c2866b000 ConcurrentGCThread "G1 Refine#4" [stack: 0x000000cf0d100000,0x000000cf0d200000] [id=29848]
  0x0000026c2866b800 ConcurrentGCThread "G1 Refine#5" [stack: 0x000000cf0e400000,0x000000cf0e500000] [id=12408]
  0x0000026c7cf67800 ConcurrentGCThread "G1 Refine#6" [stack: 0x000000cf0f800000,0x000000cf0f900000] [id=30756]
  0x0000026c7c35f000 ConcurrentGCThread "G1 Refine#7" [stack: 0x000000cf11f00000,0x000000cf12000000] [id=1008]
  0x0000026c70e83000 ConcurrentGCThread "G1 Young RemSet Sampling" [stack: 0x000000cf0d700000,0x000000cf0d800000] [id=24868]

Threads with active compile tasks:

VM state:at safepoint (normal execution)

VM Mutex/Monitor currently owned by a thread:  ([mutex/lock_event])
[0x0000026c5945ef20] Threads_lock - owner thread: 0x0000026c7bc2c000
[0x0000026c5945e110] Heap_lock - owner thread: 0x0000026c281d3800

Heap address: 0x0000000300000000, size: 20480 MB, Compressed Oops mode: Zero based, Oop shift amount: 3
Narrow klass base: 0x0000000800000000, Narrow klass shift: 0
Compressed class space size: 1073741824 Address: 0x0000000800000000

Heap:
 garbage-first heap   total 3661824K, used 610793K [0x0000000300000000, 0x0000000800000000)
  region size 4096K, 10 young (40960K), 10 survivors (40960K)
 Metaspace       used 56607K, capacity 58438K, committed 58620K, reserved 1099776K
  class space    used 6932K, capacity 7694K, committed 7756K, reserved 1048576K
Heap Regions: E=young(eden), S=young(survivor), O=old, HS=humongous(starts), HC=humongous(continues), CS=collection set, F=free, A=archive, TAMS=top-at-mark-start (previous, next)
|   0|0x0000000300000000, 0x0000000300400000, 0x0000000300400000|100%| O|  |TAMS 0x0000000300400000, 0x0000000300000000| Untracked 
|   1|0x0000000300400000, 0x0000000300800000, 0x0000000300800000|100%| O|  |TAMS 0x0000000300800000, 0x0000000300400000| Untracked 
|   2|0x0000000300800000, 0x0000000300c00000, 0x0000000300c00000|100%| O|  |TAMS 0x0000000300c00000, 0x0000000300800000| Untracked 
|   3|0x0000000300c00000, 0x0000000301000000, 0x0000000301000000|100%| O|  |TAMS 0x0000000301000000, 0x0000000300c00000| Untracked 
|   4|0x0000000301000000, 0x0000000301400000, 0x0000000301400000|100%| O|  |TAMS 0x0000000301400000, 0x0000000301000000| Untracked 
|   5|0x0000000301400000, 0x0000000301800000, 0x0000000301800000|100%| O|  |TAMS 0x0000000301800000, 0x0000000301400000| Untracked 
|   6|0x0000000301800000, 0x0000000301c00000, 0x0000000301c00000|100%| O|  |TAMS 0x0000000301c00000, 0x0000000301800000| Untracked 
|   7|0x0000000301c00000, 0x0000000302000000, 0x0000000302000000|100%| O|  |TAMS 0x0000000302000000, 0x0000000301c00000| Untracked 
|   8|0x0000000302000000, 0x0000000302400000, 0x0000000302400000|100%| O|  |TAMS 0x0000000302400000, 0x0000000302000000| Untracked 
|   9|0x0000000302400000, 0x0000000302800000, 0x0000000302800000|100%| O|  |TAMS 0x0000000302800000, 0x0000000302400000| Untracked 
|  10|0x0000000302800000, 0x0000000302c00000, 0x0000000302c00000|100%| O|  |TAMS 0x0000000302c00000, 0x0000000302800000| Untracked 
|  11|0x0000000302c00000, 0x0000000303000000, 0x0000000303000000|100%| O|  |TAMS 0x0000000303000000, 0x0000000302c00000| Untracked 
|  12|0x0000000303000000, 0x0000000303400000, 0x0000000303400000|100%| O|  |TAMS 0x0000000303400000, 0x0000000303000000| Untracked 
|  13|0x0000000303400000, 0x0000000303800000, 0x0000000303800000|100%| O|  |TAMS 0x0000000303800000, 0x0000000303400000| Untracked 
|  14|0x0000000303800000, 0x0000000303c00000, 0x0000000303c00000|100%| O|  |TAMS 0x0000000303c00000, 0x0000000303800000| Untracked 
|  15|0x0000000303c00000, 0x0000000304000000, 0x0000000304000000|100%| O|  |TAMS 0x0000000304000000, 0x0000000303c00000| Untracked 
|  16|0x0000000304000000, 0x0000000304400000, 0x0000000304400000|100%| O|  |TAMS 0x0000000304400000, 0x0000000304000000| Untracked 
|  17|0x0000000304400000, 0x0000000304800000, 0x0000000304800000|100%| O|  |TAMS 0x0000000304800000, 0x0000000304400000| Untracked 
|  18|0x0000000304800000, 0x0000000304c00000, 0x0000000304c00000|100%| O|  |TAMS 0x0000000304c00000, 0x0000000304800000| Untracked 
|  19|0x0000000304c00000, 0x0000000305000000, 0x0000000305000000|100%| O|  |TAMS 0x0000000305000000, 0x0000000304c00000| Untracked 
|  20|0x0000000305000000, 0x0000000305400000, 0x0000000305400000|100%| O|  |TAMS 0x0000000305400000, 0x0000000305000000| Untracked 
|  21|0x0000000305400000, 0x0000000305800000, 0x0000000305800000|100%| O|  |TAMS 0x0000000305800000, 0x0000000305400000| Untracked 
|  22|0x0000000305800000, 0x0000000305c00000, 0x0000000305c00000|100%| O|  |TAMS 0x0000000305c00000, 0x0000000305800000| Untracked 
|  23|0x0000000305c00000, 0x0000000306000000, 0x0000000306000000|100%| O|  |TAMS 0x0000000306000000, 0x0000000305c00000| Untracked 
|  24|0x0000000306000000, 0x0000000306400000, 0x0000000306400000|100%| O|  |TAMS 0x0000000306400000, 0x0000000306000000| Untracked 
|  25|0x0000000306400000, 0x0000000306800000, 0x0000000306800000|100%| O|  |TAMS 0x0000000306800000, 0x0000000306400000| Untracked 
|  26|0x0000000306800000, 0x0000000306c00000, 0x0000000306c00000|100%| O|  |TAMS 0x0000000306c00000, 0x0000000306800000| Untracked 
|  27|0x0000000306c00000, 0x0000000307000000, 0x0000000307000000|100%| O|  |TAMS 0x0000000307000000, 0x0000000306c00000| Untracked 
|  28|0x0000000307000000, 0x0000000307400000, 0x0000000307400000|100%| O|  |TAMS 0x0000000307400000, 0x0000000307000000| Untracked 
|  29|0x0000000307400000, 0x0000000307800000, 0x0000000307800000|100%| O|  |TAMS 0x0000000307800000, 0x0000000307400000| Untracked 
|  30|0x0000000307800000, 0x0000000307c00000, 0x0000000307c00000|100%| O|  |TAMS 0x0000000307c00000, 0x0000000307800000| Untracked 
|  31|0x0000000307c00000, 0x0000000308000000, 0x0000000308000000|100%| O|  |TAMS 0x0000000308000000, 0x0000000307c00000| Untracked 
|  32|0x0000000308000000, 0x0000000308400000, 0x0000000308400000|100%| O|  |TAMS 0x0000000308400000, 0x0000000308000000| Untracked 
|  33|0x0000000308400000, 0x0000000308800000, 0x0000000308800000|100%| O|  |TAMS 0x0000000308800000, 0x0000000308400000| Untracked 
|  34|0x0000000308800000, 0x0000000308c00000, 0x0000000308c00000|100%| O|  |TAMS 0x0000000308c00000, 0x0000000308800000| Untracked 
|  35|0x0000000308c00000, 0x0000000309000000, 0x0000000309000000|100%| O|  |TAMS 0x0000000309000000, 0x0000000308c00000| Untracked 
|  36|0x0000000309000000, 0x0000000309400000, 0x0000000309400000|100%| O|  |TAMS 0x0000000309400000, 0x0000000309000000| Untracked 
|  37|0x0000000309400000, 0x0000000309800000, 0x0000000309800000|100%| O|  |TAMS 0x0000000309800000, 0x0000000309400000| Untracked 
|  38|0x0000000309800000, 0x0000000309c00000, 0x0000000309c00000|100%| O|  |TAMS 0x0000000309c00000, 0x0000000309800000| Untracked 
|  39|0x0000000309c00000, 0x000000030a000000, 0x000000030a000000|100%| O|  |TAMS 0x000000030a000000, 0x0000000309c00000| Untracked 
|  40|0x000000030a000000, 0x000000030a400000, 0x000000030a400000|100%| O|  |TAMS 0x000000030a400000, 0x000000030a000000| Untracked 
|  41|0x000000030a400000, 0x000000030a800000, 0x000000030a800000|100%| O|  |TAMS 0x000000030a800000, 0x000000030a400000| Untracked 
|  42|0x000000030a800000, 0x000000030ac00000, 0x000000030ac00000|100%| O|  |TAMS 0x000000030ac00000, 0x000000030a800000| Untracked 
|  43|0x000000030ac00000, 0x000000030b000000, 0x000000030b000000|100%| O|  |TAMS 0x000000030b000000, 0x000000030ac00000| Untracked 
|  44|0x000000030b000000, 0x000000030b400000, 0x000000030b400000|100%| O|  |TAMS 0x000000030b400000, 0x000000030b000000| Untracked 
|  45|0x000000030b400000, 0x000000030b800000, 0x000000030b800000|100%| O|  |TAMS 0x000000030b800000, 0x000000030b400000| Untracked 
|  46|0x000000030b800000, 0x000000030bc00000, 0x000000030bc00000|100%| O|  |TAMS 0x000000030bc00000, 0x000000030b800000| Untracked 
|  47|0x000000030bc00000, 0x000000030c000000, 0x000000030c000000|100%| O|  |TAMS 0x000000030c000000, 0x000000030bc00000| Untracked 
|  48|0x000000030c000000, 0x000000030c400000, 0x000000030c400000|100%| O|  |TAMS 0x000000030c400000, 0x000000030c000000| Untracked 
|  49|0x000000030c400000, 0x000000030c800000, 0x000000030c800000|100%| O|  |TAMS 0x000000030c800000, 0x000000030c400000| Untracked 
|  50|0x000000030c800000, 0x000000030cc00000, 0x000000030cc00000|100%| O|  |TAMS 0x000000030cc00000, 0x000000030c800000| Untracked 
|  51|0x000000030cc00000, 0x000000030d000000, 0x000000030d000000|100%| O|  |TAMS 0x000000030d000000, 0x000000030cc00000| Untracked 
|  52|0x000000030d000000, 0x000000030d400000, 0x000000030d400000|100%| O|  |TAMS 0x000000030d400000, 0x000000030d000000| Untracked 
|  53|0x000000030d400000, 0x000000030d800000, 0x000000030d800000|100%| O|  |TAMS 0x000000030d800000, 0x000000030d400000| Untracked 
|  54|0x000000030d800000, 0x000000030dc00000, 0x000000030dc00000|100%| O|  |TAMS 0x000000030dc00000, 0x000000030d800000| Untracked 
|  55|0x000000030dc00000, 0x000000030e000000, 0x000000030e000000|100%| O|  |TAMS 0x000000030e000000, 0x000000030dc00000| Untracked 
|  56|0x000000030e000000, 0x000000030e400000, 0x000000030e400000|100%| O|  |TAMS 0x000000030e400000, 0x000000030e000000| Untracked 
|  57|0x000000030e400000, 0x000000030e800000, 0x000000030e800000|100%| O|  |TAMS 0x000000030e800000, 0x000000030e400000| Untracked 
|  58|0x000000030e800000, 0x000000030ec00000, 0x000000030ec00000|100%| O|  |TAMS 0x000000030ec00000, 0x000000030e800000| Untracked 
|  59|0x000000030ec00000, 0x000000030f000000, 0x000000030f000000|100%| O|  |TAMS 0x000000030f000000, 0x000000030ec00000| Untracked 
|  60|0x000000030f000000, 0x000000030f400000, 0x000000030f400000|100%| O|  |TAMS 0x000000030f400000, 0x000000030f000000| Untracked 
|  61|0x000000030f400000, 0x000000030f800000, 0x000000030f800000|100%| O|  |TAMS 0x000000030f800000, 0x000000030f400000| Untracked 
|  62|0x000000030f800000, 0x000000030fc00000, 0x000000030fc00000|100%| O|  |TAMS 0x000000030fc00000, 0x000000030f800000| Untracked 
|  63|0x000000030fc00000, 0x0000000310000000, 0x0000000310000000|100%| O|  |TAMS 0x0000000310000000, 0x000000030fc00000| Untracked 
|  64|0x0000000310000000, 0x0000000310400000, 0x0000000310400000|100%| O|  |TAMS 0x0000000310400000, 0x0000000310000000| Untracked 
|  65|0x0000000310400000, 0x0000000310800000, 0x0000000310800000|100%| O|  |TAMS 0x0000000310800000, 0x0000000310400000| Untracked 
|  66|0x0000000310800000, 0x0000000310c00000, 0x0000000310c00000|100%| O|  |TAMS 0x0000000310c00000, 0x0000000310800000| Untracked 
|  67|0x0000000310c00000, 0x0000000311000000, 0x0000000311000000|100%| O|  |TAMS 0x0000000311000000, 0x0000000310c00000| Untracked 
|  68|0x0000000311000000, 0x0000000311400000, 0x0000000311400000|100%| O|  |TAMS 0x0000000311400000, 0x0000000311000000| Untracked 
|  69|0x0000000311400000, 0x0000000311800000, 0x0000000311800000|100%| O|  |TAMS 0x0000000311800000, 0x0000000311400000| Untracked 
|  70|0x0000000311800000, 0x0000000311c00000, 0x0000000311c00000|100%| O|  |TAMS 0x0000000311c00000, 0x0000000311800000| Untracked 
|  71|0x0000000311c00000, 0x0000000312000000, 0x0000000312000000|100%| O|  |TAMS 0x0000000312000000, 0x0000000311c00000| Untracked 
|  72|0x0000000312000000, 0x0000000312400000, 0x0000000312400000|100%| O|  |TAMS 0x0000000312400000, 0x0000000312000000| Untracked 
|  73|0x0000000312400000, 0x0000000312800000, 0x0000000312800000|100%| O|  |TAMS 0x0000000312800000, 0x0000000312400000| Untracked 
|  74|0x0000000312800000, 0x0000000312c00000, 0x0000000312c00000|100%| O|  |TAMS 0x0000000312c00000, 0x0000000312800000| Untracked 
|  75|0x0000000312c00000, 0x0000000313000000, 0x0000000313000000|100%| O|  |TAMS 0x0000000313000000, 0x0000000312c00000| Untracked 
|  76|0x0000000313000000, 0x0000000313400000, 0x0000000313400000|100%| O|  |TAMS 0x0000000313400000, 0x0000000313000000| Untracked 
|  77|0x0000000313400000, 0x0000000313800000, 0x0000000313800000|100%| O|  |TAMS 0x0000000313800000, 0x0000000313400000| Untracked 
|  78|0x0000000313800000, 0x0000000313c00000, 0x0000000313c00000|100%| O|  |TAMS 0x0000000313c00000, 0x0000000313800000| Untracked 
|  79|0x0000000313c00000, 0x0000000314000000, 0x0000000314000000|100%| O|  |TAMS 0x0000000314000000, 0x0000000313c00000| Untracked 
|  80|0x0000000314000000, 0x0000000314400000, 0x0000000314400000|100%| O|  |TAMS 0x0000000314181600, 0x0000000314000000| Untracked 
|  81|0x0000000314400000, 0x0000000314800000, 0x0000000314800000|100%| O|  |TAMS 0x0000000314400000, 0x0000000314400000| Untracked 
|  82|0x0000000314800000, 0x0000000314c00000, 0x0000000314c00000|100%| O|  |TAMS 0x0000000314800000, 0x0000000314800000| Untracked 
|  83|0x0000000314c00000, 0x0000000315000000, 0x0000000315000000|100%| O|  |TAMS 0x0000000314c00000, 0x0000000314c00000| Untracked 
|  84|0x0000000315000000, 0x0000000315400000, 0x0000000315400000|100%| O|  |TAMS 0x0000000315000000, 0x0000000315000000| Untracked 
|  85|0x0000000315400000, 0x0000000315800000, 0x0000000315800000|100%| O|  |TAMS 0x0000000315400000, 0x0000000315400000| Untracked 
|  86|0x0000000315800000, 0x0000000315c00000, 0x0000000315c00000|100%| O|  |TAMS 0x0000000315800000, 0x0000000315800000| Untracked 
|  87|0x0000000315c00000, 0x0000000316000000, 0x0000000316000000|100%| O|  |TAMS 0x0000000315c00000, 0x0000000315c00000| Untracked 
|  88|0x0000000316000000, 0x0000000316400000, 0x0000000316400000|100%| O|  |TAMS 0x0000000316000000, 0x0000000316000000| Untracked 
|  89|0x0000000316400000, 0x0000000316800000, 0x0000000316800000|100%| O|  |TAMS 0x0000000316400000, 0x0000000316400000| Untracked 
|  90|0x0000000316800000, 0x0000000316c00000, 0x0000000316c00000|100%| O|  |TAMS 0x0000000316800000, 0x0000000316800000| Untracked 
|  91|0x0000000316c00000, 0x0000000317000000, 0x0000000317000000|100%| O|  |TAMS 0x0000000316c00000, 0x0000000316c00000| Untracked 
|  92|0x0000000317000000, 0x0000000317400000, 0x0000000317400000|100%| O|  |TAMS 0x0000000317000000, 0x0000000317000000| Untracked 
|  93|0x0000000317400000, 0x0000000317800000, 0x0000000317800000|100%| O|  |TAMS 0x0000000317400000, 0x0000000317400000| Untracked 
|  94|0x0000000317800000, 0x0000000317c00000, 0x0000000317c00000|100%| O|  |TAMS 0x0000000317800000, 0x0000000317800000| Untracked 
|  95|0x0000000317c00000, 0x0000000318000000, 0x0000000318000000|100%| O|  |TAMS 0x0000000317c00000, 0x0000000317c00000| Untracked 
|  96|0x0000000318000000, 0x0000000318400000, 0x0000000318400000|100%| O|  |TAMS 0x0000000318000000, 0x0000000318000000| Untracked 
|  97|0x0000000318400000, 0x0000000318800000, 0x0000000318800000|100%| O|  |TAMS 0x0000000318400000, 0x0000000318400000| Untracked 
|  98|0x0000000318800000, 0x0000000318c00000, 0x0000000318c00000|100%| O|  |TAMS 0x0000000318800000, 0x0000000318800000| Untracked 
|  99|0x0000000318c00000, 0x0000000319000000, 0x0000000319000000|100%| O|  |TAMS 0x0000000318c00000, 0x0000000318c00000| Untracked 
| 100|0x0000000319000000, 0x0000000319400000, 0x0000000319400000|100%| O|  |TAMS 0x0000000319000000, 0x0000000319000000| Untracked 
| 101|0x0000000319400000, 0x0000000319800000, 0x0000000319800000|100%| O|  |TAMS 0x0000000319400000, 0x0000000319400000| Untracked 
| 102|0x0000000319800000, 0x0000000319c00000, 0x0000000319c00000|100%| O|  |TAMS 0x0000000319800000, 0x0000000319800000| Untracked 
| 103|0x0000000319c00000, 0x000000031a000000, 0x000000031a000000|100%| O|  |TAMS 0x0000000319c00000, 0x0000000319c00000| Untracked 
| 104|0x000000031a000000, 0x000000031a400000, 0x000000031a400000|100%| O|  |TAMS 0x000000031a000000, 0x000000031a000000| Untracked 
| 105|0x000000031a400000, 0x000000031a800000, 0x000000031a800000|100%| O|  |TAMS 0x000000031a400000, 0x000000031a400000| Untracked 
| 106|0x000000031a800000, 0x000000031ac00000, 0x000000031ac00000|100%| O|  |TAMS 0x000000031a800000, 0x000000031a800000| Untracked 
| 107|0x000000031ac00000, 0x000000031b000000, 0x000000031b000000|100%| O|  |TAMS 0x000000031ac00000, 0x000000031ac00000| Untracked 
| 108|0x000000031b000000, 0x000000031b400000, 0x000000031b400000|100%| O|  |TAMS 0x000000031b000000, 0x000000031b000000| Untracked 
| 109|0x000000031b400000, 0x000000031b800000, 0x000000031b800000|100%| O|  |TAMS 0x000000031b400000, 0x000000031b400000| Untracked 
| 110|0x000000031b800000, 0x000000031bc00000, 0x000000031bc00000|100%| O|  |TAMS 0x000000031b800000, 0x000000031b800000| Untracked 
| 111|0x000000031bc00000, 0x000000031c000000, 0x000000031c000000|100%| O|  |TAMS 0x000000031bc00000, 0x000000031bc00000| Untracked 
| 112|0x000000031c000000, 0x000000031c400000, 0x000000031c400000|100%| O|  |TAMS 0x000000031c000000, 0x000000031c000000| Untracked 
| 113|0x000000031c400000, 0x000000031c800000, 0x000000031c800000|100%| O|  |TAMS 0x000000031c400000, 0x000000031c400000| Untracked 
| 114|0x000000031c800000, 0x000000031cc00000, 0x000000031cc00000|100%| O|  |TAMS 0x000000031c800000, 0x000000031c800000| Untracked 
| 115|0x000000031cc00000, 0x000000031d000000, 0x000000031d000000|100%| O|  |TAMS 0x000000031cc00000, 0x000000031cc00000| Untracked 
| 116|0x000000031d000000, 0x000000031d400000, 0x000000031d400000|100%| O|  |TAMS 0x000000031d000000, 0x000000031d000000| Untracked 
| 117|0x000000031d400000, 0x000000031d800000, 0x000000031d800000|100%| O|  |TAMS 0x000000031d400000, 0x000000031d400000| Untracked 
| 118|0x000000031d800000, 0x000000031dc00000, 0x000000031dc00000|100%| O|  |TAMS 0x000000031d800000, 0x000000031d800000| Untracked 
| 119|0x000000031dc00000, 0x000000031e000000, 0x000000031e000000|100%| O|  |TAMS 0x000000031dc00000, 0x000000031dc00000| Untracked 
| 120|0x000000031e000000, 0x000000031e400000, 0x000000031e400000|100%| O|  |TAMS 0x000000031e000000, 0x000000031e000000| Untracked 
| 121|0x000000031e400000, 0x000000031e800000, 0x000000031e800000|100%| O|  |TAMS 0x000000031e400000, 0x000000031e400000| Untracked 
| 122|0x000000031e800000, 0x000000031ec00000, 0x000000031ec00000|100%| O|  |TAMS 0x000000031e800000, 0x000000031e800000| Untracked 
| 123|0x000000031ec00000, 0x000000031f000000, 0x000000031f000000|100%| O|  |TAMS 0x000000031ec00000, 0x000000031ec00000| Untracked 
| 124|0x000000031f000000, 0x000000031f400000, 0x000000031f400000|100%| O|  |TAMS 0x000000031f000000, 0x000000031f000000| Untracked 
| 125|0x000000031f400000, 0x000000031f800000, 0x000000031f800000|100%| O|  |TAMS 0x000000031f400000, 0x000000031f400000| Untracked 
| 126|0x000000031f800000, 0x000000031fc00000, 0x000000031fc00000|100%| O|  |TAMS 0x000000031f800000, 0x000000031f800000| Untracked 
| 127|0x000000031fc00000, 0x0000000320000000, 0x0000000320000000|100%| O|  |TAMS 0x000000031fc00000, 0x000000031fc00000| Untracked 
| 128|0x0000000320000000, 0x0000000320400000, 0x0000000320400000|100%| O|  |TAMS 0x0000000320000000, 0x0000000320000000| Untracked 
| 129|0x0000000320400000, 0x0000000320800000, 0x0000000320800000|100%| O|  |TAMS 0x0000000320400000, 0x0000000320400000| Untracked 
| 130|0x0000000320800000, 0x0000000320c00000, 0x0000000320c00000|100%| O|  |TAMS 0x0000000320800000, 0x0000000320800000| Untracked 
| 131|0x0000000320c00000, 0x0000000321000000, 0x0000000321000000|100%| O|  |TAMS 0x0000000320c00000, 0x0000000320c00000| Untracked 
| 132|0x0000000321000000, 0x0000000321400000, 0x0000000321400000|100%| O|  |TAMS 0x0000000321000000, 0x0000000321000000| Untracked 
| 133|0x0000000321400000, 0x0000000321800000, 0x0000000321800000|100%| O|  |TAMS 0x0000000321400000, 0x0000000321400000| Untracked 
| 134|0x0000000321800000, 0x0000000321c00000, 0x0000000321c00000|100%| O|  |TAMS 0x0000000321800000, 0x0000000321800000| Untracked 
| 135|0x0000000321c00000, 0x0000000322000000, 0x0000000322000000|100%| O|  |TAMS 0x0000000321c00000, 0x0000000321c00000| Untracked 
| 136|0x0000000322000000, 0x0000000322400000, 0x0000000322400000|100%| O|  |TAMS 0x0000000322000000, 0x0000000322000000| Untracked 
| 137|0x0000000322400000, 0x0000000322800000, 0x0000000322800000|100%| O|  |TAMS 0x0000000322400000, 0x0000000322400000| Untracked 
| 138|0x0000000322800000, 0x0000000322c00000, 0x0000000322c00000|100%| O|  |TAMS 0x0000000322800000, 0x0000000322800000| Untracked 
| 139|0x0000000322c00000, 0x0000000322cf0408, 0x0000000323000000| 23%| O|  |TAMS 0x0000000322c00000, 0x0000000322c00000| Untracked 
| 140|0x0000000323000000, 0x0000000323000000, 0x0000000323400000|  0%| F|  |TAMS 0x0000000323000000, 0x0000000323000000| Untracked 
| 141|0x0000000323400000, 0x0000000323400000, 0x0000000323800000|  0%| F|  |TAMS 0x0000000323400000, 0x0000000323400000| Untracked 
| 142|0x0000000323800000, 0x0000000323800000, 0x0000000323c00000|  0%| F|  |TAMS 0x0000000323800000, 0x0000000323800000| Untracked 
| 143|0x0000000323c00000, 0x0000000323c00000, 0x0000000324000000|  0%| F|  |TAMS 0x0000000323c00000, 0x0000000323c00000| Untracked 
| 144|0x0000000324000000, 0x0000000324000000, 0x0000000324400000|  0%| F|  |TAMS 0x0000000324000000, 0x0000000324000000| Untracked 
| 145|0x0000000324400000, 0x0000000324400000, 0x0000000324800000|  0%| F|  |TAMS 0x0000000324400000, 0x0000000324400000| Untracked 
| 146|0x0000000324800000, 0x0000000324800000, 0x0000000324c00000|  0%| F|  |TAMS 0x0000000324800000, 0x0000000324800000| Untracked 
| 147|0x0000000324c00000, 0x0000000324c00000, 0x0000000325000000|  0%| F|  |TAMS 0x0000000324c00000, 0x0000000324c00000| Untracked 
| 148|0x0000000325000000, 0x0000000325000000, 0x0000000325400000|  0%| F|  |TAMS 0x0000000325000000, 0x0000000325000000| Untracked 
| 149|0x0000000325400000, 0x0000000325400000, 0x0000000325800000|  0%| F|  |TAMS 0x0000000325400000, 0x0000000325400000| Untracked 
| 150|0x0000000325800000, 0x0000000325800000, 0x0000000325c00000|  0%| F|  |TAMS 0x0000000325800000, 0x0000000325800000| Untracked 
| 151|0x0000000325c00000, 0x0000000325c00000, 0x0000000326000000|  0%| F|  |TAMS 0x0000000325c00000, 0x0000000325c00000| Untracked 
| 152|0x0000000326000000, 0x0000000326000000, 0x0000000326400000|  0%| F|  |TAMS 0x0000000326000000, 0x0000000326000000| Untracked 
| 153|0x0000000326400000, 0x0000000326400000, 0x0000000326800000|  0%| F|  |TAMS 0x0000000326400000, 0x0000000326400000| Untracked 
| 154|0x0000000326800000, 0x0000000326800000, 0x0000000326c00000|  0%| F|  |TAMS 0x0000000326800000, 0x0000000326800000| Untracked 
| 155|0x0000000326c00000, 0x0000000326c00000, 0x0000000327000000|  0%| F|  |TAMS 0x0000000326c00000, 0x0000000326c00000| Untracked 
| 156|0x0000000327000000, 0x0000000327000000, 0x0000000327400000|  0%| F|  |TAMS 0x0000000327000000, 0x0000000327000000| Untracked 
| 157|0x0000000327400000, 0x0000000327400000, 0x0000000327800000|  0%| F|  |TAMS 0x0000000327400000, 0x0000000327400000| Untracked 
| 158|0x0000000327800000, 0x0000000327800000, 0x0000000327c00000|  0%| F|  |TAMS 0x0000000327800000, 0x0000000327800000| Untracked 
| 159|0x0000000327c00000, 0x0000000327c00000, 0x0000000328000000|  0%| F|  |TAMS 0x0000000327c00000, 0x0000000327c00000| Untracked 
| 160|0x0000000328000000, 0x0000000328000000, 0x0000000328400000|  0%| F|  |TAMS 0x0000000328000000, 0x0000000328000000| Untracked 
| 161|0x0000000328400000, 0x0000000328400000, 0x0000000328800000|  0%| F|  |TAMS 0x0000000328400000, 0x0000000328400000| Untracked 
| 162|0x0000000328800000, 0x0000000328800000, 0x0000000328c00000|  0%| F|  |TAMS 0x0000000328800000, 0x0000000328800000| Untracked 
| 163|0x0000000328c00000, 0x0000000328c00000, 0x0000000329000000|  0%| F|  |TAMS 0x0000000328c00000, 0x0000000328c00000| Untracked 
| 164|0x0000000329000000, 0x0000000329000000, 0x0000000329400000|  0%| F|  |TAMS 0x0000000329000000, 0x0000000329000000| Untracked 
| 165|0x0000000329400000, 0x0000000329400000, 0x0000000329800000|  0%| F|  |TAMS 0x0000000329400000, 0x0000000329400000| Untracked 
| 166|0x0000000329800000, 0x0000000329800000, 0x0000000329c00000|  0%| F|  |TAMS 0x0000000329800000, 0x0000000329800000| Untracked 
| 167|0x0000000329c00000, 0x0000000329c00000, 0x000000032a000000|  0%| F|  |TAMS 0x0000000329c00000, 0x0000000329c00000| Untracked 
| 168|0x000000032a000000, 0x000000032a000000, 0x000000032a400000|  0%| F|  |TAMS 0x000000032a000000, 0x000000032a000000| Untracked 
| 169|0x000000032a400000, 0x000000032a400000, 0x000000032a800000|  0%| F|  |TAMS 0x000000032a400000, 0x000000032a400000| Untracked 
| 170|0x000000032a800000, 0x000000032a800000, 0x000000032ac00000|  0%| F|  |TAMS 0x000000032a800000, 0x000000032a800000| Untracked 
| 171|0x000000032ac00000, 0x000000032ac00000, 0x000000032b000000|  0%| F|  |TAMS 0x000000032ac00000, 0x000000032ac00000| Untracked 
| 172|0x000000032b000000, 0x000000032b000000, 0x000000032b400000|  0%| F|  |TAMS 0x000000032b000000, 0x000000032b000000| Untracked 
| 173|0x000000032b400000, 0x000000032b400000, 0x000000032b800000|  0%| F|  |TAMS 0x000000032b400000, 0x000000032b400000| Untracked 
| 174|0x000000032b800000, 0x000000032b800000, 0x000000032bc00000|  0%| F|  |TAMS 0x000000032b800000, 0x000000032b800000| Untracked 
| 175|0x000000032bc00000, 0x000000032bc00000, 0x000000032c000000|  0%| F|  |TAMS 0x000000032bc00000, 0x000000032bc00000| Untracked 
| 176|0x000000032c000000, 0x000000032c000000, 0x000000032c400000|  0%| F|  |TAMS 0x000000032c000000, 0x000000032c000000| Untracked 
| 177|0x000000032c400000, 0x000000032c400000, 0x000000032c800000|  0%| F|  |TAMS 0x000000032c400000, 0x000000032c400000| Untracked 
| 178|0x000000032c800000, 0x000000032c800000, 0x000000032cc00000|  0%| F|  |TAMS 0x000000032c800000, 0x000000032c800000| Untracked 
| 179|0x000000032cc00000, 0x000000032cc00000, 0x000000032d000000|  0%| F|  |TAMS 0x000000032cc00000, 0x000000032cc00000| Untracked 
| 180|0x000000032d000000, 0x000000032d000000, 0x000000032d400000|  0%| F|  |TAMS 0x000000032d000000, 0x000000032d000000| Untracked 
| 181|0x000000032d400000, 0x000000032d400000, 0x000000032d800000|  0%| F|  |TAMS 0x000000032d400000, 0x000000032d400000| Untracked 
| 182|0x000000032d800000, 0x000000032d800000, 0x000000032dc00000|  0%| F|  |TAMS 0x000000032d800000, 0x000000032d800000| Untracked 
| 183|0x000000032dc00000, 0x000000032dc00000, 0x000000032e000000|  0%| F|  |TAMS 0x000000032dc00000, 0x000000032dc00000| Untracked 
| 184|0x000000032e000000, 0x000000032e000000, 0x000000032e400000|  0%| F|  |TAMS 0x000000032e000000, 0x000000032e000000| Untracked 
| 185|0x000000032e400000, 0x000000032e400000, 0x000000032e800000|  0%| F|  |TAMS 0x000000032e400000, 0x000000032e400000| Untracked 
| 186|0x000000032e800000, 0x000000032e800000, 0x000000032ec00000|  0%| F|  |TAMS 0x000000032e800000, 0x000000032e800000| Untracked 
| 187|0x000000032ec00000, 0x000000032ec00000, 0x000000032f000000|  0%| F|  |TAMS 0x000000032ec00000, 0x000000032ec00000| Untracked 
| 188|0x000000032f000000, 0x000000032f000000, 0x000000032f400000|  0%| F|  |TAMS 0x000000032f000000, 0x000000032f000000| Untracked 
| 189|0x000000032f400000, 0x000000032f400000, 0x000000032f800000|  0%| F|  |TAMS 0x000000032f400000, 0x000000032f400000| Untracked 
| 190|0x000000032f800000, 0x000000032f800000, 0x000000032fc00000|  0%| F|  |TAMS 0x000000032f800000, 0x000000032f800000| Untracked 
| 191|0x000000032fc00000, 0x000000032fc00000, 0x0000000330000000|  0%| F|  |TAMS 0x000000032fc00000, 0x000000032fc00000| Untracked 
| 192|0x0000000330000000, 0x0000000330000000, 0x0000000330400000|  0%| F|  |TAMS 0x0000000330000000, 0x0000000330000000| Untracked 
| 193|0x0000000330400000, 0x0000000330400000, 0x0000000330800000|  0%| F|  |TAMS 0x0000000330400000, 0x0000000330400000| Untracked 
| 194|0x0000000330800000, 0x0000000330800000, 0x0000000330c00000|  0%| F|  |TAMS 0x0000000330800000, 0x0000000330800000| Untracked 
| 195|0x0000000330c00000, 0x0000000330c00000, 0x0000000331000000|  0%| F|  |TAMS 0x0000000330c00000, 0x0000000330c00000| Untracked 
| 196|0x0000000331000000, 0x0000000331000000, 0x0000000331400000|  0%| F|  |TAMS 0x0000000331000000, 0x0000000331000000| Untracked 
| 197|0x0000000331400000, 0x0000000331400000, 0x0000000331800000|  0%| F|  |TAMS 0x0000000331400000, 0x0000000331400000| Untracked 
| 198|0x0000000331800000, 0x0000000331800000, 0x0000000331c00000|  0%| F|  |TAMS 0x0000000331800000, 0x0000000331800000| Untracked 
| 199|0x0000000331c00000, 0x0000000331c00000, 0x0000000332000000|  0%| F|  |TAMS 0x0000000331c00000, 0x0000000331c00000| Untracked 
| 200|0x0000000332000000, 0x0000000332000000, 0x0000000332400000|  0%| F|  |TAMS 0x0000000332000000, 0x0000000332000000| Untracked 
| 201|0x0000000332400000, 0x0000000332400000, 0x0000000332800000|  0%| F|  |TAMS 0x0000000332400000, 0x0000000332400000| Untracked 
| 202|0x0000000332800000, 0x0000000332800000, 0x0000000332c00000|  0%| F|  |TAMS 0x0000000332800000, 0x0000000332800000| Untracked 
| 203|0x0000000332c00000, 0x0000000332c00000, 0x0000000333000000|  0%| F|  |TAMS 0x0000000332c00000, 0x0000000332c00000| Untracked 
| 204|0x0000000333000000, 0x0000000333000000, 0x0000000333400000|  0%| F|  |TAMS 0x0000000333000000, 0x0000000333000000| Untracked 
| 205|0x0000000333400000, 0x0000000333400000, 0x0000000333800000|  0%| F|  |TAMS 0x0000000333400000, 0x0000000333400000| Untracked 
| 206|0x0000000333800000, 0x0000000333800000, 0x0000000333c00000|  0%| F|  |TAMS 0x0000000333800000, 0x0000000333800000| Untracked 
| 207|0x0000000333c00000, 0x0000000333c00000, 0x0000000334000000|  0%| F|  |TAMS 0x0000000333c00000, 0x0000000333c00000| Untracked 
| 208|0x0000000334000000, 0x0000000334000000, 0x0000000334400000|  0%| F|  |TAMS 0x0000000334000000, 0x0000000334000000| Untracked 
| 209|0x0000000334400000, 0x0000000334400000, 0x0000000334800000|  0%| F|  |TAMS 0x0000000334400000, 0x0000000334400000| Untracked 
| 210|0x0000000334800000, 0x0000000334800000, 0x0000000334c00000|  0%| F|  |TAMS 0x0000000334800000, 0x0000000334800000| Untracked 
| 211|0x0000000334c00000, 0x0000000334c00000, 0x0000000335000000|  0%| F|  |TAMS 0x0000000334c00000, 0x0000000334c00000| Untracked 
| 212|0x0000000335000000, 0x0000000335000000, 0x0000000335400000|  0%| F|  |TAMS 0x0000000335000000, 0x0000000335000000| Untracked 
| 213|0x0000000335400000, 0x0000000335400000, 0x0000000335800000|  0%| F|  |TAMS 0x0000000335400000, 0x0000000335400000| Untracked 
| 214|0x0000000335800000, 0x0000000335800000, 0x0000000335c00000|  0%| F|  |TAMS 0x0000000335800000, 0x0000000335800000| Untracked 
| 215|0x0000000335c00000, 0x0000000335c00000, 0x0000000336000000|  0%| F|  |TAMS 0x0000000335c00000, 0x0000000335c00000| Untracked 
| 216|0x0000000336000000, 0x0000000336000000, 0x0000000336400000|  0%| F|  |TAMS 0x0000000336000000, 0x0000000336000000| Untracked 
| 217|0x0000000336400000, 0x0000000336400000, 0x0000000336800000|  0%| F|  |TAMS 0x0000000336400000, 0x0000000336400000| Untracked 
| 218|0x0000000336800000, 0x0000000336800000, 0x0000000336c00000|  0%| F|  |TAMS 0x0000000336800000, 0x0000000336800000| Untracked 
| 219|0x0000000336c00000, 0x0000000336c00000, 0x0000000337000000|  0%| F|  |TAMS 0x0000000336c00000, 0x0000000336c00000| Untracked 
| 220|0x0000000337000000, 0x0000000337000000, 0x0000000337400000|  0%| F|  |TAMS 0x0000000337000000, 0x0000000337000000| Untracked 
| 221|0x0000000337400000, 0x000000033778a310, 0x0000000337800000| 88%| S|CS|TAMS 0x0000000337400000, 0x0000000337400000| Complete 
| 222|0x0000000337800000, 0x0000000337c00000, 0x0000000337c00000|100%| S|CS|TAMS 0x0000000337800000, 0x0000000337800000| Complete 
| 223|0x0000000337c00000, 0x0000000338000000, 0x0000000338000000|100%| S|CS|TAMS 0x0000000337c00000, 0x0000000337c00000| Complete 
| 224|0x0000000338000000, 0x0000000338400000, 0x0000000338400000|100%| S|CS|TAMS 0x0000000338000000, 0x0000000338000000| Complete 
| 225|0x0000000338400000, 0x0000000338800000, 0x0000000338800000|100%| S|CS|TAMS 0x0000000338400000, 0x0000000338400000| Complete 
| 226|0x0000000338800000, 0x0000000338c00000, 0x0000000338c00000|100%| S|CS|TAMS 0x0000000338800000, 0x0000000338800000| Complete 
| 227|0x0000000338c00000, 0x0000000339000000, 0x0000000339000000|100%| S|CS|TAMS 0x0000000338c00000, 0x0000000338c00000| Complete 
| 228|0x0000000339000000, 0x0000000339400000, 0x0000000339400000|100%| S|CS|TAMS 0x0000000339000000, 0x0000000339000000| Complete 
| 229|0x0000000339400000, 0x0000000339800000, 0x0000000339800000|100%| S|CS|TAMS 0x0000000339400000, 0x0000000339400000| Complete 
| 230|0x0000000339800000, 0x0000000339c00000, 0x0000000339c00000|100%| S|CS|TAMS 0x0000000339800000, 0x0000000339800000| Complete 
| 231|0x0000000339c00000, 0x0000000339c00000, 0x000000033a000000|  0%| F|  |TAMS 0x0000000339c00000, 0x0000000339c00000| Untracked 
| 232|0x000000033a000000, 0x000000033a000000, 0x000000033a400000|  0%| F|  |TAMS 0x000000033a000000, 0x000000033a000000| Untracked 
| 233|0x000000033a400000, 0x000000033a400000, 0x000000033a800000|  0%| F|  |TAMS 0x000000033a400000, 0x000000033a400000| Untracked 
| 234|0x000000033a800000, 0x000000033a800000, 0x000000033ac00000|  0%| F|  |TAMS 0x000000033a800000, 0x000000033a800000| Untracked 
| 235|0x000000033ac00000, 0x000000033ac00000, 0x000000033b000000|  0%| F|  |TAMS 0x000000033ac00000, 0x000000033ac00000| Untracked 
| 236|0x000000033b000000, 0x000000033b000000, 0x000000033b400000|  0%| F|  |TAMS 0x000000033b000000, 0x000000033b000000| Untracked 
| 237|0x000000033b400000, 0x000000033b400000, 0x000000033b800000|  0%| F|  |TAMS 0x000000033b400000, 0x000000033b400000| Untracked 
| 238|0x000000033b800000, 0x000000033b800000, 0x000000033bc00000|  0%| F|  |TAMS 0x000000033b800000, 0x000000033b800000| Untracked 
| 239|0x000000033bc00000, 0x000000033bc00000, 0x000000033c000000|  0%| F|  |TAMS 0x000000033bc00000, 0x000000033bc00000| Untracked 
| 240|0x000000033c000000, 0x000000033c000000, 0x000000033c400000|  0%| F|  |TAMS 0x000000033c000000, 0x000000033c000000| Untracked 
| 241|0x000000033c400000, 0x000000033c400000, 0x000000033c800000|  0%| F|  |TAMS 0x000000033c400000, 0x000000033c400000| Untracked 
| 242|0x000000033c800000, 0x000000033c800000, 0x000000033cc00000|  0%| F|  |TAMS 0x000000033c800000, 0x000000033c800000| Untracked 
| 243|0x000000033cc00000, 0x000000033cc00000, 0x000000033d000000|  0%| F|  |TAMS 0x000000033cc00000, 0x000000033cc00000| Untracked 
| 244|0x000000033d000000, 0x000000033d000000, 0x000000033d400000|  0%| F|  |TAMS 0x000000033d000000, 0x000000033d000000| Untracked 
| 245|0x000000033d400000, 0x000000033d400000, 0x000000033d800000|  0%| F|  |TAMS 0x000000033d400000, 0x000000033d400000| Untracked 
| 246|0x000000033d800000, 0x000000033d800000, 0x000000033dc00000|  0%| F|  |TAMS 0x000000033d800000, 0x000000033d800000| Untracked 
| 247|0x000000033dc00000, 0x000000033dc00000, 0x000000033e000000|  0%| F|  |TAMS 0x000000033dc00000, 0x000000033dc00000| Untracked 
| 248|0x000000033e000000, 0x000000033e000000, 0x000000033e400000|  0%| F|  |TAMS 0x000000033e000000, 0x000000033e000000| Untracked 
| 249|0x000000033e400000, 0x000000033e400000, 0x000000033e800000|  0%| F|  |TAMS 0x000000033e400000, 0x000000033e400000| Untracked 
| 250|0x000000033e800000, 0x000000033e800000, 0x000000033ec00000|  0%| F|  |TAMS 0x000000033e800000, 0x000000033e800000| Untracked 
| 251|0x000000033ec00000, 0x000000033ec00000, 0x000000033f000000|  0%| F|  |TAMS 0x000000033ec00000, 0x000000033ec00000| Untracked 
| 252|0x000000033f000000, 0x000000033f000000, 0x000000033f400000|  0%| F|  |TAMS 0x000000033f000000, 0x000000033f000000| Untracked 
| 253|0x000000033f400000, 0x000000033f400000, 0x000000033f800000|  0%| F|  |TAMS 0x000000033f400000, 0x000000033f400000| Untracked 
| 254|0x000000033f800000, 0x000000033f800000, 0x000000033fc00000|  0%| F|  |TAMS 0x000000033f800000, 0x000000033f800000| Untracked 
| 255|0x000000033fc00000, 0x000000033fc00000, 0x0000000340000000|  0%| F|  |TAMS 0x000000033fc00000, 0x000000033fc00000| Untracked 
| 256|0x0000000340000000, 0x0000000340000000, 0x0000000340400000|  0%| F|  |TAMS 0x0000000340000000, 0x0000000340000000| Untracked 
| 257|0x0000000340400000, 0x0000000340400000, 0x0000000340800000|  0%| F|  |TAMS 0x0000000340400000, 0x0000000340400000| Untracked 
| 258|0x0000000340800000, 0x0000000340800000, 0x0000000340c00000|  0%| F|  |TAMS 0x0000000340800000, 0x0000000340800000| Untracked 
| 259|0x0000000340c00000, 0x0000000340c00000, 0x0000000341000000|  0%| F|  |TAMS 0x0000000340c00000, 0x0000000340c00000| Untracked 
| 260|0x0000000341000000, 0x0000000341000000, 0x0000000341400000|  0%| F|  |TAMS 0x0000000341000000, 0x0000000341000000| Untracked 
| 261|0x0000000341400000, 0x0000000341400000, 0x0000000341800000|  0%| F|  |TAMS 0x0000000341400000, 0x0000000341400000| Untracked 
| 262|0x0000000341800000, 0x0000000341800000, 0x0000000341c00000|  0%| F|  |TAMS 0x0000000341800000, 0x0000000341800000| Untracked 
| 263|0x0000000341c00000, 0x0000000341c00000, 0x0000000342000000|  0%| F|  |TAMS 0x0000000341c00000, 0x0000000341c00000| Untracked 
| 264|0x0000000342000000, 0x0000000342000000, 0x0000000342400000|  0%| F|  |TAMS 0x0000000342000000, 0x0000000342000000| Untracked 
| 265|0x0000000342400000, 0x0000000342400000, 0x0000000342800000|  0%| F|  |TAMS 0x0000000342400000, 0x0000000342400000| Untracked 
| 266|0x0000000342800000, 0x0000000342800000, 0x0000000342c00000|  0%| F|  |TAMS 0x0000000342800000, 0x0000000342800000| Untracked 
| 267|0x0000000342c00000, 0x0000000342c00000, 0x0000000343000000|  0%| F|  |TAMS 0x0000000342c00000, 0x0000000342c00000| Untracked 
| 268|0x0000000343000000, 0x0000000343000000, 0x0000000343400000|  0%| F|  |TAMS 0x0000000343000000, 0x0000000343000000| Untracked 
| 269|0x0000000343400000, 0x0000000343400000, 0x0000000343800000|  0%| F|  |TAMS 0x0000000343400000, 0x0000000343400000| Untracked 
| 270|0x0000000343800000, 0x0000000343800000, 0x0000000343c00000|  0%| F|  |TAMS 0x0000000343800000, 0x0000000343800000| Untracked 
| 271|0x0000000343c00000, 0x0000000343c00000, 0x0000000344000000|  0%| F|  |TAMS 0x0000000343c00000, 0x0000000343c00000| Untracked 
| 272|0x0000000344000000, 0x0000000344000000, 0x0000000344400000|  0%| F|  |TAMS 0x0000000344000000, 0x0000000344000000| Untracked 
| 273|0x0000000344400000, 0x0000000344400000, 0x0000000344800000|  0%| F|  |TAMS 0x0000000344400000, 0x0000000344400000| Untracked 
| 274|0x0000000344800000, 0x0000000344800000, 0x0000000344c00000|  0%| F|  |TAMS 0x0000000344800000, 0x0000000344800000| Untracked 
| 275|0x0000000344c00000, 0x0000000344c00000, 0x0000000345000000|  0%| F|  |TAMS 0x0000000344c00000, 0x0000000344c00000| Untracked 
| 276|0x0000000345000000, 0x0000000345000000, 0x0000000345400000|  0%| F|  |TAMS 0x0000000345000000, 0x0000000345000000| Untracked 
| 277|0x0000000345400000, 0x0000000345400000, 0x0000000345800000|  0%| F|  |TAMS 0x0000000345400000, 0x0000000345400000| Untracked 
| 278|0x0000000345800000, 0x0000000345800000, 0x0000000345c00000|  0%| F|  |TAMS 0x0000000345800000, 0x0000000345800000| Untracked 
| 279|0x0000000345c00000, 0x0000000345c00000, 0x0000000346000000|  0%| F|  |TAMS 0x0000000345c00000, 0x0000000345c00000| Untracked 
| 280|0x0000000346000000, 0x0000000346000000, 0x0000000346400000|  0%| F|  |TAMS 0x0000000346000000, 0x0000000346000000| Untracked 
| 281|0x0000000346400000, 0x0000000346400000, 0x0000000346800000|  0%| F|  |TAMS 0x0000000346400000, 0x0000000346400000| Untracked 
| 282|0x0000000346800000, 0x0000000346800000, 0x0000000346c00000|  0%| F|  |TAMS 0x0000000346800000, 0x0000000346800000| Untracked 
| 283|0x0000000346c00000, 0x0000000346c00000, 0x0000000347000000|  0%| F|  |TAMS 0x0000000346c00000, 0x0000000346c00000| Untracked 
| 284|0x0000000347000000, 0x0000000347000000, 0x0000000347400000|  0%| F|  |TAMS 0x0000000347000000, 0x0000000347000000| Untracked 
| 285|0x0000000347400000, 0x0000000347400000, 0x0000000347800000|  0%| F|  |TAMS 0x0000000347400000, 0x0000000347400000| Untracked 
| 286|0x0000000347800000, 0x0000000347800000, 0x0000000347c00000|  0%| F|  |TAMS 0x0000000347800000, 0x0000000347800000| Untracked 
| 287|0x0000000347c00000, 0x0000000347c00000, 0x0000000348000000|  0%| F|  |TAMS 0x0000000347c00000, 0x0000000347c00000| Untracked 
| 288|0x0000000348000000, 0x0000000348000000, 0x0000000348400000|  0%| F|  |TAMS 0x0000000348000000, 0x0000000348000000| Untracked 
| 289|0x0000000348400000, 0x0000000348400000, 0x0000000348800000|  0%| F|  |TAMS 0x0000000348400000, 0x0000000348400000| Untracked 
| 290|0x0000000348800000, 0x0000000348800000, 0x0000000348c00000|  0%| F|  |TAMS 0x0000000348800000, 0x0000000348800000| Untracked 
| 291|0x0000000348c00000, 0x0000000348c00000, 0x0000000349000000|  0%| F|  |TAMS 0x0000000348c00000, 0x0000000348c00000| Untracked 
| 292|0x0000000349000000, 0x0000000349000000, 0x0000000349400000|  0%| F|  |TAMS 0x0000000349000000, 0x0000000349000000| Untracked 
| 293|0x0000000349400000, 0x0000000349400000, 0x0000000349800000|  0%| F|  |TAMS 0x0000000349400000, 0x0000000349400000| Untracked 
| 294|0x0000000349800000, 0x0000000349800000, 0x0000000349c00000|  0%| F|  |TAMS 0x0000000349800000, 0x0000000349800000| Untracked 
| 295|0x0000000349c00000, 0x0000000349c00000, 0x000000034a000000|  0%| F|  |TAMS 0x0000000349c00000, 0x0000000349c00000| Untracked 
| 296|0x000000034a000000, 0x000000034a000000, 0x000000034a400000|  0%| F|  |TAMS 0x000000034a000000, 0x000000034a000000| Untracked 
| 297|0x000000034a400000, 0x000000034a400000, 0x000000034a800000|  0%| F|  |TAMS 0x000000034a400000, 0x000000034a400000| Untracked 
| 298|0x000000034a800000, 0x000000034a800000, 0x000000034ac00000|  0%| F|  |TAMS 0x000000034a800000, 0x000000034a800000| Untracked 
| 299|0x000000034ac00000, 0x000000034ac00000, 0x000000034b000000|  0%| F|  |TAMS 0x000000034ac00000, 0x000000034ac00000| Untracked 
| 300|0x000000034b000000, 0x000000034b000000, 0x000000034b400000|  0%| F|  |TAMS 0x000000034b000000, 0x000000034b000000| Untracked 
| 301|0x000000034b400000, 0x000000034b400000, 0x000000034b800000|  0%| F|  |TAMS 0x000000034b400000, 0x000000034b400000| Untracked 
| 302|0x000000034b800000, 0x000000034b800000, 0x000000034bc00000|  0%| F|  |TAMS 0x000000034b800000, 0x000000034b800000| Untracked 
| 303|0x000000034bc00000, 0x000000034bc00000, 0x000000034c000000|  0%| F|  |TAMS 0x000000034bc00000, 0x000000034bc00000| Untracked 
| 304|0x000000034c000000, 0x000000034c000000, 0x000000034c400000|  0%| F|  |TAMS 0x000000034c000000, 0x000000034c000000| Untracked 
| 305|0x000000034c400000, 0x000000034c400000, 0x000000034c800000|  0%| F|  |TAMS 0x000000034c400000, 0x000000034c400000| Untracked 
| 306|0x000000034c800000, 0x000000034c800000, 0x000000034cc00000|  0%| F|  |TAMS 0x000000034c800000, 0x000000034c800000| Untracked 
| 307|0x000000034cc00000, 0x000000034cc00000, 0x000000034d000000|  0%| F|  |TAMS 0x000000034cc00000, 0x000000034cc00000| Untracked 
| 308|0x000000034d000000, 0x000000034d000000, 0x000000034d400000|  0%| F|  |TAMS 0x000000034d000000, 0x000000034d000000| Untracked 
| 309|0x000000034d400000, 0x000000034d400000, 0x000000034d800000|  0%| F|  |TAMS 0x000000034d400000, 0x000000034d400000| Untracked 
| 310|0x000000034d800000, 0x000000034d800000, 0x000000034dc00000|  0%| F|  |TAMS 0x000000034d800000, 0x000000034d800000| Untracked 
| 311|0x000000034dc00000, 0x000000034dc00000, 0x000000034e000000|  0%| F|  |TAMS 0x000000034dc00000, 0x000000034dc00000| Untracked 
| 312|0x000000034e000000, 0x000000034e000000, 0x000000034e400000|  0%| F|  |TAMS 0x000000034e000000, 0x000000034e000000| Untracked 
| 313|0x000000034e400000, 0x000000034e400000, 0x000000034e800000|  0%| F|  |TAMS 0x000000034e400000, 0x000000034e400000| Untracked 
| 314|0x000000034e800000, 0x000000034e800000, 0x000000034ec00000|  0%| F|  |TAMS 0x000000034e800000, 0x000000034e800000| Untracked 
| 315|0x000000034ec00000, 0x000000034ec00000, 0x000000034f000000|  0%| F|  |TAMS 0x000000034ec00000, 0x000000034ec00000| Untracked 
| 316|0x000000034f000000, 0x000000034f000000, 0x000000034f400000|  0%| F|  |TAMS 0x000000034f000000, 0x000000034f000000| Untracked 
| 317|0x000000034f400000, 0x000000034f400000, 0x000000034f800000|  0%| F|  |TAMS 0x000000034f400000, 0x000000034f400000| Untracked 
| 318|0x000000034f800000, 0x000000034f800000, 0x000000034fc00000|  0%| F|  |TAMS 0x000000034f800000, 0x000000034f800000| Untracked 
| 319|0x000000034fc00000, 0x000000034fc00000, 0x0000000350000000|  0%| F|  |TAMS 0x000000034fc00000, 0x000000034fc00000| Untracked 
| 320|0x0000000350000000, 0x0000000350000000, 0x0000000350400000|  0%| F|  |TAMS 0x0000000350000000, 0x0000000350000000| Untracked 
| 321|0x0000000350400000, 0x0000000350400000, 0x0000000350800000|  0%| F|  |TAMS 0x0000000350400000, 0x0000000350400000| Untracked 
| 322|0x0000000350800000, 0x0000000350800000, 0x0000000350c00000|  0%| F|  |TAMS 0x0000000350800000, 0x0000000350800000| Untracked 
| 323|0x0000000350c00000, 0x0000000350c00000, 0x0000000351000000|  0%| F|  |TAMS 0x0000000350c00000, 0x0000000350c00000| Untracked 
| 324|0x0000000351000000, 0x0000000351000000, 0x0000000351400000|  0%| F|  |TAMS 0x0000000351000000, 0x0000000351000000| Untracked 
| 325|0x0000000351400000, 0x0000000351400000, 0x0000000351800000|  0%| F|  |TAMS 0x0000000351400000, 0x0000000351400000| Untracked 
| 326|0x0000000351800000, 0x0000000351800000, 0x0000000351c00000|  0%| F|  |TAMS 0x0000000351800000, 0x0000000351800000| Untracked 
| 327|0x0000000351c00000, 0x0000000351c00000, 0x0000000352000000|  0%| F|  |TAMS 0x0000000351c00000, 0x0000000351c00000| Untracked 
| 328|0x0000000352000000, 0x0000000352000000, 0x0000000352400000|  0%| F|  |TAMS 0x0000000352000000, 0x0000000352000000| Untracked 
| 329|0x0000000352400000, 0x0000000352400000, 0x0000000352800000|  0%| F|  |TAMS 0x0000000352400000, 0x0000000352400000| Untracked 
| 330|0x0000000352800000, 0x0000000352800000, 0x0000000352c00000|  0%| F|  |TAMS 0x0000000352800000, 0x0000000352800000| Untracked 
| 331|0x0000000352c00000, 0x0000000352c00000, 0x0000000353000000|  0%| F|  |TAMS 0x0000000352c00000, 0x0000000352c00000| Untracked 
| 332|0x0000000353000000, 0x0000000353000000, 0x0000000353400000|  0%| F|  |TAMS 0x0000000353000000, 0x0000000353000000| Untracked 
| 333|0x0000000353400000, 0x0000000353400000, 0x0000000353800000|  0%| F|  |TAMS 0x0000000353400000, 0x0000000353400000| Untracked 
| 334|0x0000000353800000, 0x0000000353800000, 0x0000000353c00000|  0%| F|  |TAMS 0x0000000353800000, 0x0000000353800000| Untracked 
| 335|0x0000000353c00000, 0x0000000353c00000, 0x0000000354000000|  0%| F|  |TAMS 0x0000000353c00000, 0x0000000353c00000| Untracked 
| 336|0x0000000354000000, 0x0000000354000000, 0x0000000354400000|  0%| F|  |TAMS 0x0000000354000000, 0x0000000354000000| Untracked 
| 337|0x0000000354400000, 0x0000000354400000, 0x0000000354800000|  0%| F|  |TAMS 0x0000000354400000, 0x0000000354400000| Untracked 
| 338|0x0000000354800000, 0x0000000354800000, 0x0000000354c00000|  0%| F|  |TAMS 0x0000000354800000, 0x0000000354800000| Untracked 
| 339|0x0000000354c00000, 0x0000000354c00000, 0x0000000355000000|  0%| F|  |TAMS 0x0000000354c00000, 0x0000000354c00000| Untracked 
| 340|0x0000000355000000, 0x0000000355000000, 0x0000000355400000|  0%| F|  |TAMS 0x0000000355000000, 0x0000000355000000| Untracked 
| 341|0x0000000355400000, 0x0000000355400000, 0x0000000355800000|  0%| F|  |TAMS 0x0000000355400000, 0x0000000355400000| Untracked 
| 342|0x0000000355800000, 0x0000000355800000, 0x0000000355c00000|  0%| F|  |TAMS 0x0000000355800000, 0x0000000355800000| Untracked 
| 343|0x0000000355c00000, 0x0000000355c00000, 0x0000000356000000|  0%| F|  |TAMS 0x0000000355c00000, 0x0000000355c00000| Untracked 
| 344|0x0000000356000000, 0x0000000356000000, 0x0000000356400000|  0%| F|  |TAMS 0x0000000356000000, 0x0000000356000000| Untracked 
| 345|0x0000000356400000, 0x0000000356400000, 0x0000000356800000|  0%| F|  |TAMS 0x0000000356400000, 0x0000000356400000| Untracked 
| 346|0x0000000356800000, 0x0000000356800000, 0x0000000356c00000|  0%| F|  |TAMS 0x0000000356800000, 0x0000000356800000| Untracked 
| 347|0x0000000356c00000, 0x0000000356c00000, 0x0000000357000000|  0%| F|  |TAMS 0x0000000356c00000, 0x0000000356c00000| Untracked 
| 348|0x0000000357000000, 0x0000000357000000, 0x0000000357400000|  0%| F|  |TAMS 0x0000000357000000, 0x0000000357000000| Untracked 
| 349|0x0000000357400000, 0x0000000357400000, 0x0000000357800000|  0%| F|  |TAMS 0x0000000357400000, 0x0000000357400000| Untracked 
| 350|0x0000000357800000, 0x0000000357800000, 0x0000000357c00000|  0%| F|  |TAMS 0x0000000357800000, 0x0000000357800000| Untracked 
| 351|0x0000000357c00000, 0x0000000357c00000, 0x0000000358000000|  0%| F|  |TAMS 0x0000000357c00000, 0x0000000357c00000| Untracked 
| 352|0x0000000358000000, 0x0000000358000000, 0x0000000358400000|  0%| F|  |TAMS 0x0000000358000000, 0x0000000358000000| Untracked 
| 353|0x0000000358400000, 0x0000000358400000, 0x0000000358800000|  0%| F|  |TAMS 0x0000000358400000, 0x0000000358400000| Untracked 
| 354|0x0000000358800000, 0x0000000358800000, 0x0000000358c00000|  0%| F|  |TAMS 0x0000000358800000, 0x0000000358800000| Untracked 
| 355|0x0000000358c00000, 0x0000000358c00000, 0x0000000359000000|  0%| F|  |TAMS 0x0000000358c00000, 0x0000000358c00000| Untracked 
| 356|0x0000000359000000, 0x0000000359000000, 0x0000000359400000|  0%| F|  |TAMS 0x0000000359000000, 0x0000000359000000| Untracked 
| 357|0x0000000359400000, 0x0000000359400000, 0x0000000359800000|  0%| F|  |TAMS 0x0000000359400000, 0x0000000359400000| Untracked 
| 358|0x0000000359800000, 0x0000000359800000, 0x0000000359c00000|  0%| F|  |TAMS 0x0000000359800000, 0x0000000359800000| Untracked 
| 359|0x0000000359c00000, 0x0000000359c00000, 0x000000035a000000|  0%| F|  |TAMS 0x0000000359c00000, 0x0000000359c00000| Untracked 
| 360|0x000000035a000000, 0x000000035a000000, 0x000000035a400000|  0%| F|  |TAMS 0x000000035a000000, 0x000000035a000000| Untracked 
| 361|0x000000035a400000, 0x000000035a400000, 0x000000035a800000|  0%| F|  |TAMS 0x000000035a400000, 0x000000035a400000| Untracked 
| 362|0x000000035a800000, 0x000000035a800000, 0x000000035ac00000|  0%| F|  |TAMS 0x000000035a800000, 0x000000035a800000| Untracked 
| 363|0x000000035ac00000, 0x000000035ac00000, 0x000000035b000000|  0%| F|  |TAMS 0x000000035ac00000, 0x000000035ac00000| Untracked 
| 364|0x000000035b000000, 0x000000035b000000, 0x000000035b400000|  0%| F|  |TAMS 0x000000035b000000, 0x000000035b000000| Untracked 
| 365|0x000000035b400000, 0x000000035b400000, 0x000000035b800000|  0%| F|  |TAMS 0x000000035b400000, 0x000000035b400000| Untracked 
| 366|0x000000035b800000, 0x000000035b800000, 0x000000035bc00000|  0%| F|  |TAMS 0x000000035b800000, 0x000000035b800000| Untracked 
| 367|0x000000035bc00000, 0x000000035bc00000, 0x000000035c000000|  0%| F|  |TAMS 0x000000035bc00000, 0x000000035bc00000| Untracked 
| 368|0x000000035c000000, 0x000000035c000000, 0x000000035c400000|  0%| F|  |TAMS 0x000000035c000000, 0x000000035c000000| Untracked 
| 369|0x000000035c400000, 0x000000035c400000, 0x000000035c800000|  0%| F|  |TAMS 0x000000035c400000, 0x000000035c400000| Untracked 
| 370|0x000000035c800000, 0x000000035c800000, 0x000000035cc00000|  0%| F|  |TAMS 0x000000035c800000, 0x000000035c800000| Untracked 
| 371|0x000000035cc00000, 0x000000035cc00000, 0x000000035d000000|  0%| F|  |TAMS 0x000000035cc00000, 0x000000035cc00000| Untracked 
| 372|0x000000035d000000, 0x000000035d000000, 0x000000035d400000|  0%| F|  |TAMS 0x000000035d000000, 0x000000035d000000| Untracked 
| 373|0x000000035d400000, 0x000000035d400000, 0x000000035d800000|  0%| F|  |TAMS 0x000000035d400000, 0x000000035d400000| Untracked 
| 374|0x000000035d800000, 0x000000035d800000, 0x000000035dc00000|  0%| F|  |TAMS 0x000000035d800000, 0x000000035d800000| Untracked 
| 375|0x000000035dc00000, 0x000000035dc00000, 0x000000035e000000|  0%| F|  |TAMS 0x000000035dc00000, 0x000000035dc00000| Untracked 
| 376|0x000000035e000000, 0x000000035e000000, 0x000000035e400000|  0%| F|  |TAMS 0x000000035e000000, 0x000000035e000000| Untracked 
| 377|0x000000035e400000, 0x000000035e400000, 0x000000035e800000|  0%| F|  |TAMS 0x000000035e400000, 0x000000035e400000| Untracked 
| 378|0x000000035e800000, 0x000000035e800000, 0x000000035ec00000|  0%| F|  |TAMS 0x000000035e800000, 0x000000035e800000| Untracked 
| 379|0x000000035ec00000, 0x000000035ec00000, 0x000000035f000000|  0%| F|  |TAMS 0x000000035ec00000, 0x000000035ec00000| Untracked 
| 380|0x000000035f000000, 0x000000035f000000, 0x000000035f400000|  0%| F|  |TAMS 0x000000035f000000, 0x000000035f000000| Untracked 
| 381|0x000000035f400000, 0x000000035f400000, 0x000000035f800000|  0%| F|  |TAMS 0x000000035f400000, 0x000000035f400000| Untracked 
| 382|0x000000035f800000, 0x000000035f800000, 0x000000035fc00000|  0%| F|  |TAMS 0x000000035f800000, 0x000000035f800000| Untracked 
| 383|0x000000035fc00000, 0x000000035fc00000, 0x0000000360000000|  0%| F|  |TAMS 0x000000035fc00000, 0x000000035fc00000| Untracked 
| 384|0x0000000360000000, 0x0000000360000000, 0x0000000360400000|  0%| F|  |TAMS 0x0000000360000000, 0x0000000360000000| Untracked 
| 385|0x0000000360400000, 0x0000000360400000, 0x0000000360800000|  0%| F|  |TAMS 0x0000000360400000, 0x0000000360400000| Untracked 
| 386|0x0000000360800000, 0x0000000360800000, 0x0000000360c00000|  0%| F|  |TAMS 0x0000000360800000, 0x0000000360800000| Untracked 
| 387|0x0000000360c00000, 0x0000000360c00000, 0x0000000361000000|  0%| F|  |TAMS 0x0000000360c00000, 0x0000000360c00000| Untracked 
| 388|0x0000000361000000, 0x0000000361000000, 0x0000000361400000|  0%| F|  |TAMS 0x0000000361000000, 0x0000000361000000| Untracked 
| 389|0x0000000361400000, 0x0000000361400000, 0x0000000361800000|  0%| F|  |TAMS 0x0000000361400000, 0x0000000361400000| Untracked 
| 390|0x0000000361800000, 0x0000000361800000, 0x0000000361c00000|  0%| F|  |TAMS 0x0000000361800000, 0x0000000361800000| Untracked 
| 391|0x0000000361c00000, 0x0000000361c00000, 0x0000000362000000|  0%| F|  |TAMS 0x0000000361c00000, 0x0000000361c00000| Untracked 
| 392|0x0000000362000000, 0x0000000362000000, 0x0000000362400000|  0%| F|  |TAMS 0x0000000362000000, 0x0000000362000000| Untracked 
| 393|0x0000000362400000, 0x0000000362400000, 0x0000000362800000|  0%| F|  |TAMS 0x0000000362400000, 0x0000000362400000| Untracked 
| 394|0x0000000362800000, 0x0000000362800000, 0x0000000362c00000|  0%| F|  |TAMS 0x0000000362800000, 0x0000000362800000| Untracked 
| 395|0x0000000362c00000, 0x0000000362c00000, 0x0000000363000000|  0%| F|  |TAMS 0x0000000362c00000, 0x0000000362c00000| Untracked 
| 396|0x0000000363000000, 0x0000000363000000, 0x0000000363400000|  0%| F|  |TAMS 0x0000000363000000, 0x0000000363000000| Untracked 
| 397|0x0000000363400000, 0x0000000363400000, 0x0000000363800000|  0%| F|  |TAMS 0x0000000363400000, 0x0000000363400000| Untracked 
| 398|0x0000000363800000, 0x0000000363800000, 0x0000000363c00000|  0%| F|  |TAMS 0x0000000363800000, 0x0000000363800000| Untracked 
| 399|0x0000000363c00000, 0x0000000363c00000, 0x0000000364000000|  0%| F|  |TAMS 0x0000000363c00000, 0x0000000363c00000| Untracked 
| 400|0x0000000364000000, 0x0000000364000000, 0x0000000364400000|  0%| F|  |TAMS 0x0000000364000000, 0x0000000364000000| Untracked 
| 401|0x0000000364400000, 0x0000000364400000, 0x0000000364800000|  0%| F|  |TAMS 0x0000000364400000, 0x0000000364400000| Untracked 
| 402|0x0000000364800000, 0x0000000364800000, 0x0000000364c00000|  0%| F|  |TAMS 0x0000000364800000, 0x0000000364800000| Untracked 
| 403|0x0000000364c00000, 0x0000000364c00000, 0x0000000365000000|  0%| F|  |TAMS 0x0000000364c00000, 0x0000000364c00000| Untracked 
| 404|0x0000000365000000, 0x0000000365000000, 0x0000000365400000|  0%| F|  |TAMS 0x0000000365000000, 0x0000000365000000| Untracked 
| 405|0x0000000365400000, 0x0000000365400000, 0x0000000365800000|  0%| F|  |TAMS 0x0000000365400000, 0x0000000365400000| Untracked 
| 406|0x0000000365800000, 0x0000000365800000, 0x0000000365c00000|  0%| F|  |TAMS 0x0000000365800000, 0x0000000365800000| Untracked 
| 407|0x0000000365c00000, 0x0000000365c00000, 0x0000000366000000|  0%| F|  |TAMS 0x0000000365c00000, 0x0000000365c00000| Untracked 
| 408|0x0000000366000000, 0x0000000366000000, 0x0000000366400000|  0%| F|  |TAMS 0x0000000366000000, 0x0000000366000000| Untracked 
| 409|0x0000000366400000, 0x0000000366400000, 0x0000000366800000|  0%| F|  |TAMS 0x0000000366400000, 0x0000000366400000| Untracked 
| 410|0x0000000366800000, 0x0000000366800000, 0x0000000366c00000|  0%| F|  |TAMS 0x0000000366800000, 0x0000000366800000| Untracked 
| 411|0x0000000366c00000, 0x0000000366c00000, 0x0000000367000000|  0%| F|  |TAMS 0x0000000366c00000, 0x0000000366c00000| Untracked 
| 412|0x0000000367000000, 0x0000000367000000, 0x0000000367400000|  0%| F|  |TAMS 0x0000000367000000, 0x0000000367000000| Untracked 
| 413|0x0000000367400000, 0x0000000367400000, 0x0000000367800000|  0%| F|  |TAMS 0x0000000367400000, 0x0000000367400000| Untracked 
| 414|0x0000000367800000, 0x0000000367800000, 0x0000000367c00000|  0%| F|  |TAMS 0x0000000367800000, 0x0000000367800000| Untracked 
| 415|0x0000000367c00000, 0x0000000367c00000, 0x0000000368000000|  0%| F|  |TAMS 0x0000000367c00000, 0x0000000367c00000| Untracked 
| 416|0x0000000368000000, 0x0000000368000000, 0x0000000368400000|  0%| F|  |TAMS 0x0000000368000000, 0x0000000368000000| Untracked 
| 417|0x0000000368400000, 0x0000000368400000, 0x0000000368800000|  0%| F|  |TAMS 0x0000000368400000, 0x0000000368400000| Untracked 
| 418|0x0000000368800000, 0x0000000368800000, 0x0000000368c00000|  0%| F|  |TAMS 0x0000000368800000, 0x0000000368800000| Untracked 
| 419|0x0000000368c00000, 0x0000000368c00000, 0x0000000369000000|  0%| F|  |TAMS 0x0000000368c00000, 0x0000000368c00000| Untracked 
| 420|0x0000000369000000, 0x0000000369000000, 0x0000000369400000|  0%| F|  |TAMS 0x0000000369000000, 0x0000000369000000| Untracked 
| 421|0x0000000369400000, 0x0000000369400000, 0x0000000369800000|  0%| F|  |TAMS 0x0000000369400000, 0x0000000369400000| Untracked 
| 422|0x0000000369800000, 0x0000000369800000, 0x0000000369c00000|  0%| F|  |TAMS 0x0000000369800000, 0x0000000369800000| Untracked 
| 423|0x0000000369c00000, 0x0000000369c00000, 0x000000036a000000|  0%| F|  |TAMS 0x0000000369c00000, 0x0000000369c00000| Untracked 
| 424|0x000000036a000000, 0x000000036a000000, 0x000000036a400000|  0%| F|  |TAMS 0x000000036a000000, 0x000000036a000000| Untracked 
| 425|0x000000036a400000, 0x000000036a400000, 0x000000036a800000|  0%| F|  |TAMS 0x000000036a400000, 0x000000036a400000| Untracked 
| 426|0x000000036a800000, 0x000000036a800000, 0x000000036ac00000|  0%| F|  |TAMS 0x000000036a800000, 0x000000036a800000| Untracked 
| 427|0x000000036ac00000, 0x000000036ac00000, 0x000000036b000000|  0%| F|  |TAMS 0x000000036ac00000, 0x000000036ac00000| Untracked 
| 428|0x000000036b000000, 0x000000036b000000, 0x000000036b400000|  0%| F|  |TAMS 0x000000036b000000, 0x000000036b000000| Untracked 
| 429|0x000000036b400000, 0x000000036b400000, 0x000000036b800000|  0%| F|  |TAMS 0x000000036b400000, 0x000000036b400000| Untracked 
| 430|0x000000036b800000, 0x000000036b800000, 0x000000036bc00000|  0%| F|  |TAMS 0x000000036b800000, 0x000000036b800000| Untracked 
| 431|0x000000036bc00000, 0x000000036bc00000, 0x000000036c000000|  0%| F|  |TAMS 0x000000036bc00000, 0x000000036bc00000| Untracked 
| 432|0x000000036c000000, 0x000000036c000000, 0x000000036c400000|  0%| F|  |TAMS 0x000000036c000000, 0x000000036c000000| Untracked 
| 433|0x000000036c400000, 0x000000036c400000, 0x000000036c800000|  0%| F|  |TAMS 0x000000036c400000, 0x000000036c400000| Untracked 
| 434|0x000000036c800000, 0x000000036c800000, 0x000000036cc00000|  0%| F|  |TAMS 0x000000036c800000, 0x000000036c800000| Untracked 
| 435|0x000000036cc00000, 0x000000036cc00000, 0x000000036d000000|  0%| F|  |TAMS 0x000000036cc00000, 0x000000036cc00000| Untracked 
| 436|0x000000036d000000, 0x000000036d000000, 0x000000036d400000|  0%| F|  |TAMS 0x000000036d000000, 0x000000036d000000| Untracked 
| 437|0x000000036d400000, 0x000000036d400000, 0x000000036d800000|  0%| F|  |TAMS 0x000000036d400000, 0x000000036d400000| Untracked 
| 438|0x000000036d800000, 0x000000036d800000, 0x000000036dc00000|  0%| F|  |TAMS 0x000000036d800000, 0x000000036d800000| Untracked 
| 439|0x000000036dc00000, 0x000000036dc00000, 0x000000036e000000|  0%| F|  |TAMS 0x000000036dc00000, 0x000000036dc00000| Untracked 
| 440|0x000000036e000000, 0x000000036e000000, 0x000000036e400000|  0%| F|  |TAMS 0x000000036e000000, 0x000000036e000000| Untracked 
| 441|0x000000036e400000, 0x000000036e400000, 0x000000036e800000|  0%| F|  |TAMS 0x000000036e400000, 0x000000036e400000| Untracked 
| 442|0x000000036e800000, 0x000000036e800000, 0x000000036ec00000|  0%| F|  |TAMS 0x000000036e800000, 0x000000036e800000| Untracked 
| 443|0x000000036ec00000, 0x000000036ec00000, 0x000000036f000000|  0%| F|  |TAMS 0x000000036ec00000, 0x000000036ec00000| Untracked 
| 444|0x000000036f000000, 0x000000036f000000, 0x000000036f400000|  0%| F|  |TAMS 0x000000036f000000, 0x000000036f000000| Untracked 
| 445|0x000000036f400000, 0x000000036f400000, 0x000000036f800000|  0%| F|  |TAMS 0x000000036f400000, 0x000000036f400000| Untracked 
| 446|0x000000036f800000, 0x000000036f800000, 0x000000036fc00000|  0%| F|  |TAMS 0x000000036f800000, 0x000000036f800000| Untracked 

Card table byte_map: [0x0000026c73730000,0x0000026c75f30000] _byte_map_base: 0x0000026c71f30000

Marking Bits (Prev, Next): (CMBitMap*) 0x0000026c594a8590, (CMBitMap*) 0x0000026c594a8558
 Prev Bits: [0x0000026c14000000, 0x0000026c28000000)
 Next Bits: [0x0000026c00000000, 0x0000026c14000000)

Polling page: 0x0000026c573d0000

Metaspace:

Usage:
  Non-class:     49.55 MB capacity,    48.51 MB ( 98%) used,   844.46 KB (  2%) free+waste,   224.00 KB ( <1%) overhead. 
      Class:      7.51 MB capacity,     6.77 MB ( 90%) used,   648.36 KB (  8%) free+waste,   113.19 KB (  1%) overhead. 
       Both:     57.07 MB capacity,    55.28 MB ( 97%) used,     1.46 MB (  3%) free+waste,   337.19 KB ( <1%) overhead. 

Virtual space:
  Non-class space:       50.00 MB reserved,      49.67 MB (>99%) committed 
      Class space:        1.00 GB reserved,       7.57 MB ( <1%) committed 
             Both:        1.05 GB reserved,      57.25 MB (  5%) committed 

Chunk freelists:
   Non-Class:  0 bytes
       Class:  0 bytes
        Both:  0 bytes

CodeHeap 'non-profiled nmethods': size=238336Kb used=11819Kb max_used=11819Kb free=226516Kb
 bounds [0x0000026c61f10000, 0x0000026c62aa0000, 0x0000026c707d0000]
CodeHeap 'non-nmethods': size=7424Kb used=1248Kb max_used=1248Kb free=6176Kb
 bounds [0x0000026c617d0000, 0x0000026c61a40000, 0x0000026c61f10000]
 total_blobs=7244 nmethods=6621 adapters=532
 compilation: enabled
              stopped_count=0, restarted_count=0
 full_count=0

Compilation events (10 events):
Event: 247.683 Thread 0x0000026c7bccc000 6617       1       com.mysql.cj.result.Field::getJavaType (8 bytes)
Event: 247.683 Thread 0x0000026c7bccc000 nmethod 6617 0x0000026c62a99490 code [0x0000026c62a99640, 0x0000026c62a99758]
Event: 247.683 Thread 0x0000026c7bccc000 6618       1       org.apache.ibatis.type.JdbcType::forCode (16 bytes)
Event: 247.683 Thread 0x0000026c7bccc000 nmethod 6618 0x0000026c62a99810 code [0x0000026c62a999e0, 0x0000026c62a99c10]
Event: 247.683 Thread 0x0000026c7bccc000 6619   !   1       com.mysql.cj.jdbc.result.ResultSetMetaData::getColumnClassName (75 bytes)
Event: 247.684 Thread 0x0000026c7bccc000 nmethod 6619 0x0000026c62a99d10 code [0x0000026c62a99f20, 0x0000026c62a9a230]
Event: 247.684 Thread 0x0000026c7bccc000 6620       1       com.mysql.cj.MysqlType::getClassName (18 bytes)
Event: 247.684 Thread 0x0000026c7bccc000 nmethod 6620 0x0000026c62a9a590 code [0x0000026c62a9a740, 0x0000026c62a9a8b0]
Event: 248.844 Thread 0x0000026c7bccc000 6621       1       com.mysql.cj.jdbc.ConnectionImpl::getPropertySet (5 bytes)
Event: 248.844 Thread 0x0000026c7bccc000 nmethod 6621 0x0000026c62a9a990 code [0x0000026c62a9ab40, 0x0000026c62a9ac58]

GC Heap History (10 events):
Event: 239.230 GC heap after
{Heap after GC invocations=52 (full 0):
 garbage-first heap   total 1028096K, used 421682K [0x0000000300000000, 0x0000000800000000)
  region size 4096K, 5 young (20480K), 5 survivors (20480K)
 Metaspace       used 56607K, capacity 58438K, committed 58620K, reserved 1099776K
  class space    used 6932K, capacity 7694K, committed 7756K, reserved 1048576K
}
Event: 239.867 GC heap before
{Heap before GC invocations=52 (full 0):
 garbage-first heap   total 1028096K, used 737074K [0x0000000300000000, 0x0000000800000000)
  region size 4096K, 82 young (335872K), 5 survivors (20480K)
 Metaspace       used 56607K, capacity 58438K, committed 58620K, reserved 1099776K
  class space    used 6932K, capacity 7694K, committed 7756K, reserved 1048576K
}
Event: 240.051 GC heap after
{Heap after GC invocations=53 (full 0):
 garbage-first heap   total 1830912K, used 429716K [0x0000000300000000, 0x0000000800000000)
  region size 4096K, 7 young (28672K), 7 survivors (28672K)
 Metaspace       used 56607K, capacity 58438K, committed 58620K, reserved 1099776K
  class space    used 6932K, capacity 7694K, committed 7756K, reserved 1048576K
}
Event: 243.341 GC heap before
{Heap before GC invocations=53 (full 0):
 garbage-first heap   total 1830912K, used 1445524K [0x0000000300000000, 0x0000000800000000)
  region size 4096K, 255 young (1044480K), 7 survivors (28672K)
 Metaspace       used 56607K, capacity 58438K, committed 58620K, reserved 1099776K
  class space    used 6932K, capacity 7694K, committed 7756K, reserved 1048576K
}
Event: 243.363 GC heap after
{Heap after GC invocations=54 (full 0):
 garbage-first heap   total 1830912K, used 494313K [0x0000000300000000, 0x0000000800000000)
  region size 4096K, 22 young (90112K), 22 survivors (90112K)
 Metaspace       used 56607K, capacity 58438K, committed 58620K, reserved 1099776K
  class space    used 6932K, capacity 7694K, committed 7756K, reserved 1048576K
}
Event: 245.457 GC heap before
{Heap before GC invocations=54 (full 0):
 garbage-first heap   total 1830912K, used 1444585K [0x0000000300000000, 0x0000000800000000)
  region size 4096K, 254 young (1040384K), 22 survivors (90112K)
 Metaspace       used 56607K, capacity 58438K, committed 58620K, reserved 1099776K
  class space    used 6932K, capacity 7694K, committed 7756K, reserved 1048576K
}
Event: 245.478 GC heap after
{Heap after GC invocations=55 (full 0):
 garbage-first heap   total 1830912K, used 524836K [0x0000000300000000, 0x0000000800000000)
  region size 4096K, 24 young (98304K), 24 survivors (98304K)
 Metaspace       used 56607K, capacity 58438K, committed 58620K, reserved 1099776K
  class space    used 6932K, capacity 7694K, committed 7756K, reserved 1048576K
}
Event: 248.547 GC heap before
{Heap before GC invocations=55 (full 0):
 garbage-first heap   total 1830912K, used 1475108K [0x0000000300000000, 0x0000000800000000)
  region size 4096K, 256 young (1048576K), 24 survivors (98304K)
 Metaspace       used 56607K, capacity 58438K, committed 58620K, reserved 1099776K
  class space    used 6932K, capacity 7694K, committed 7756K, reserved 1048576K
}
Event: 248.577 GC heap after
{Heap after GC invocations=56 (full 0):
 garbage-first heap   total 1830912K, used 591460K [0x0000000300000000, 0x0000000800000000)
  region size 4096K, 25 young (102400K), 25 survivors (102400K)
 Metaspace       used 56607K, capacity 58438K, committed 58620K, reserved 1099776K
  class space    used 6932K, capacity 7694K, committed 7756K, reserved 1048576K
}
Event: 250.523 GC heap before
{Heap before GC invocations=56 (full 0):
 garbage-first heap   total 1830912K, used 1476196K [0x0000000300000000, 0x0000000800000000)
  region size 4096K, 241 young (987136K), 25 survivors (102400K)
 Metaspace       used 56607K, capacity 58438K, committed 58620K, reserved 1099776K
  class space    used 6932K, capacity 7694K, committed 7756K, reserved 1048576K
}

Deoptimization events (0 events):
No events

Classes redefined (0 events):
No events

Internal exceptions (10 events):
Event: 4.917 Thread 0x0000026c5945b000 Exception <a 'java/lang/ClassNotFoundException'{0x000000031b5ed760}: org/springframework/web/multipart/support/StandardServletMultipartResolverCustomizer> (0x000000031b5ed760) thrown at [t:/workspace/open/src/hotspot/share/classfile/systemDictionary.cpp, 
Event: 4.917 Thread 0x0000026c5945b000 Exception <a 'java/lang/ClassNotFoundException'{0x000000031b610258}: org/springframework/web/multipart/MultipartResolverCustomizer> (0x000000031b610258) thrown at [t:/workspace/open/src/hotspot/share/classfile/systemDictionary.cpp, line 231]
Event: 4.926 Thread 0x0000026c5945b000 Exception <a 'java/lang/NoSuchMethodError'{0x000000031b7554c0}: java.lang.invoke.DirectMethodHandle$Holder.invokeSpecial(Ljava/lang/Object;Ljava/lang/Object;ILjava/lang/Object;ILjava/lang/Object;)Ljava/lang/Object;> (0x000000031b7554c0) thrown at [t:/work
Event: 4.926 Thread 0x0000026c5945b000 Exception <a 'java/lang/NoSuchMethodError'{0x000000031b75c9a0}: java.lang.invoke.DirectMethodHandle$Holder.invokeStatic(Ljava/lang/Object;Ljava/lang/Object;ILjava/lang/Object;I)Ljava/lang/Object;> (0x000000031b75c9a0) thrown at [t:/workspace/open/src/hots
Event: 4.926 Thread 0x0000026c5945b000 Exception <a 'java/lang/NoSuchMethodError'{0x000000031b760178}: java.lang.invoke.DirectMethodHandle$Holder.invokeSpecial(Ljava/lang/Object;Ljava/lang/Object;Ljava/lang/Object;ILjava/lang/Object;I)Ljava/lang/Object;> (0x000000031b760178) thrown at [t:/work
Event: 219.076 Thread 0x0000026c281d3800 Exception <a 'java/lang/NoSuchMethodError'{0x0000000318e47610}: java.lang.invoke.DirectMethodHandle$Holder.invokeSpecial(Ljava/lang/Object;Ljava/lang/Object;Ljava/lang/Object;Ljava/lang/Object;Ljava/lang/Object;Ljava/lang/Object;Ljava/lang/Object;)V> (0x0
Event: 221.450 Thread 0x0000026c281d3800 Exception <a 'java/lang/ClassNotFoundException'{0x00000003185af530}: java/lang/ObjectCustomizer> (0x00000003185af530) thrown at [t:/workspace/open/src/hotspot/share/classfile/systemDictionary.cpp, line 231]
Event: 221.451 Thread 0x0000026c281d3800 Exception <a 'java/lang/ClassNotFoundException'{0x00000003185d0d00}: com/domain/SectionPartsByVin2AggregateOptionIdCustomizer> (0x00000003185d0d00) thrown at [t:/workspace/open/src/hotspot/share/classfile/systemDictionary.cpp, line 231]
Event: 221.452 Thread 0x0000026c281d3800 Exception <a 'java/lang/ClassNotFoundException'{0x0000000318655618}: java/lang/ObjectCustomizer> (0x0000000318655618) thrown at [t:/workspace/open/src/hotspot/share/classfile/systemDictionary.cpp, line 231]
Event: 221.452 Thread 0x0000026c281d3800 Exception <a 'java/lang/ClassNotFoundException'{0x0000000318673428}: com/domain/SectionPartsByVin2Customizer> (0x0000000318673428) thrown at [t:/workspace/open/src/hotspot/share/classfile/systemDictionary.cpp, line 231]

Events (10 events):
Event: 239.230 Executing VM operation: G1CollectForAllocation done
Event: 239.867 Executing VM operation: G1CollectForAllocation
Event: 240.051 Executing VM operation: G1CollectForAllocation done
Event: 243.341 Executing VM operation: G1CollectForAllocation
Event: 243.363 Executing VM operation: G1CollectForAllocation done
Event: 245.457 Executing VM operation: G1CollectForAllocation
Event: 245.478 Executing VM operation: G1CollectForAllocation done
Event: 248.547 Executing VM operation: G1CollectForAllocation
Event: 248.577 Executing VM operation: G1CollectForAllocation done
Event: 250.523 Executing VM operation: G1CollectForAllocation


Dynamic libraries:
0x00007ff7b03b0000 - 0x00007ff7b03f7000 	C:\Program Files\Java\jdk-11.0.6\bin\java.exe
0x00007ffb55570000 - 0x00007ffb55768000 	C:\WINDOWS\SYSTEM32\ntdll.dll
0x00007ffb55460000 - 0x00007ffb55522000 	C:\WINDOWS\System32\KERNEL32.DLL
0x00007ffb52c10000 - 0x00007ffb52f0e000 	C:\WINDOWS\System32\KERNELBASE.dll
0x00007ffb54130000 - 0x00007ffb541e2000 	C:\WINDOWS\System32\ADVAPI32.dll
0x00007ffb53db0000 - 0x00007ffb53e4e000 	C:\WINDOWS\System32\msvcrt.dll
0x00007ffb535d0000 - 0x00007ffb53670000 	C:\WINDOWS\System32\sechost.dll
0x00007ffb53c80000 - 0x00007ffb53da3000 	C:\WINDOWS\System32\RPCRT4.dll
0x00007ffb534a0000 - 0x00007ffb534c7000 	C:\WINDOWS\System32\bcrypt.dll
0x00007ffb53f90000 - 0x00007ffb5412d000 	C:\WINDOWS\System32\USER32.dll
0x00007ffb53560000 - 0x00007ffb53582000 	C:\WINDOWS\System32\win32u.dll
0x00007ffb53590000 - 0x00007ffb535bb000 	C:\WINDOWS\System32\GDI32.dll
0x00007ffb53280000 - 0x00007ffb53397000 	C:\WINDOWS\System32\gdi32full.dll
0x00007ffb52f60000 - 0x00007ffb52ffd000 	C:\WINDOWS\System32\msvcp_win.dll
0x00007ffb533a0000 - 0x00007ffb534a0000 	C:\WINDOWS\System32\ucrtbase.dll
0x00007ffb471e0000 - 0x00007ffb4747a000 	C:\WINDOWS\WinSxS\amd64_microsoft.windows.common-controls_6595b64144ccf1df_6.0.19041.4355_none_60b8b9eb71f62e16\COMCTL32.dll
0x00007ffb4bce0000 - 0x00007ffb4bcea000 	C:\WINDOWS\SYSTEM32\VERSION.dll
0x00007ffb55290000 - 0x00007ffb552bf000 	C:\WINDOWS\System32\IMM32.DLL
0x00007ffb42f70000 - 0x00007ffb42f86000 	C:\Program Files\Java\jdk-11.0.6\bin\vcruntime140.dll
0x00007ffb364e0000 - 0x00007ffb3658a000 	C:\Program Files\Java\jdk-11.0.6\bin\msvcp140.dll
0x00007ffaaa3a0000 - 0x00007ffaaaec9000 	C:\Program Files\Java\jdk-11.0.6\bin\server\jvm.dll
0x00007ffb53e50000 - 0x00007ffb53e58000 	C:\WINDOWS\System32\PSAPI.DLL
0x00007ffb4f330000 - 0x00007ffb4f339000 	C:\WINDOWS\SYSTEM32\WSOCK32.dll
0x00007ffb47490000 - 0x00007ffb474b7000 	C:\WINDOWS\SYSTEM32\WINMM.dll
0x00007ffb55220000 - 0x00007ffb5528b000 	C:\WINDOWS\System32\WS2_32.dll
0x00007ffb51480000 - 0x00007ffb51492000 	C:\WINDOWS\SYSTEM32\kernel.appcore.dll
0x00007ffb3bbe0000 - 0x00007ffb3bbf1000 	C:\Program Files\Java\jdk-11.0.6\bin\verify.dll
0x00007ffb507f0000 - 0x00007ffb509d4000 	C:\WINDOWS\SYSTEM32\DBGHELP.DLL
0x00007ffb4b850000 - 0x00007ffb4b884000 	C:\WINDOWS\SYSTEM32\dbgcore.DLL
0x00007ffb534d0000 - 0x00007ffb53552000 	C:\WINDOWS\System32\bcryptPrimitives.dll
0x00007ffb39b00000 - 0x00007ffb39b29000 	C:\Program Files\Java\jdk-11.0.6\bin\java.dll
0x00007ffb383d0000 - 0x00007ffb383ff000 	C:\Program Files\Java\jdk-11.0.6\bin\instrument.dll
0x00007ffb3ba50000 - 0x00007ffb3ba66000 	C:\Program Files\Java\jdk-11.0.6\bin\zip.dll
0x00007ffb4e710000 - 0x00007ffb4e71a000 	C:\Program Files\Java\jdk-11.0.6\bin\jimage.dll
0x00007ffb546c0000 - 0x00007ffb54e2f000 	C:\WINDOWS\System32\SHELL32.dll
0x00007ffb50c50000 - 0x00007ffb513f4000 	C:\WINDOWS\SYSTEM32\windows.storage.dll
0x00007ffb54280000 - 0x00007ffb545d3000 	C:\WINDOWS\System32\combase.dll
0x00007ffb52570000 - 0x00007ffb5259e000 	C:\WINDOWS\SYSTEM32\Wldp.dll
0x00007ffb53e60000 - 0x00007ffb53f2d000 	C:\WINDOWS\System32\OLEAUT32.dll
0x00007ffb54e30000 - 0x00007ffb54edd000 	C:\WINDOWS\System32\SHCORE.dll
0x00007ffb53f30000 - 0x00007ffb53f85000 	C:\WINDOWS\System32\shlwapi.dll
0x00007ffb52b40000 - 0x00007ffb52b64000 	C:\WINDOWS\SYSTEM32\profapi.dll
0x00007ffb39320000 - 0x00007ffb39339000 	C:\Program Files\Java\jdk-11.0.6\bin\net.dll
0x00007ffb4c420000 - 0x00007ffb4c52d000 	C:\WINDOWS\SYSTEM32\WINHTTP.dll
0x00007ffb522d0000 - 0x00007ffb5233a000 	C:\WINDOWS\system32\mswsock.dll
0x00007ffb38a80000 - 0x00007ffb38a93000 	C:\Program Files\Java\jdk-11.0.6\bin\nio.dll
0x00007ffb383b0000 - 0x00007ffb383ca000 	C:\Program Files\JetBrains\IntelliJ IDEA 2023.1.2\bin\breakgen64.dll
0x00007ffb51ff0000 - 0x00007ffb520ba000 	C:\WINDOWS\SYSTEM32\DNSAPI.dll
0x00007ffb51fb0000 - 0x00007ffb51feb000 	C:\WINDOWS\SYSTEM32\IPHLPAPI.DLL
0x00007ffb535c0000 - 0x00007ffb535c8000 	C:\WINDOWS\System32\NSI.dll
0x00007ffb4c330000 - 0x00007ffb4c33a000 	C:\Windows\System32\rasadhlp.dll
0x00007ffb4be50000 - 0x00007ffb4bed0000 	C:\WINDOWS\System32\fwpuclnt.dll
0x00007ffb4c7c0000 - 0x00007ffb4c7c9000 	C:\Program Files\Java\jdk-11.0.6\bin\management.dll
0x00007ffb46b20000 - 0x00007ffb46b2c000 	C:\Program Files\Java\jdk-11.0.6\bin\management_ext.dll
0x00007ffb524d0000 - 0x00007ffb524e8000 	C:\WINDOWS\SYSTEM32\CRYPTSP.dll
0x00007ffb51bf0000 - 0x00007ffb51c24000 	C:\WINDOWS\system32\rsaenh.dll
0x00007ffb52b00000 - 0x00007ffb52b2e000 	C:\WINDOWS\SYSTEM32\USERENV.dll
0x00007ffb524c0000 - 0x00007ffb524cc000 	C:\WINDOWS\SYSTEM32\CRYPTBASE.dll
0x00007ffb4e070000 - 0x00007ffb4e087000 	C:\WINDOWS\SYSTEM32\dhcpcsvc6.DLL
0x00007ffb4e050000 - 0x00007ffb4e06d000 	C:\WINDOWS\SYSTEM32\dhcpcsvc.DLL
0x00007ffb44ea0000 - 0x00007ffb44eb7000 	C:\WINDOWS\system32\napinsp.dll
0x00007ffb44e80000 - 0x00007ffb44e9b000 	C:\WINDOWS\system32\pnrpnsp.dll
0x00007ffb44e60000 - 0x00007ffb44e75000 	C:\WINDOWS\system32\wshbth.dll
0x00007ffb4e380000 - 0x00007ffb4e39d000 	C:\WINDOWS\system32\NLAapi.dll
0x00007ffb44e10000 - 0x00007ffb44e22000 	C:\WINDOWS\System32\winrnr.dll
0x00007ffb46030000 - 0x00007ffb4603d000 	C:\Program Files\Java\jdk-11.0.6\bin\sunmscapi.dll
0x00007ffb530b0000 - 0x00007ffb5320c000 	C:\WINDOWS\System32\CRYPT32.dll
0x00007ffb525e0000 - 0x00007ffb52607000 	C:\WINDOWS\SYSTEM32\ncrypt.dll
0x00007ffb525a0000 - 0x00007ffb525db000 	C:\WINDOWS\SYSTEM32\NTASN1.dll
0x00007ffb36fb0000 - 0x00007ffb36fd7000 	C:\Program Files\Java\jdk-11.0.6\bin\sunec.dll

dbghelp: loaded successfully - version: 4.0.5 - missing functions: none
symbol engine: initialized successfully - sym options: 0x614 - pdb path: .;C:\Program Files\Java\jdk-11.0.6\bin;C:\WINDOWS\SYSTEM32;C:\WINDOWS\WinSxS\amd64_microsoft.windows.common-controls_6595b64144ccf1df_6.0.19041.4355_none_60b8b9eb71f62e16;C:\Program Files\Java\jdk-11.0.6\bin\server;C:\Program Files\JetBrains\IntelliJ IDEA 2023.1.2\bin

VM Arguments:
jvm_args: -Xmx20480m -XX:TieredStopAtLevel=1 -Xverify:none -Dspring.output.ansi.enabled=always -Dcom.sun.management.jmxremote -Dspring.jmx.enabled=true -Dspring.liveBeansView.mbeanDomain -Dspring.application.admin.enabled=true -Dmanagement.endpoints.jmx.exposure.include=* -javaagent:C:\Program Files\JetBrains\IntelliJ IDEA 2023.1.2\lib\idea_rt.jar=56072:C:\Program Files\JetBrains\IntelliJ IDEA 2023.1.2\bin -Dfile.encoding=UTF-8 
java_command: org.example.HpdEpcApplication
java_class_path (initial): C:\Users\admin\IdeaProjects\新建文件夹\HpdEpc - 副本4\target\classes;D:\apache-maven-3.9.2-bin\apache-maven-3.9.2\repository\com\fasterxml\jackson\core\jackson-databind\2.16.0\jackson-databind-2.16.0.jar;D:\apache-maven-3.9.2-bin\apache-maven-3.9.2\repository\com\fasterxml\jackson\core\jackson-annotations\2.16.0\jackson-annotations-2.16.0.jar;D:\apache-maven-3.9.2-bin\apache-maven-3.9.2\repository\com\fasterxml\jackson\core\jackson-core\2.16.0\jackson-core-2.16.0.jar;D:\apache-maven-3.9.2-bin\apache-maven-3.9.2\repository\com\google\code\gson\gson\2.10.1\gson-2.10.1.jar;D:\apache-maven-3.9.2-bin\apache-maven-3.9.2\repository\commons-io\commons-io\2.15.1\commons-io-2.15.1.jar;D:\apache-maven-3.9.2-bin\apache-maven-3.9.2\repository\org\mybatis\spring\boot\mybatis-spring-boot-starter\2.3.0\mybatis-spring-boot-starter-2.3.0.jar;D:\apache-maven-3.9.2-bin\apache-maven-3.9.2\repository\org\springframework\boot\spring-boot-starter\2.7.6\spring-boot-starter-2.7.6.jar;D:\apache-maven-3.9.2-bin\apache-maven-3.9.2\repository\org\springframework\boot\spring-boot\2.7.6\spring-boot-2.7.6.jar;D:\apache-maven-3.9.2-bin\apache-maven-3.9.2\repository\org\springframework\boot\spring-boot-autoconfigure\2.7.6\spring-boot-autoconfigure-2.7.6.jar;D:\apache-maven-3.9.2-bin\apache-maven-3.9.2\repository\org\springframework\boot\spring-boot-starter-logging\2.7.6\spring-boot-starter-logging-2.7.6.jar;D:\apache-maven-3.9.2-bin\apache-maven-3.9.2\repository\ch\qos\logback\logback-classic\1.2.11\logback-classic-1.2.11.jar;D:\apache-maven-3.9.2-bin\apache-maven-3.9.2\repository\ch\qos\logback\logback-core\1.2.11\logback-core-1.2.11.jar;D:\apache-maven-3.9.2-bin\apache-maven-3.9.2\repository\org\apache\logging\log4j\log4j-to-slf4j\2.17.2\log4j-to-slf4j-2.17.2.jar;D:\apache-maven-3.9.2-bin\apache-maven-3.9.2\repository\org\slf4j\jul-to-slf4j\1.7.36\jul-to-slf4j-1.7.36.jar;D:\apache-maven-3.9.2-bin\apache-maven-3.9.2\repository\jakarta\annotation\jakarta.annotation-api\1.
Launcher Type: SUN_STANDARD

[Global flags]
     bool BytecodeVerificationLocal                = false                                     {product} {command line}
     bool BytecodeVerificationRemote               = false                                     {product} {command line}
     intx CICompilerCount                          = 4                                         {product} {ergonomic}
     uint ConcGCThreads                            = 3                                         {product} {ergonomic}
     uint G1ConcRefinementThreads                  = 10                                        {product} {ergonomic}
   size_t G1HeapRegionSize                         = 4194304                                   {product} {ergonomic}
    uintx GCDrainStackTargetSize                   = 64                                        {product} {ergonomic}
   size_t InitialHeapSize                          = 536870912                                 {product} {ergonomic}
     bool ManagementServer                         = true                                      {product} {command line}
   size_t MarkStackSize                            = 4194304                                   {product} {ergonomic}
   size_t MaxHeapSize                              = 21474836480                               {product} {command line}
   size_t MaxNewSize                               = 12884901888                               {product} {ergonomic}
   size_t MinHeapDeltaBytes                        = 4194304                                   {product} {ergonomic}
    uintx NonNMethodCodeHeapSize                   = 7549744                                {pd product} {ergonomic}
    uintx NonProfiledCodeHeapSize                  = 244108496                              {pd product} {ergonomic}
    uintx ProfiledCodeHeapSize                     = 0                                      {pd product} {ergonomic}
    uintx ReservedCodeCacheSize                    = 251658240                              {pd product} {ergonomic}
     bool SegmentedCodeCache                       = true                                      {product} {ergonomic}
     intx TieredStopAtLevel                        = 1                                         {product} {command line}
     bool UseCompressedClassPointers               = true                                 {lp64_product} {ergonomic}
     bool UseCompressedOops                        = true                                 {lp64_product} {ergonomic}
     bool UseG1GC                                  = true                                      {product} {ergonomic}
     bool UseLargePagesIndividualAllocation        = false                                  {pd product} {ergonomic}

Logging:
Log output configuration:
 #0: stdout all=warning uptime,level,tags
 #1: stderr all=off uptime,level,tags

Environment Variables:
JAVA_HOME=C:\Program Files\Java\jdk1.8.0_202
PATH=D:\nodejs\node_modules\yarn\bin;D:\vmware\bin\;C:\WINDOWS\system32;C:\WINDOWS;C:\WINDOWS\System32\Wbem;C:\WINDOWS\System32\WindowsPowerShell\v1.0\;C:\WINDOWS\System32\OpenSSH\;C:\Program Files (x86)\Microsoft SQL Server\160\Tools\Binn\;C:\Program Files\Microsoft SQL Server\160\Tools\Binn\;C:\Program Files\Microsoft SQL Server\Client SDK\ODBC\170\Tools\Binn\;C:\Program Files\Microsoft SQL Server\160\DTS\Binn\;C:\Program Files (x86)\Microsoft SQL Server\160\DTS\Binn\;D:\apache-maven-3.9.2-bin\apache-maven-3.9.2\bin;C:\Program Files\Java\jdk1.8.0_202\bin;D:\Git\cmd;C:\Program Files\Microsoft SQL Server\130\Tools\Binn\;C:\Program Files\dotnet\;D:\spark\spark-3.4.1-bin-hadoop3\bin;C:\Program Files\Java\jdk1.8.0_202\jre\bin;D:\hive\apache-hive-3.1.2-bin\bin;C:\Users\admin\AppData\Local\Programs\Python\Python311\bin;D:\nvm\nvm;D:\nodejs;C:\Users\admin\AppData\Local\Programs\Python\Python311\Scripts\;C:\Users\admin\AppData\Local\Programs\Python\Python311\;C:\Users\admin\AppData\Local\Microsoft\WindowsApps;C:\Program Files\Azure Data Studio\bin;C:\Users\admin\.dotnet\tools;C:\Users\admin\AppData\Local\Coursier\data\bin;C:\Users\admin\AppData\Roaming\npm;D:\vscode\Microsoft VS Code\bin;D:\nvm\nvm;D:\nodejs;C:\Users\admin\AppData\Local\Yarn\bin;D:\pycharm\PyCharm 2024.2.3\bin;
USERNAME=admin
OS=Windows_NT
PROCESSOR_IDENTIFIER=AMD64 Family 23 Model 113 Stepping 0, AuthenticAMD



---------------  S Y S T E M  ---------------

OS: Windows 10 , 64 bit Build 19041 (10.0.19041.4957)

CPU:total 12 (initial active 12) (12 cores per cpu, 2 threads per core) family 23 model 113 stepping 0, cmov, cx8, fxsr, mmx, sse, sse2, sse3, ssse3, sse4.1, sse4.2, popcnt, avx, avx2, aes, clmul, mmxext, 3dnowpref, lzcnt, sse4a, ht, tsc, tscinvbit, tscinv, bmi1, bmi2, adx, sha, fma

Memory: 4k page, system-wide physical 32716M (5688M free)
TotalPageFile size 51973M (AvailPageFile size 1167M)
current process WorkingSet (physical memory assigned to process): 1904M, peak: 1904M
current process commit charge ("private bytes"): 2032M, peak: 3820M

vm_info: Java HotSpot(TM) 64-Bit Server VM (11.0.6+8-LTS) for windows-amd64 JRE (11.0.6+8-LTS), built on Dec 11 2019 09:17:57 by "mach5one" with MS VC++ 15.5 (VS2017)

END.
