#
# There is insufficient memory for the Java Runtime Environment to continue.
# Native memory allocation (mmap) failed to map 536870912 bytes for Failed to commit area from 0x0000000300000000 to 0x0000000320000000 of length 536870912.
# Possible reasons:
#   The system is out of physical RAM or swap space
#   The process is running with CompressedOops enabled, and the Java Heap may be blocking the growth of the native heap
# Possible solutions:
#   Reduce memory load on the system
#   Increase physical memory or swap space
#   Check if swap backing store is full
#   Decrease Java heap size (-Xmx/-Xms)
#   Decrease number of Java threads
#   Decrease Java thread stack sizes (-Xss)
#   Set larger code cache with -XX:ReservedCodeCacheSize=
# This output file may be truncated or incomplete.
#
#  Out of Memory Error (t:/workspace/open/src/hotspot/os/windows/os_windows.cpp:3271), pid=48100, tid=28212
#
# JRE version:  (11.0.6+8) (build )
# Java VM: Java HotSpot(TM) 64-Bit Server VM (11.0.6+8-LTS, mixed mode, sharing, tiered, compressed oops, g1 gc, windows-amd64)
# No core dump will be written. Minidumps are not enabled by default on client versions of Windows
#

---------------  S U M M A R Y ------------

Command Line: -Xmx20480m -XX:TieredStopAtLevel=1 -Xverify:none -Dspring.output.ansi.enabled=always -Dcom.sun.management.jmxremote -Dspring.jmx.enabled=true -Dspring.liveBeansView.mbeanDomain -Dspring.application.admin.enabled=true -Dmanagement.endpoints.jmx.exposure.include=* -javaagent:C:\Program Files\JetBrains\IntelliJ IDEA 2023.1.2\lib\idea_rt.jar=60159:C:\Program Files\JetBrains\IntelliJ IDEA 2023.1.2\bin -Dfile.encoding=UTF-8 org.example.HpdEpcApplication

Host: AMD Ryzen 5 3600X 6-Core Processor             , 12 cores, 31G,  Windows 10 , 64 bit Build 19041 (10.0.19041.4717)
Time: Thu Aug 22 20:39:23 2024 中国标准时间 elapsed time: 0 seconds (0d 0h 0m 0s)

---------------  T H R E A D  ---------------

Current thread (0x000001f0c5bbe800):  JavaThread "Unknown thread" [_thread_in_vm, id=28212, stack(0x000000d948100000,0x000000d948200000)]

Stack: [0x000000d948100000,0x000000d948200000]
Native frames: (J=compiled Java code, j=interpreted, Vv=VM code, C=native code)
V  [jvm.dll+0x63679a]
V  [jvm.dll+0x7755bf]
V  [jvm.dll+0x776c65]
V  [jvm.dll+0x7772d3]
V  [jvm.dll+0x25e7f8]
V  [jvm.dll+0x633c4a]
V  [jvm.dll+0x628625]
V  [jvm.dll+0x314a7c]
V  [jvm.dll+0x314902]
V  [jvm.dll+0x31a176]
V  [jvm.dll+0x36650f]
V  [jvm.dll+0x365f30]
V  [jvm.dll+0x2f1a78]
V  [jvm.dll+0x2f2bf6]
V  [jvm.dll+0x74e707]
V  [jvm.dll+0x74fe7f]
V  [jvm.dll+0x373349]
V  [jvm.dll+0x734e5e]
V  [jvm.dll+0x3e2b5d]
V  [jvm.dll+0x3e4ef1]
C  [java.exe+0x3607]
C  [java.exe+0x178dc]
C  [KERNEL32.DLL+0x17374]
C  [ntdll.dll+0x4cc91]


---------------  P R O C E S S  ---------------

Threads class SMR info:
_java_thread_list=0x000001f0c3a516f0, length=0, elements={
}

Java Threads: ( => current thread )

Other Threads:
  0x000001f0c5bd5800 GCTaskThread "GC Thread#0" [stack: 0x000000d948200000,0x000000d948300000] [id=7064]
  0x000001f0c5c1b800 ConcurrentGCThread "G1 Main Marker" [stack: 0x000000d948300000,0x000000d948400000] [id=49232]
  0x000001f0c5c1d000 ConcurrentGCThread "G1 Conc#0" [stack: 0x000000d948400000,0x000000d948500000] [id=19104]

[error occurred during error reporting (printing all threads), id 0xc0000005, EXCEPTION_ACCESS_VIOLATION (0xc0000005) at pc=0x00007ffe67910207]

VM state:not at safepoint (not fully initialized)

VM Mutex/Monitor currently owned by a thread:  ([mutex/lock_event])
[0x000001f0c5bbb750] Heap_lock - owner thread: 0x000001f0c5bbe800

Heap address: 0x0000000300000000, size: 20480 MB, Compressed Oops mode: Non-zero based: 0x0000000300000000
Narrow klass base: 0x0000000000000000, Narrow klass shift: 0

GC Heap History (0 events):
No events

Deoptimization events (0 events):
No events

Classes redefined (0 events):
No events

Internal exceptions (0 events):
No events

Events (0 events):
No events


Dynamic libraries:
0x00007ff647100000 - 0x00007ff647147000 	C:\Program Files\Java\jdk-11.0.6\bin\java.exe
0x00007fff0f6f0000 - 0x00007fff0f8e8000 	C:\WINDOWS\SYSTEM32\ntdll.dll
0x00007fff0df30000 - 0x00007fff0dff1000 	C:\WINDOWS\System32\KERNEL32.DLL
0x00007fff0cf90000 - 0x00007fff0d28d000 	C:\WINDOWS\System32\KERNELBASE.dll
0x00007fff0f240000 - 0x00007fff0f2f0000 	C:\WINDOWS\System32\ADVAPI32.dll
0x00007fff0de90000 - 0x00007fff0df2e000 	C:\WINDOWS\System32\msvcrt.dll
0x00007fff0f040000 - 0x00007fff0f0e0000 	C:\WINDOWS\System32\sechost.dll
0x00007fff0e1c0000 - 0x00007fff0e2e3000 	C:\WINDOWS\System32\RPCRT4.dll
0x00007fff0cec0000 - 0x00007fff0cee7000 	C:\WINDOWS\System32\bcrypt.dll
0x00007fff0ead0000 - 0x00007fff0ec6d000 	C:\WINDOWS\System32\USER32.dll
0x00007fff0d440000 - 0x00007fff0d462000 	C:\WINDOWS\System32\win32u.dll
0x00007fff0f430000 - 0x00007fff0f45b000 	C:\WINDOWS\System32\GDI32.dll
0x00007fff0cda0000 - 0x00007fff0ceb7000 	C:\WINDOWS\System32\gdi32full.dll
0x00007fff0cef0000 - 0x00007fff0cf8d000 	C:\WINDOWS\System32\msvcp_win.dll
0x00007fff0d470000 - 0x00007fff0d570000 	C:\WINDOWS\System32\ucrtbase.dll
0x00007fff01e20000 - 0x00007fff020ba000 	C:\WINDOWS\WinSxS\amd64_microsoft.windows.common-controls_6595b64144ccf1df_6.0.19041.4355_none_60b8b9eb71f62e16\COMCTL32.dll
0x00007fff05cd0000 - 0x00007fff05cda000 	C:\WINDOWS\SYSTEM32\VERSION.dll
0x00007fff0e000000 - 0x00007fff0e02f000 	C:\WINDOWS\System32\IMM32.DLL
0x00007ffef0740000 - 0x00007ffef0756000 	C:\Program Files\Java\jdk-11.0.6\bin\vcruntime140.dll
0x00007ffe68140000 - 0x00007ffe681ea000 	C:\Program Files\Java\jdk-11.0.6\bin\msvcp140.dll
0x00007ffe67610000 - 0x00007ffe68139000 	C:\Program Files\Java\jdk-11.0.6\bin\server\jvm.dll
0x00007fff0f4f0000 - 0x00007fff0f4f8000 	C:\WINDOWS\System32\PSAPI.DLL
0x00007fff020f0000 - 0x00007fff02117000 	C:\WINDOWS\SYSTEM32\WINMM.dll
0x00007fff008e0000 - 0x00007fff008e9000 	C:\WINDOWS\SYSTEM32\WSOCK32.dll
0x00007fff0efd0000 - 0x00007fff0f03b000 	C:\WINDOWS\System32\WS2_32.dll
0x00007fff0b600000 - 0x00007fff0b612000 	C:\WINDOWS\SYSTEM32\kernel.appcore.dll
0x00007ffef0e30000 - 0x00007ffef0e41000 	C:\Program Files\Java\jdk-11.0.6\bin\verify.dll
0x00007fff0b120000 - 0x00007fff0b304000 	C:\WINDOWS\SYSTEM32\DBGHELP.DLL
0x00007fff06310000 - 0x00007fff06344000 	C:\WINDOWS\SYSTEM32\dbgcore.DLL
0x00007fff0d570000 - 0x00007fff0d5f2000 	C:\WINDOWS\System32\bcryptPrimitives.dll
0x00007ffe6ca80000 - 0x00007ffe6caa9000 	C:\Program Files\Java\jdk-11.0.6\bin\java.dll
0x00007fff090c0000 - 0x00007fff090ef000 	C:\Program Files\Java\jdk-11.0.6\bin\instrument.dll
0x00007ffef0850000 - 0x00007ffef0866000 	C:\Program Files\Java\jdk-11.0.6\bin\zip.dll
0x00007ffef6510000 - 0x00007ffef651a000 	C:\Program Files\Java\jdk-11.0.6\bin\jimage.dll

dbghelp: loaded successfully - version: 4.0.5 - missing functions: none
symbol engine: initialized successfully - sym options: 0x614 - pdb path: .;C:\Program Files\Java\jdk-11.0.6\bin;C:\WINDOWS\SYSTEM32;C:\WINDOWS\WinSxS\amd64_microsoft.windows.common-controls_6595b64144ccf1df_6.0.19041.4355_none_60b8b9eb71f62e16;C:\Program Files\Java\jdk-11.0.6\bin\server

VM Arguments:
jvm_args: -Xmx20480m -XX:TieredStopAtLevel=1 -Xverify:none -Dspring.output.ansi.enabled=always -Dcom.sun.management.jmxremote -Dspring.jmx.enabled=true -Dspring.liveBeansView.mbeanDomain -Dspring.application.admin.enabled=true -Dmanagement.endpoints.jmx.exposure.include=* -javaagent:C:\Program Files\JetBrains\IntelliJ IDEA 2023.1.2\lib\idea_rt.jar=60159:C:\Program Files\JetBrains\IntelliJ IDEA 2023.1.2\bin -Dfile.encoding=UTF-8 
java_command: org.example.HpdEpcApplication
java_class_path (initial): C:\Users\admin\IdeaProjects\HpdEpc - 副本\target\classes;D:\apache-maven-3.9.2-bin\apache-maven-3.9.2\repository\com\fasterxml\jackson\core\jackson-databind\2.16.0\jackson-databind-2.16.0.jar;D:\apache-maven-3.9.2-bin\apache-maven-3.9.2\repository\com\fasterxml\jackson\core\jackson-annotations\2.16.0\jackson-annotations-2.16.0.jar;D:\apache-maven-3.9.2-bin\apache-maven-3.9.2\repository\com\fasterxml\jackson\core\jackson-core\2.16.0\jackson-core-2.16.0.jar;D:\apache-maven-3.9.2-bin\apache-maven-3.9.2\repository\com\google\code\gson\gson\2.10.1\gson-2.10.1.jar;D:\apache-maven-3.9.2-bin\apache-maven-3.9.2\repository\commons-io\commons-io\2.15.1\commons-io-2.15.1.jar;D:\apache-maven-3.9.2-bin\apache-maven-3.9.2\repository\org\mybatis\spring\boot\mybatis-spring-boot-starter\2.3.0\mybatis-spring-boot-starter-2.3.0.jar;D:\apache-maven-3.9.2-bin\apache-maven-3.9.2\repository\org\springframework\boot\spring-boot-starter\2.7.6\spring-boot-starter-2.7.6.jar;D:\apache-maven-3.9.2-bin\apache-maven-3.9.2\repository\org\springframework\boot\spring-boot\2.7.6\spring-boot-2.7.6.jar;D:\apache-maven-3.9.2-bin\apache-maven-3.9.2\repository\org\springframework\boot\spring-boot-autoconfigure\2.7.6\spring-boot-autoconfigure-2.7.6.jar;D:\apache-maven-3.9.2-bin\apache-maven-3.9.2\repository\org\springframework\boot\spring-boot-starter-logging\2.7.6\spring-boot-starter-logging-2.7.6.jar;D:\apache-maven-3.9.2-bin\apache-maven-3.9.2\repository\ch\qos\logback\logback-classic\1.2.11\logback-classic-1.2.11.jar;D:\apache-maven-3.9.2-bin\apache-maven-3.9.2\repository\ch\qos\logback\logback-core\1.2.11\logback-core-1.2.11.jar;D:\apache-maven-3.9.2-bin\apache-maven-3.9.2\repository\org\apache\logging\log4j\log4j-to-slf4j\2.17.2\log4j-to-slf4j-2.17.2.jar;D:\apache-maven-3.9.2-bin\apache-maven-3.9.2\repository\org\slf4j\jul-to-slf4j\1.7.36\jul-to-slf4j-1.7.36.jar;D:\apache-maven-3.9.2-bin\apache-maven-3.9.2\repository\jakarta\annotation\jakarta.annotation-api\1.3.5\jakarta.
Launcher Type: SUN_STANDARD

[Global flags]
     bool BytecodeVerificationLocal                = false                                     {product} {command line}
     bool BytecodeVerificationRemote               = false                                     {product} {command line}
     intx CICompilerCount                          = 4                                         {product} {ergonomic}
     uint ConcGCThreads                            = 3                                         {product} {ergonomic}
     uint G1ConcRefinementThreads                  = 10                                        {product} {ergonomic}
   size_t G1HeapRegionSize                         = 4194304                                   {product} {ergonomic}
    uintx GCDrainStackTargetSize                   = 64                                        {product} {ergonomic}
   size_t InitialHeapSize                          = 536870912                                 {product} {ergonomic}
     bool ManagementServer                         = true                                      {product} {command line}
   size_t MarkStackSize                            = 4194304                                   {product} {ergonomic}
   size_t MaxHeapSize                              = 21474836480                               {product} {command line}
   size_t MinHeapDeltaBytes                        = 4194304                                   {product} {ergonomic}
    uintx NonNMethodCodeHeapSize                   = 7549744                                {pd product} {ergonomic}
    uintx NonProfiledCodeHeapSize                  = 244108496                              {pd product} {ergonomic}
    uintx ProfiledCodeHeapSize                     = 0                                      {pd product} {ergonomic}
    uintx ReservedCodeCacheSize                    = 251658240                              {pd product} {ergonomic}
     bool SegmentedCodeCache                       = true                                      {product} {ergonomic}
     intx TieredStopAtLevel                        = 1                                         {product} {command line}
     bool UseCompressedClassPointers               = true                                 {lp64_product} {ergonomic}
     bool UseCompressedOops                        = true                                 {lp64_product} {ergonomic}
     bool UseG1GC                                  = true                                      {product} {ergonomic}
     bool UseLargePagesIndividualAllocation        = false                                  {pd product} {ergonomic}

Logging:
Log output configuration:
 #0: stdout all=warning uptime,level,tags
 #1: stderr all=off uptime,level,tags

Environment Variables:
JAVA_HOME=C:\Program Files\Java\jdk1.8.0_202
PATH=D:\nodejs\node_modules\yarn\bin;D:\vmware\bin\;C:\WINDOWS\system32;C:\WINDOWS;C:\WINDOWS\System32\Wbem;C:\WINDOWS\System32\WindowsPowerShell\v1.0\;C:\WINDOWS\System32\OpenSSH\;C:\Program Files (x86)\Microsoft SQL Server\160\Tools\Binn\;C:\Program Files\Microsoft SQL Server\160\Tools\Binn\;C:\Program Files\Microsoft SQL Server\Client SDK\ODBC\170\Tools\Binn\;C:\Program Files\Microsoft SQL Server\160\DTS\Binn\;C:\Program Files (x86)\Microsoft SQL Server\160\DTS\Binn\;C:\Program Files\Azure Data Studio\bin;D:\apache-maven-3.9.2-bin\apache-maven-3.9.2\bin;C:\Program Files\Java\jdk1.8.0_202\bin;D:\Git\cmd;C:\Program Files\Microsoft SQL Server\130\Tools\Binn\;C:\Program Files\dotnet\;D:\spark\spark-3.4.1-bin-hadoop3\bin;C:\Program Files\Java\jdk1.8.0_202\jre\bin;D:\hive\apache-hive-3.1.2-bin\bin;C:\Users\admin\AppData\Local\Programs\Python\Python311\bin;D:\nvm\nvm;D:\nodejs;C:\Users\admin\AppData\Local\Programs\Python\Python311\Scripts\;C:\Users\admin\AppData\Local\Programs\Python\Python311\;C:\Users\admin\AppData\Local\Microsoft\WindowsApps;C:\Program Files\Azure Data Studio\bin;C:\Users\admin\.dotnet\tools;C:\Users\admin\AppData\Local\Coursier\data\bin;C:\Users\admin\AppData\Roaming\npm;D:\vscode\Microsoft VS Code\bin;D:\nvm\nvm;D:\nodejs;C:\Users\admin\AppData\Local\Yarn\bin
USERNAME=admin
OS=Windows_NT
PROCESSOR_IDENTIFIER=AMD64 Family 23 Model 113 Stepping 0, AuthenticAMD



---------------  S Y S T E M  ---------------

OS: Windows 10 , 64 bit Build 19041 (10.0.19041.4717)

CPU:total 12 (initial active 12) (12 cores per cpu, 2 threads per core) family 23 model 113 stepping 0, cmov, cx8, fxsr, mmx, sse, sse2, sse3, ssse3, sse4.1, sse4.2, popcnt, avx, avx2, aes, clmul, mmxext, 3dnowpref, lzcnt, sse4a, ht, tsc, tscinvbit, tscinv, bmi1, bmi2, adx, sha, fma

Memory: 4k page, system-wide physical 32716M (4258M free)
TotalPageFile size 52372M (AvailPageFile size 503M)
current process WorkingSet (physical memory assigned to process): 11M, peak: 11M
current process commit charge ("private bytes"): 63M, peak: 575M

vm_info: Java HotSpot(TM) 64-Bit Server VM (11.0.6+8-LTS) for windows-amd64 JRE (11.0.6+8-LTS), built on Dec 11 2019 09:17:57 by "mach5one" with MS VC++ 15.5 (VS2017)

END.
